[1.093s] Invoking command in '/home/umair/ros2-esp32-mobile-robot/src/py_udp_sender': PYTHONPATH=/home/umair/ros2-esp32-mobile-robot/build/py_udp_sender/prefix_override:/usr/lib/python3/dist-packages/colcon_core/task/python/colcon_distutils_commands:/home/umair/ros2-esp32-mobile-robot/install/py_udp_sender/lib/python3.10/site-packages:${PYTHONPATH} /usr/bin/python3 -W ignore:setup.py install is deprecated -W ignore:easy_install command is deprecated setup.py egg_info --egg-base ../../build/py_udp_sender build --build-base /home/umair/ros2-esp32-mobile-robot/build/py_udp_sender/build install --record /home/umair/ros2-esp32-mobile-robot/build/py_udp_sender/install.log --single-version-externally-managed install_data
[1.381s] running egg_info
[1.381s] writing ../../build/py_udp_sender/py_udp_sender.egg-info/PKG-INFO
[1.382s] writing dependency_links to ../../build/py_udp_sender/py_udp_sender.egg-info/dependency_links.txt
[1.382s] writing entry points to ../../build/py_udp_sender/py_udp_sender.egg-info/entry_points.txt
[1.382s] writing requirements to ../../build/py_udp_sender/py_udp_sender.egg-info/requires.txt
[1.382s] writing top-level names to ../../build/py_udp_sender/py_udp_sender.egg-info/top_level.txt
[1.384s] reading manifest file '../../build/py_udp_sender/py_udp_sender.egg-info/SOURCES.txt'
[1.385s] adding license file 'LICENSE'
[1.385s] writing manifest file '../../build/py_udp_sender/py_udp_sender.egg-info/SOURCES.txt'
[1.385s] running build
[1.385s] running build_py
[1.386s] running install
[1.386s] running install_lib
[1.387s] running install_data
[1.387s] running install_egg_info
[1.389s] removing '/home/umair/ros2-esp32-mobile-robot/install/py_udp_sender/lib/python3.10/site-packages/py_udp_sender-0.0.0-py3.10.egg-info' (and everything under it)
[1.390s] Copying ../../build/py_udp_sender/py_udp_sender.egg-info to /home/umair/ros2-esp32-mobile-robot/install/py_udp_sender/lib/python3.10/site-packages/py_udp_sender-0.0.0-py3.10.egg-info
[1.391s] running install_scripts
[1.413s] Installing receiver script to /home/umair/ros2-esp32-mobile-robot/install/py_udp_sender/lib/py_udp_sender
[1.413s] Installing sender script to /home/umair/ros2-esp32-mobile-robot/install/py_udp_sender/lib/py_udp_sender
[1.414s] writing list of installed files to '/home/umair/ros2-esp32-mobile-robot/build/py_udp_sender/install.log'
[1.449s] Invoked command in '/home/umair/ros2-esp32-mobile-robot/src/py_udp_sender' returned '0': PYTHONPATH=/home/umair/ros2-esp32-mobile-robot/build/py_udp_sender/prefix_override:/usr/lib/python3/dist-packages/colcon_core/task/python/colcon_distutils_commands:/home/umair/ros2-esp32-mobile-robot/install/py_udp_sender/lib/python3.10/site-packages:${PYTHONPATH} /usr/bin/python3 -W ignore:setup.py install is deprecated -W ignore:easy_install command is deprecated setup.py egg_info --egg-base ../../build/py_udp_sender build --build-base /home/umair/ros2-esp32-mobile-robot/build/py_udp_sender/build install --record /home/umair/ros2-esp32-mobile-robot/build/py_udp_sender/install.log --single-version-externally-managed install_data
