[0.014s] Invoking command in '/home/umair/ros2-esp32-mobile-robot/build/custom_interfaces': CMAKE_PREFIX_PATH=${CMAKE_PREFIX_PATH}:/home/umair/ros2-esp32-mobile-robot/src/install/py_udp_sender:/home/umair/ros2-esp32-mobile-robot/src/install/pu_udp_communication:/opt/ros/humble /usr/bin/cmake --build /home/umair/ros2-esp32-mobile-robot/build/custom_interfaces -- -j12 -l12
[0.080s] [  9%] Built target custom_interfaces__cpp
[0.080s] [ 12%] Built target custom_interfaces__rs
[0.081s] [ 15%] Built target custom_interfaces__rosidl_generator_c
[0.097s] [ 15%] Built target ament_cmake_python_copy_custom_interfaces
[0.111s] [ 25%] Built target custom_interfaces__rosidl_typesupport_introspection_cpp
[0.112s] [ 34%] Built target custom_interfaces__rosidl_typesupport_fastrtps_cpp
[0.112s] [ 43%] Built target custom_interfaces__rosidl_typesupport_cpp
[0.126s] [ 71%] Built target custom_interfaces__rosidl_typesupport_fastrtps_c
[0.126s] [ 71%] Built target custom_interfaces__rosidl_typesupport_c
[0.126s] [ 71%] Built target custom_interfaces__rosidl_typesupport_introspection_c
[0.155s] [ 71%] Built target custom_interfaces
[0.182s] [ 75%] Built target custom_interfaces__py
[0.213s] [ 81%] Built target custom_interfaces__rosidl_generator_py
[0.243s] [ 93%] Built target custom_interfaces__rosidl_typesupport_c__pyext
[0.244s] [ 93%] Built target custom_interfaces__rosidl_typesupport_introspection_c__pyext
[0.244s] [100%] Built target custom_interfaces__rosidl_typesupport_fastrtps_c__pyext
[0.408s] running egg_info
[0.408s] writing custom_interfaces.egg-info/PKG-INFO
[0.408s] writing dependency_links to custom_interfaces.egg-info/dependency_links.txt
[0.409s] writing top-level names to custom_interfaces.egg-info/top_level.txt
[0.412s] reading manifest file 'custom_interfaces.egg-info/SOURCES.txt'
[0.413s] writing manifest file 'custom_interfaces.egg-info/SOURCES.txt'
[0.442s] [100%] Built target ament_cmake_python_build_custom_interfaces_egg
[0.458s] Invoked command in '/home/umair/ros2-esp32-mobile-robot/build/custom_interfaces' returned '0': CMAKE_PREFIX_PATH=${CMAKE_PREFIX_PATH}:/home/umair/ros2-esp32-mobile-robot/src/install/py_udp_sender:/home/umair/ros2-esp32-mobile-robot/src/install/pu_udp_communication:/opt/ros/humble /usr/bin/cmake --build /home/umair/ros2-esp32-mobile-robot/build/custom_interfaces -- -j12 -l12
[0.472s] Invoking command in '/home/umair/ros2-esp32-mobile-robot/build/custom_interfaces': CMAKE_PREFIX_PATH=${CMAKE_PREFIX_PATH}:/home/umair/ros2-esp32-mobile-robot/src/install/py_udp_sender:/home/umair/ros2-esp32-mobile-robot/src/install/pu_udp_communication:/opt/ros/humble /usr/bin/cmake --install /home/umair/ros2-esp32-mobile-robot/build/custom_interfaces
[0.482s] -- Install configuration: ""
[0.482s] -- Up-to-date: /home/umair/ros2-esp32-mobile-robot/install/custom_interfaces/share/ament_index/resource_index/rosidl_interfaces/custom_interfaces
[0.482s] -- Up-to-date: /home/umair/ros2-esp32-mobile-robot/install/custom_interfaces/include/custom_interfaces/custom_interfaces
[0.482s] -- Up-to-date: /home/umair/ros2-esp32-mobile-robot/install/custom_interfaces/include/custom_interfaces/custom_interfaces/msg
[0.482s] -- Up-to-date: /home/umair/ros2-esp32-mobile-robot/install/custom_interfaces/include/custom_interfaces/custom_interfaces/msg/rosidl_generator_c__visibility_control.h
[0.482s] -- Up-to-date: /home/umair/ros2-esp32-mobile-robot/install/custom_interfaces/include/custom_interfaces/custom_interfaces/msg/detail
[0.483s] -- Up-to-date: /home/umair/ros2-esp32-mobile-robot/install/custom_interfaces/include/custom_interfaces/custom_interfaces/msg/detail/encoder_data__functions.c
[0.483s] -- Up-to-date: /home/umair/ros2-esp32-mobile-robot/install/custom_interfaces/include/custom_interfaces/custom_interfaces/msg/detail/encoder_data__functions.h
[0.483s] -- Up-to-date: /home/umair/ros2-esp32-mobile-robot/install/custom_interfaces/include/custom_interfaces/custom_interfaces/msg/detail/encoder_data__struct.h
[0.483s] -- Up-to-date: /home/umair/ros2-esp32-mobile-robot/install/custom_interfaces/include/custom_interfaces/custom_interfaces/msg/detail/encoder_data__type_support.h
[0.483s] -- Up-to-date: /home/umair/ros2-esp32-mobile-robot/install/custom_interfaces/include/custom_interfaces/custom_interfaces/msg/encoder_data.h
[0.483s] -- Up-to-date: /home/umair/ros2-esp32-mobile-robot/install/custom_interfaces/share/custom_interfaces/environment/library_path.sh
[0.483s] -- Up-to-date: /home/umair/ros2-esp32-mobile-robot/install/custom_interfaces/share/custom_interfaces/environment/library_path.dsv
[0.483s] -- Up-to-date: /home/umair/ros2-esp32-mobile-robot/install/custom_interfaces/lib/libcustom_interfaces__rosidl_generator_c.so
[0.484s] -- Up-to-date: /home/umair/ros2-esp32-mobile-robot/install/custom_interfaces/include/custom_interfaces/custom_interfaces
[0.484s] -- Up-to-date: /home/umair/ros2-esp32-mobile-robot/install/custom_interfaces/include/custom_interfaces/custom_interfaces/msg
[0.484s] -- Up-to-date: /home/umair/ros2-esp32-mobile-robot/install/custom_interfaces/include/custom_interfaces/custom_interfaces/msg/detail
[0.484s] -- Up-to-date: /home/umair/ros2-esp32-mobile-robot/install/custom_interfaces/include/custom_interfaces/custom_interfaces/msg/detail/encoder_data__rosidl_typesupport_fastrtps_c.h
[0.484s] -- Up-to-date: /home/umair/ros2-esp32-mobile-robot/install/custom_interfaces/include/custom_interfaces/custom_interfaces/msg/rosidl_typesupport_fastrtps_c__visibility_control.h
[0.485s] -- Up-to-date: /home/umair/ros2-esp32-mobile-robot/install/custom_interfaces/lib/libcustom_interfaces__rosidl_typesupport_fastrtps_c.so
[0.485s] -- Up-to-date: /home/umair/ros2-esp32-mobile-robot/install/custom_interfaces/include/custom_interfaces/custom_interfaces
[0.485s] -- Up-to-date: /home/umair/ros2-esp32-mobile-robot/install/custom_interfaces/include/custom_interfaces/custom_interfaces/msg
[0.485s] -- Up-to-date: /home/umair/ros2-esp32-mobile-robot/install/custom_interfaces/include/custom_interfaces/custom_interfaces/msg/detail
[0.485s] -- Up-to-date: /home/umair/ros2-esp32-mobile-robot/install/custom_interfaces/include/custom_interfaces/custom_interfaces/msg/detail/encoder_data__type_support.c
[0.485s] -- Up-to-date: /home/umair/ros2-esp32-mobile-robot/install/custom_interfaces/include/custom_interfaces/custom_interfaces/msg/detail/encoder_data__rosidl_typesupport_introspection_c.h
[0.485s] -- Up-to-date: /home/umair/ros2-esp32-mobile-robot/install/custom_interfaces/include/custom_interfaces/custom_interfaces/msg/rosidl_typesupport_introspection_c__visibility_control.h
[0.486s] -- Up-to-date: /home/umair/ros2-esp32-mobile-robot/install/custom_interfaces/lib/libcustom_interfaces__rosidl_typesupport_introspection_c.so
[0.486s] -- Up-to-date: /home/umair/ros2-esp32-mobile-robot/install/custom_interfaces/lib/libcustom_interfaces__rosidl_typesupport_c.so
[0.487s] -- Up-to-date: /home/umair/ros2-esp32-mobile-robot/install/custom_interfaces/include/custom_interfaces/custom_interfaces
[0.487s] -- Up-to-date: /home/umair/ros2-esp32-mobile-robot/install/custom_interfaces/include/custom_interfaces/custom_interfaces/msg
[0.487s] -- Up-to-date: /home/umair/ros2-esp32-mobile-robot/install/custom_interfaces/include/custom_interfaces/custom_interfaces/msg/rosidl_generator_cpp__visibility_control.hpp
[0.487s] -- Up-to-date: /home/umair/ros2-esp32-mobile-robot/install/custom_interfaces/include/custom_interfaces/custom_interfaces/msg/detail
[0.487s] -- Up-to-date: /home/umair/ros2-esp32-mobile-robot/install/custom_interfaces/include/custom_interfaces/custom_interfaces/msg/detail/encoder_data__type_support.hpp
[0.487s] -- Up-to-date: /home/umair/ros2-esp32-mobile-robot/install/custom_interfaces/include/custom_interfaces/custom_interfaces/msg/detail/encoder_data__struct.hpp
[0.487s] -- Up-to-date: /home/umair/ros2-esp32-mobile-robot/install/custom_interfaces/include/custom_interfaces/custom_interfaces/msg/detail/encoder_data__builder.hpp
[0.487s] -- Up-to-date: /home/umair/ros2-esp32-mobile-robot/install/custom_interfaces/include/custom_interfaces/custom_interfaces/msg/detail/encoder_data__traits.hpp
[0.487s] -- Up-to-date: /home/umair/ros2-esp32-mobile-robot/install/custom_interfaces/include/custom_interfaces/custom_interfaces/msg/encoder_data.hpp
[0.487s] -- Up-to-date: /home/umair/ros2-esp32-mobile-robot/install/custom_interfaces/include/custom_interfaces/custom_interfaces
[0.487s] -- Up-to-date: /home/umair/ros2-esp32-mobile-robot/install/custom_interfaces/include/custom_interfaces/custom_interfaces/msg
[0.487s] -- Up-to-date: /home/umair/ros2-esp32-mobile-robot/install/custom_interfaces/include/custom_interfaces/custom_interfaces/msg/detail
[0.488s] -- Up-to-date: /home/umair/ros2-esp32-mobile-robot/install/custom_interfaces/include/custom_interfaces/custom_interfaces/msg/detail/encoder_data__rosidl_typesupport_fastrtps_cpp.hpp
[0.488s] -- Up-to-date: /home/umair/ros2-esp32-mobile-robot/install/custom_interfaces/include/custom_interfaces/custom_interfaces/msg/detail/dds_fastrtps
[0.488s] -- Up-to-date: /home/umair/ros2-esp32-mobile-robot/install/custom_interfaces/include/custom_interfaces/custom_interfaces/msg/rosidl_typesupport_fastrtps_cpp__visibility_control.h
[0.488s] -- Up-to-date: /home/umair/ros2-esp32-mobile-robot/install/custom_interfaces/lib/libcustom_interfaces__rosidl_typesupport_fastrtps_cpp.so
[0.488s] -- Up-to-date: /home/umair/ros2-esp32-mobile-robot/install/custom_interfaces/include/custom_interfaces/custom_interfaces
[0.488s] -- Up-to-date: /home/umair/ros2-esp32-mobile-robot/install/custom_interfaces/include/custom_interfaces/custom_interfaces/msg
[0.488s] -- Up-to-date: /home/umair/ros2-esp32-mobile-robot/install/custom_interfaces/include/custom_interfaces/custom_interfaces/msg/detail
[0.488s] -- Up-to-date: /home/umair/ros2-esp32-mobile-robot/install/custom_interfaces/include/custom_interfaces/custom_interfaces/msg/detail/encoder_data__type_support.cpp
[0.488s] -- Up-to-date: /home/umair/ros2-esp32-mobile-robot/install/custom_interfaces/include/custom_interfaces/custom_interfaces/msg/detail/encoder_data__rosidl_typesupport_introspection_cpp.hpp
[0.489s] -- Up-to-date: /home/umair/ros2-esp32-mobile-robot/install/custom_interfaces/lib/libcustom_interfaces__rosidl_typesupport_introspection_cpp.so
[0.490s] -- Up-to-date: /home/umair/ros2-esp32-mobile-robot/install/custom_interfaces/lib/libcustom_interfaces__rosidl_typesupport_cpp.so
[0.490s] -- Up-to-date: /home/umair/ros2-esp32-mobile-robot/install/custom_interfaces/share/custom_interfaces/environment/pythonpath.sh
[0.490s] -- Up-to-date: /home/umair/ros2-esp32-mobile-robot/install/custom_interfaces/share/custom_interfaces/environment/pythonpath.dsv
[0.490s] -- Up-to-date: /home/umair/ros2-esp32-mobile-robot/install/custom_interfaces/local/lib/python3.10/dist-packages/custom_interfaces-0.0.0-py3.10.egg-info
[0.490s] -- Installing: /home/umair/ros2-esp32-mobile-robot/install/custom_interfaces/local/lib/python3.10/dist-packages/custom_interfaces-0.0.0-py3.10.egg-info/top_level.txt
[0.490s] -- Installing: /home/umair/ros2-esp32-mobile-robot/install/custom_interfaces/local/lib/python3.10/dist-packages/custom_interfaces-0.0.0-py3.10.egg-info/PKG-INFO
[0.490s] -- Installing: /home/umair/ros2-esp32-mobile-robot/install/custom_interfaces/local/lib/python3.10/dist-packages/custom_interfaces-0.0.0-py3.10.egg-info/SOURCES.txt
[0.491s] -- Installing: /home/umair/ros2-esp32-mobile-robot/install/custom_interfaces/local/lib/python3.10/dist-packages/custom_interfaces-0.0.0-py3.10.egg-info/dependency_links.txt
[0.491s] -- Up-to-date: /home/umair/ros2-esp32-mobile-robot/install/custom_interfaces/local/lib/python3.10/dist-packages/custom_interfaces
[0.491s] -- Up-to-date: /home/umair/ros2-esp32-mobile-robot/install/custom_interfaces/local/lib/python3.10/dist-packages/custom_interfaces/custom_interfaces_s__rosidl_typesupport_introspection_c.cpython-310-x86_64-linux-gnu.so
[0.491s] -- Up-to-date: /home/umair/ros2-esp32-mobile-robot/install/custom_interfaces/local/lib/python3.10/dist-packages/custom_interfaces/_custom_interfaces_s.ep.rosidl_typesupport_c.c
[0.491s] -- Up-to-date: /home/umair/ros2-esp32-mobile-robot/install/custom_interfaces/local/lib/python3.10/dist-packages/custom_interfaces/libcustom_interfaces__rosidl_generator_py.so
[0.491s] -- Up-to-date: /home/umair/ros2-esp32-mobile-robot/install/custom_interfaces/local/lib/python3.10/dist-packages/custom_interfaces/_custom_interfaces_s.ep.rosidl_typesupport_fastrtps_c.c
[0.491s] -- Up-to-date: /home/umair/ros2-esp32-mobile-robot/install/custom_interfaces/local/lib/python3.10/dist-packages/custom_interfaces/custom_interfaces_s__rosidl_typesupport_fastrtps_c.cpython-310-x86_64-linux-gnu.so
[0.491s] -- Up-to-date: /home/umair/ros2-esp32-mobile-robot/install/custom_interfaces/local/lib/python3.10/dist-packages/custom_interfaces/_custom_interfaces_s.ep.rosidl_typesupport_introspection_c.c
[0.491s] -- Up-to-date: /home/umair/ros2-esp32-mobile-robot/install/custom_interfaces/local/lib/python3.10/dist-packages/custom_interfaces/__init__.py
[0.491s] -- Up-to-date: /home/umair/ros2-esp32-mobile-robot/install/custom_interfaces/local/lib/python3.10/dist-packages/custom_interfaces/custom_interfaces_s__rosidl_typesupport_c.cpython-310-x86_64-linux-gnu.so
[0.491s] -- Up-to-date: /home/umair/ros2-esp32-mobile-robot/install/custom_interfaces/local/lib/python3.10/dist-packages/custom_interfaces/msg
[0.491s] -- Up-to-date: /home/umair/ros2-esp32-mobile-robot/install/custom_interfaces/local/lib/python3.10/dist-packages/custom_interfaces/msg/_encoder_data.py
[0.492s] -- Up-to-date: /home/umair/ros2-esp32-mobile-robot/install/custom_interfaces/local/lib/python3.10/dist-packages/custom_interfaces/msg/__init__.py
[0.492s] -- Up-to-date: /home/umair/ros2-esp32-mobile-robot/install/custom_interfaces/local/lib/python3.10/dist-packages/custom_interfaces/msg/_encoder_data_s.c
[0.526s] Listing '/home/umair/ros2-esp32-mobile-robot/install/custom_interfaces/local/lib/python3.10/dist-packages/custom_interfaces'...
[0.526s] Listing '/home/umair/ros2-esp32-mobile-robot/install/custom_interfaces/local/lib/python3.10/dist-packages/custom_interfaces/msg'...
[0.532s] -- Up-to-date: /home/umair/ros2-esp32-mobile-robot/install/custom_interfaces/local/lib/python3.10/dist-packages/custom_interfaces/custom_interfaces_s__rosidl_typesupport_fastrtps_c.cpython-310-x86_64-linux-gnu.so
[0.533s] -- Up-to-date: /home/umair/ros2-esp32-mobile-robot/install/custom_interfaces/local/lib/python3.10/dist-packages/custom_interfaces/custom_interfaces_s__rosidl_typesupport_introspection_c.cpython-310-x86_64-linux-gnu.so
[0.534s] -- Up-to-date: /home/umair/ros2-esp32-mobile-robot/install/custom_interfaces/local/lib/python3.10/dist-packages/custom_interfaces/custom_interfaces_s__rosidl_typesupport_c.cpython-310-x86_64-linux-gnu.so
[0.534s] -- Up-to-date: /home/umair/ros2-esp32-mobile-robot/install/custom_interfaces/lib/libcustom_interfaces__rosidl_generator_py.so
[0.535s] -- Up-to-date: /home/umair/ros2-esp32-mobile-robot/install/custom_interfaces/share/ament_index/resource_index/rust_packages/custom_interfaces
[0.535s] -- Up-to-date: /home/umair/ros2-esp32-mobile-robot/install/custom_interfaces/share/custom_interfaces/rust
[0.535s] -- Up-to-date: /home/umair/ros2-esp32-mobile-robot/install/custom_interfaces/share/custom_interfaces/rust/Cargo.toml
[0.535s] -- Up-to-date: /home/umair/ros2-esp32-mobile-robot/install/custom_interfaces/share/custom_interfaces/rust/src
[0.535s] -- Up-to-date: /home/umair/ros2-esp32-mobile-robot/install/custom_interfaces/share/custom_interfaces/rust/src/msg.rs
[0.535s] -- Up-to-date: /home/umair/ros2-esp32-mobile-robot/install/custom_interfaces/share/custom_interfaces/rust/src/lib.rs
[0.535s] -- Up-to-date: /home/umair/ros2-esp32-mobile-robot/install/custom_interfaces/share/custom_interfaces/rust/src/msg
[0.535s] -- Up-to-date: /home/umair/ros2-esp32-mobile-robot/install/custom_interfaces/share/custom_interfaces/rust/src/msg/rmw.rs
[0.535s] -- Up-to-date: /home/umair/ros2-esp32-mobile-robot/install/custom_interfaces/share/custom_interfaces/rust/build.rs
[0.536s] -- Up-to-date: /home/umair/ros2-esp32-mobile-robot/install/custom_interfaces/share/custom_interfaces/msg/EncoderData.idl
[0.536s] -- Up-to-date: /home/umair/ros2-esp32-mobile-robot/install/custom_interfaces/share/custom_interfaces/msg/EncoderData.msg
[0.536s] -- Up-to-date: /home/umair/ros2-esp32-mobile-robot/install/custom_interfaces/share/ament_index/resource_index/package_run_dependencies/custom_interfaces
[0.536s] -- Up-to-date: /home/umair/ros2-esp32-mobile-robot/install/custom_interfaces/share/ament_index/resource_index/parent_prefix_path/custom_interfaces
[0.536s] -- Up-to-date: /home/umair/ros2-esp32-mobile-robot/install/custom_interfaces/share/custom_interfaces/environment/ament_prefix_path.sh
[0.536s] -- Up-to-date: /home/umair/ros2-esp32-mobile-robot/install/custom_interfaces/share/custom_interfaces/environment/ament_prefix_path.dsv
[0.536s] -- Up-to-date: /home/umair/ros2-esp32-mobile-robot/install/custom_interfaces/share/custom_interfaces/environment/path.sh
[0.536s] -- Up-to-date: /home/umair/ros2-esp32-mobile-robot/install/custom_interfaces/share/custom_interfaces/environment/path.dsv
[0.536s] -- Up-to-date: /home/umair/ros2-esp32-mobile-robot/install/custom_interfaces/share/custom_interfaces/local_setup.bash
[0.536s] -- Up-to-date: /home/umair/ros2-esp32-mobile-robot/install/custom_interfaces/share/custom_interfaces/local_setup.sh
[0.536s] -- Up-to-date: /home/umair/ros2-esp32-mobile-robot/install/custom_interfaces/share/custom_interfaces/local_setup.zsh
[0.536s] -- Up-to-date: /home/umair/ros2-esp32-mobile-robot/install/custom_interfaces/share/custom_interfaces/local_setup.dsv
[0.536s] -- Installing: /home/umair/ros2-esp32-mobile-robot/install/custom_interfaces/share/custom_interfaces/package.dsv
[0.536s] -- Up-to-date: /home/umair/ros2-esp32-mobile-robot/install/custom_interfaces/share/ament_index/resource_index/packages/custom_interfaces
[0.536s] -- Up-to-date: /home/umair/ros2-esp32-mobile-robot/install/custom_interfaces/share/custom_interfaces/cmake/export_custom_interfaces__rosidl_generator_cExport.cmake
[0.537s] -- Up-to-date: /home/umair/ros2-esp32-mobile-robot/install/custom_interfaces/share/custom_interfaces/cmake/export_custom_interfaces__rosidl_generator_cExport-noconfig.cmake
[0.537s] -- Up-to-date: /home/umair/ros2-esp32-mobile-robot/install/custom_interfaces/share/custom_interfaces/cmake/export_custom_interfaces__rosidl_typesupport_fastrtps_cExport.cmake
[0.537s] -- Up-to-date: /home/umair/ros2-esp32-mobile-robot/install/custom_interfaces/share/custom_interfaces/cmake/export_custom_interfaces__rosidl_typesupport_fastrtps_cExport-noconfig.cmake
[0.538s] -- Up-to-date: /home/umair/ros2-esp32-mobile-robot/install/custom_interfaces/share/custom_interfaces/cmake/custom_interfaces__rosidl_typesupport_introspection_cExport.cmake
[0.538s] -- Up-to-date: /home/umair/ros2-esp32-mobile-robot/install/custom_interfaces/share/custom_interfaces/cmake/custom_interfaces__rosidl_typesupport_introspection_cExport-noconfig.cmake
[0.539s] -- Up-to-date: /home/umair/ros2-esp32-mobile-robot/install/custom_interfaces/share/custom_interfaces/cmake/custom_interfaces__rosidl_typesupport_cExport.cmake
[0.539s] -- Up-to-date: /home/umair/ros2-esp32-mobile-robot/install/custom_interfaces/share/custom_interfaces/cmake/custom_interfaces__rosidl_typesupport_cExport-noconfig.cmake
[0.539s] -- Up-to-date: /home/umair/ros2-esp32-mobile-robot/install/custom_interfaces/share/custom_interfaces/cmake/export_custom_interfaces__rosidl_generator_cppExport.cmake
[0.540s] -- Up-to-date: /home/umair/ros2-esp32-mobile-robot/install/custom_interfaces/share/custom_interfaces/cmake/export_custom_interfaces__rosidl_typesupport_fastrtps_cppExport.cmake
[0.540s] -- Up-to-date: /home/umair/ros2-esp32-mobile-robot/install/custom_interfaces/share/custom_interfaces/cmake/export_custom_interfaces__rosidl_typesupport_fastrtps_cppExport-noconfig.cmake
[0.540s] -- Up-to-date: /home/umair/ros2-esp32-mobile-robot/install/custom_interfaces/share/custom_interfaces/cmake/custom_interfaces__rosidl_typesupport_introspection_cppExport.cmake
[0.541s] -- Up-to-date: /home/umair/ros2-esp32-mobile-robot/install/custom_interfaces/share/custom_interfaces/cmake/custom_interfaces__rosidl_typesupport_introspection_cppExport-noconfig.cmake
[0.541s] -- Up-to-date: /home/umair/ros2-esp32-mobile-robot/install/custom_interfaces/share/custom_interfaces/cmake/custom_interfaces__rosidl_typesupport_cppExport.cmake
[0.541s] -- Up-to-date: /home/umair/ros2-esp32-mobile-robot/install/custom_interfaces/share/custom_interfaces/cmake/custom_interfaces__rosidl_typesupport_cppExport-noconfig.cmake
[0.542s] -- Up-to-date: /home/umair/ros2-esp32-mobile-robot/install/custom_interfaces/share/custom_interfaces/cmake/export_custom_interfaces__rosidl_generator_pyExport.cmake
[0.542s] -- Up-to-date: /home/umair/ros2-esp32-mobile-robot/install/custom_interfaces/share/custom_interfaces/cmake/export_custom_interfaces__rosidl_generator_pyExport-noconfig.cmake
[0.542s] -- Up-to-date: /home/umair/ros2-esp32-mobile-robot/install/custom_interfaces/share/custom_interfaces/cmake/rosidl_cmake-extras.cmake
[0.542s] -- Up-to-date: /home/umair/ros2-esp32-mobile-robot/install/custom_interfaces/share/custom_interfaces/cmake/ament_cmake_export_include_directories-extras.cmake
[0.542s] -- Up-to-date: /home/umair/ros2-esp32-mobile-robot/install/custom_interfaces/share/custom_interfaces/cmake/ament_cmake_export_libraries-extras.cmake
[0.542s] -- Up-to-date: /home/umair/ros2-esp32-mobile-robot/install/custom_interfaces/share/custom_interfaces/cmake/ament_cmake_export_targets-extras.cmake
[0.542s] -- Up-to-date: /home/umair/ros2-esp32-mobile-robot/install/custom_interfaces/share/custom_interfaces/cmake/rosidl_cmake_export_typesupport_targets-extras.cmake
[0.543s] -- Up-to-date: /home/umair/ros2-esp32-mobile-robot/install/custom_interfaces/share/custom_interfaces/cmake/ament_cmake_export_dependencies-extras.cmake
[0.543s] -- Up-to-date: /home/umair/ros2-esp32-mobile-robot/install/custom_interfaces/share/custom_interfaces/cmake/rosidl_cmake_export_typesupport_libraries-extras.cmake
[0.543s] -- Up-to-date: /home/umair/ros2-esp32-mobile-robot/install/custom_interfaces/share/custom_interfaces/cmake/custom_interfacesConfig.cmake
[0.543s] -- Up-to-date: /home/umair/ros2-esp32-mobile-robot/install/custom_interfaces/share/custom_interfaces/cmake/custom_interfacesConfig-version.cmake
[0.543s] -- Up-to-date: /home/umair/ros2-esp32-mobile-robot/install/custom_interfaces/share/custom_interfaces/package.xml
[0.546s] Invoked command in '/home/umair/ros2-esp32-mobile-robot/build/custom_interfaces' returned '0': CMAKE_PREFIX_PATH=${CMAKE_PREFIX_PATH}:/home/umair/ros2-esp32-mobile-robot/src/install/py_udp_sender:/home/umair/ros2-esp32-mobile-robot/src/install/pu_udp_communication:/opt/ros/humble /usr/bin/cmake --install /home/umair/ros2-esp32-mobile-robot/build/custom_interfaces
