[0.601s] Invoking command in '/home/umair/ros2-esp32-mobile-robot/src/py_udp_sender': PYTHONPATH=/home/umair/ros2-esp32-mobile-robot/build/py_udp_sender/prefix_override:/usr/lib/python3/dist-packages/colcon_core/task/python/colcon_distutils_commands:/home/umair/ros2-esp32-mobile-robot/install/py_udp_sender/lib/python3.10/site-packages:${PYTHONPATH} /usr/bin/python3 -W ignore:setup.py install is deprecated -W ignore:easy_install command is deprecated setup.py egg_info --egg-base ../../build/py_udp_sender build --build-base /home/umair/ros2-esp32-mobile-robot/build/py_udp_sender/build install --record /home/umair/ros2-esp32-mobile-robot/build/py_udp_sender/install.log --single-version-externally-managed install_data
[0.794s] running egg_info
[0.794s] writing ../../build/py_udp_sender/py_udp_sender.egg-info/PKG-INFO
[0.795s] writing dependency_links to ../../build/py_udp_sender/py_udp_sender.egg-info/dependency_links.txt
[0.795s] writing entry points to ../../build/py_udp_sender/py_udp_sender.egg-info/entry_points.txt
[0.795s] writing requirements to ../../build/py_udp_sender/py_udp_sender.egg-info/requires.txt
[0.795s] writing top-level names to ../../build/py_udp_sender/py_udp_sender.egg-info/top_level.txt
[0.796s] reading manifest file '../../build/py_udp_sender/py_udp_sender.egg-info/SOURCES.txt'
[0.797s] adding license file 'LICENSE'
[0.797s] writing manifest file '../../build/py_udp_sender/py_udp_sender.egg-info/SOURCES.txt'
[0.797s] running build
[0.797s] running build_py
[0.797s] copying py_udp_sender/py_udp_receiver.py -> /home/umair/ros2-esp32-mobile-robot/build/py_udp_sender/build/lib/py_udp_sender
[0.797s] copying py_udp_sender/py_udp_sender.py -> /home/umair/ros2-esp32-mobile-robot/build/py_udp_sender/build/lib/py_udp_sender
[0.798s] running install
[0.798s] running install_lib
[0.799s] copying /home/umair/ros2-esp32-mobile-robot/build/py_udp_sender/build/lib/py_udp_sender/py_udp_receiver.py -> /home/umair/ros2-esp32-mobile-robot/install/py_udp_sender/lib/python3.10/site-packages/py_udp_sender
[0.799s] copying /home/umair/ros2-esp32-mobile-robot/build/py_udp_sender/build/lib/py_udp_sender/py_udp_sender.py -> /home/umair/ros2-esp32-mobile-robot/install/py_udp_sender/lib/python3.10/site-packages/py_udp_sender
[0.799s] byte-compiling /home/umair/ros2-esp32-mobile-robot/install/py_udp_sender/lib/python3.10/site-packages/py_udp_sender/py_udp_receiver.py to py_udp_receiver.cpython-310.pyc
[0.800s] byte-compiling /home/umair/ros2-esp32-mobile-robot/install/py_udp_sender/lib/python3.10/site-packages/py_udp_sender/py_udp_sender.py to py_udp_sender.cpython-310.pyc
[0.800s] running install_data
[0.800s] running install_egg_info
[0.801s] removing '/home/umair/ros2-esp32-mobile-robot/install/py_udp_sender/lib/python3.10/site-packages/py_udp_sender-0.0.0-py3.10.egg-info' (and everything under it)
[0.802s] Copying ../../build/py_udp_sender/py_udp_sender.egg-info to /home/umair/ros2-esp32-mobile-robot/install/py_udp_sender/lib/python3.10/site-packages/py_udp_sender-0.0.0-py3.10.egg-info
[0.803s] running install_scripts
[0.819s] Installing receiver script to /home/umair/ros2-esp32-mobile-robot/install/py_udp_sender/lib/py_udp_sender
[0.819s] Installing sender script to /home/umair/ros2-esp32-mobile-robot/install/py_udp_sender/lib/py_udp_sender
[0.819s] writing list of installed files to '/home/umair/ros2-esp32-mobile-robot/build/py_udp_sender/install.log'
[0.841s] Invoked command in '/home/umair/ros2-esp32-mobile-robot/src/py_udp_sender' returned '0': PYTHONPATH=/home/umair/ros2-esp32-mobile-robot/build/py_udp_sender/prefix_override:/usr/lib/python3/dist-packages/colcon_core/task/python/colcon_distutils_commands:/home/umair/ros2-esp32-mobile-robot/install/py_udp_sender/lib/python3.10/site-packages:${PYTHONPATH} /usr/bin/python3 -W ignore:setup.py install is deprecated -W ignore:easy_install command is deprecated setup.py egg_info --egg-base ../../build/py_udp_sender build --build-base /home/umair/ros2-esp32-mobile-robot/build/py_udp_sender/build install --record /home/umair/ros2-esp32-mobile-robot/build/py_udp_sender/install.log --single-version-externally-managed install_data
