running egg_info
writing ../../build/py_udp_sender/py_udp_sender.egg-info/PKG-INFO
writing dependency_links to ../../build/py_udp_sender/py_udp_sender.egg-info/dependency_links.txt
writing entry points to ../../build/py_udp_sender/py_udp_sender.egg-info/entry_points.txt
writing requirements to ../../build/py_udp_sender/py_udp_sender.egg-info/requires.txt
writing top-level names to ../../build/py_udp_sender/py_udp_sender.egg-info/top_level.txt
reading manifest file '../../build/py_udp_sender/py_udp_sender.egg-info/SOURCES.txt'
adding license file 'LICENSE'
writing manifest file '../../build/py_udp_sender/py_udp_sender.egg-info/SOURCES.txt'
running build
running build_py
running install
running install_lib
running install_data
copying package.xml -> /home/umair/ros2-esp32-mobile-robot/install/py_udp_sender/share/py_udp_sender
running install_egg_info
removing '/home/umair/ros2-esp32-mobile-robot/install/py_udp_sender/lib/python3.10/site-packages/py_udp_sender-0.0.0-py3.10.egg-info' (and everything under it)
Copying ../../build/py_udp_sender/py_udp_sender.egg-info to /home/umair/ros2-esp32-mobile-robot/install/py_udp_sender/lib/python3.10/site-packages/py_udp_sender-0.0.0-py3.10.egg-info
running install_scripts
Installing receiver script to /home/umair/ros2-esp32-mobile-robot/install/py_udp_sender/lib/py_udp_sender
Installing sender script to /home/umair/ros2-esp32-mobile-robot/install/py_udp_sender/lib/py_udp_sender
writing list of installed files to '/home/umair/ros2-esp32-mobile-robot/build/py_udp_sender/install.log'
