[0.750s] Invoking command in '/home/umair/ros2-esp32-mobile-robot/src/py_udp_sender': PYTHONPATH=/home/umair/ros2-esp32-mobile-robot/build/py_udp_sender/prefix_override:/usr/lib/python3/dist-packages/colcon_core/task/python/colcon_distutils_commands:/home/umair/ros2-esp32-mobile-robot/install/py_udp_sender/lib/python3.10/site-packages:${PYTHONPATH} /usr/bin/python3 -W ignore:setup.py install is deprecated -W ignore:easy_install command is deprecated setup.py egg_info --egg-base ../../build/py_udp_sender build --build-base /home/umair/ros2-esp32-mobile-robot/build/py_udp_sender/build install --record /home/umair/ros2-esp32-mobile-robot/build/py_udp_sender/install.log --single-version-externally-managed install_data
[1.041s] running egg_info
[1.042s] writing ../../build/py_udp_sender/py_udp_sender.egg-info/PKG-INFO
[1.042s] writing dependency_links to ../../build/py_udp_sender/py_udp_sender.egg-info/dependency_links.txt
[1.042s] writing entry points to ../../build/py_udp_sender/py_udp_sender.egg-info/entry_points.txt
[1.042s] writing requirements to ../../build/py_udp_sender/py_udp_sender.egg-info/requires.txt
[1.042s] writing top-level names to ../../build/py_udp_sender/py_udp_sender.egg-info/top_level.txt
[1.045s] reading manifest file '../../build/py_udp_sender/py_udp_sender.egg-info/SOURCES.txt'
[1.045s] adding license file 'LICENSE'
[1.046s] writing manifest file '../../build/py_udp_sender/py_udp_sender.egg-info/SOURCES.txt'
[1.046s] running build
[1.046s] running build_py
[1.046s] running install
[1.046s] running install_lib
[1.048s] running install_data
[1.048s] copying package.xml -> /home/umair/ros2-esp32-mobile-robot/install/py_udp_sender/share/py_udp_sender
[1.048s] running install_egg_info
[1.050s] removing '/home/umair/ros2-esp32-mobile-robot/install/py_udp_sender/lib/python3.10/site-packages/py_udp_sender-0.0.0-py3.10.egg-info' (and everything under it)
[1.050s] Copying ../../build/py_udp_sender/py_udp_sender.egg-info to /home/umair/ros2-esp32-mobile-robot/install/py_udp_sender/lib/python3.10/site-packages/py_udp_sender-0.0.0-py3.10.egg-info
[1.052s] running install_scripts
[1.073s] Installing receiver script to /home/umair/ros2-esp32-mobile-robot/install/py_udp_sender/lib/py_udp_sender
[1.073s] Installing sender script to /home/umair/ros2-esp32-mobile-robot/install/py_udp_sender/lib/py_udp_sender
[1.074s] writing list of installed files to '/home/umair/ros2-esp32-mobile-robot/build/py_udp_sender/install.log'
[1.101s] Invoked command in '/home/umair/ros2-esp32-mobile-robot/src/py_udp_sender' returned '0': PYTHONPATH=/home/umair/ros2-esp32-mobile-robot/build/py_udp_sender/prefix_override:/usr/lib/python3/dist-packages/colcon_core/task/python/colcon_distutils_commands:/home/umair/ros2-esp32-mobile-robot/install/py_udp_sender/lib/python3.10/site-packages:${PYTHONPATH} /usr/bin/python3 -W ignore:setup.py install is deprecated -W ignore:easy_install command is deprecated setup.py egg_info --egg-base ../../build/py_udp_sender build --build-base /home/umair/ros2-esp32-mobile-robot/build/py_udp_sender/build install --record /home/umair/ros2-esp32-mobile-robot/build/py_udp_sender/install.log --single-version-externally-managed install_data
