running egg_info
writing ../../build/py_udp_communication/py_udp_communication.egg-info/PKG-INFO
writing dependency_links to ../../build/py_udp_communication/py_udp_communication.egg-info/dependency_links.txt
writing entry points to ../../build/py_udp_communication/py_udp_communication.egg-info/entry_points.txt
writing requirements to ../../build/py_udp_communication/py_udp_communication.egg-info/requires.txt
writing top-level names to ../../build/py_udp_communication/py_udp_communication.egg-info/top_level.txt
reading manifest file '../../build/py_udp_communication/py_udp_communication.egg-info/SOURCES.txt'
writing manifest file '../../build/py_udp_communication/py_udp_communication.egg-info/SOURCES.txt'
running build
running build_py
running install
running install_lib
running install_data
running install_egg_info
removing '/home/umair/ros2-esp32-mobile-robot/install/py_udp_communication/lib/python3.10/site-packages/py_udp_communication-0.0.0-py3.10.egg-info' (and everything under it)
Copying ../../build/py_udp_communication/py_udp_communication.egg-info to /home/umair/ros2-esp32-mobile-robot/install/py_udp_communication/lib/python3.10/site-packages/py_udp_communication-0.0.0-py3.10.egg-info
running install_scripts
Installing receiver script to /home/umair/ros2-esp32-mobile-robot/install/py_udp_communication/lib/py_udp_communication
Installing sender script to /home/umair/ros2-esp32-mobile-robot/install/py_udp_communication/lib/py_udp_communication
writing list of installed files to '/home/umair/ros2-esp32-mobile-robot/build/py_udp_communication/install.log'
