[1.047s] Invoking command in '/home/umair/ros2-esp32-mobile-robot/src/py_udp_sender': AMENT_PREFIX_PATH=/home/umair/ros2-esp32-mobile-robot/install/custom_interfaces:${AMENT_PREFIX_PATH} CMAKE_PREFIX_PATH=/home/umair/ros2-esp32-mobile-robot/install/custom_interfaces:${CMAKE_PREFIX_PATH} LD_LIBRARY_PATH=/home/umair/ros2-esp32-mobile-robot/install/custom_interfaces/lib:${LD_LIBRARY_PATH} PYTHONPATH=/home/umair/ros2-esp32-mobile-robot/build/py_udp_sender/prefix_override:/usr/lib/python3/dist-packages/colcon_core/task/python/colcon_distutils_commands:/home/umair/ros2-esp32-mobile-robot/install/py_udp_sender/lib/python3.10/site-packages:/home/umair/ros2-esp32-mobile-robot/install/custom_interfaces/local/lib/python3.10/dist-packages:${PYTHONPATH} /usr/bin/python3 -W ignore:setup.py install is deprecated -W ignore:easy_install command is deprecated setup.py egg_info --egg-base ../../build/py_udp_sender build --build-base /home/umair/ros2-esp32-mobile-robot/build/py_udp_sender/build install --record /home/umair/ros2-esp32-mobile-robot/build/py_udp_sender/install.log --single-version-externally-managed install_data
[1.330s] running egg_info
[1.331s] writing ../../build/py_udp_sender/py_udp_sender.egg-info/PKG-INFO
[1.331s] writing dependency_links to ../../build/py_udp_sender/py_udp_sender.egg-info/dependency_links.txt
[1.331s] writing entry points to ../../build/py_udp_sender/py_udp_sender.egg-info/entry_points.txt
[1.332s] writing requirements to ../../build/py_udp_sender/py_udp_sender.egg-info/requires.txt
[1.332s] writing top-level names to ../../build/py_udp_sender/py_udp_sender.egg-info/top_level.txt
[1.334s] reading manifest file '../../build/py_udp_sender/py_udp_sender.egg-info/SOURCES.txt'
[1.334s] adding license file 'LICENSE'
[1.335s] writing manifest file '../../build/py_udp_sender/py_udp_sender.egg-info/SOURCES.txt'
[1.335s] running build
[1.335s] running build_py
[1.335s] running install
[1.336s] running install_lib
[1.337s] running install_data
[1.337s] running install_egg_info
[1.339s] removing '/home/umair/ros2-esp32-mobile-robot/install/py_udp_sender/lib/python3.10/site-packages/py_udp_sender-0.0.0-py3.10.egg-info' (and everything under it)
[1.340s] Copying ../../build/py_udp_sender/py_udp_sender.egg-info to /home/umair/ros2-esp32-mobile-robot/install/py_udp_sender/lib/python3.10/site-packages/py_udp_sender-0.0.0-py3.10.egg-info
[1.341s] running install_scripts
[1.363s] Installing receiver script to /home/umair/ros2-esp32-mobile-robot/install/py_udp_sender/lib/py_udp_sender
[1.363s] Installing sender script to /home/umair/ros2-esp32-mobile-robot/install/py_udp_sender/lib/py_udp_sender
[1.364s] writing list of installed files to '/home/umair/ros2-esp32-mobile-robot/build/py_udp_sender/install.log'
[1.391s] Invoked command in '/home/umair/ros2-esp32-mobile-robot/src/py_udp_sender' returned '0': AMENT_PREFIX_PATH=/home/umair/ros2-esp32-mobile-robot/install/custom_interfaces:${AMENT_PREFIX_PATH} CMAKE_PREFIX_PATH=/home/umair/ros2-esp32-mobile-robot/install/custom_interfaces:${CMAKE_PREFIX_PATH} LD_LIBRARY_PATH=/home/umair/ros2-esp32-mobile-robot/install/custom_interfaces/lib:${LD_LIBRARY_PATH} PYTHONPATH=/home/umair/ros2-esp32-mobile-robot/build/py_udp_sender/prefix_override:/usr/lib/python3/dist-packages/colcon_core/task/python/colcon_distutils_commands:/home/umair/ros2-esp32-mobile-robot/install/py_udp_sender/lib/python3.10/site-packages:/home/umair/ros2-esp32-mobile-robot/install/custom_interfaces/local/lib/python3.10/dist-packages:${PYTHONPATH} /usr/bin/python3 -W ignore:setup.py install is deprecated -W ignore:easy_install command is deprecated setup.py egg_info --egg-base ../../build/py_udp_sender build --build-base /home/umair/ros2-esp32-mobile-robot/build/py_udp_sender/build install --record /home/umair/ros2-esp32-mobile-robot/build/py_udp_sender/install.log --single-version-externally-managed install_data
