[1.058s] Invoking command in '/home/umair/ros2-esp32-mobile-robot/src/py_udp_communication': AMENT_PREFIX_PATH=/home/umair/ros2-esp32-mobile-robot/install/custom_interfaces:${AMENT_PREFIX_PATH} CMAKE_PREFIX_PATH=/home/umair/ros2-esp32-mobile-robot/install/custom_interfaces:${CMAKE_PREFIX_PATH} LD_LIBRARY_PATH=/home/umair/ros2-esp32-mobile-robot/install/custom_interfaces/lib:${LD_LIBRARY_PATH} PYTHONPATH=/home/umair/ros2-esp32-mobile-robot/build/py_udp_communication/prefix_override:/usr/lib/python3/dist-packages/colcon_core/task/python/colcon_distutils_commands:/home/umair/ros2-esp32-mobile-robot/install/py_udp_communication/lib/python3.10/site-packages:/home/umair/ros2-esp32-mobile-robot/install/custom_interfaces/local/lib/python3.10/dist-packages:${PYTHONPATH} /usr/bin/python3 -W ignore:setup.py install is deprecated -W ignore:easy_install command is deprecated setup.py egg_info --egg-base ../../build/py_udp_communication build --build-base /home/umair/ros2-esp32-mobile-robot/build/py_udp_communication/build install --record /home/umair/ros2-esp32-mobile-robot/build/py_udp_communication/install.log --single-version-externally-managed install_data
[1.340s] running egg_info
[1.340s] writing ../../build/py_udp_communication/py_udp_communication.egg-info/PKG-INFO
[1.341s] writing dependency_links to ../../build/py_udp_communication/py_udp_communication.egg-info/dependency_links.txt
[1.341s] writing entry points to ../../build/py_udp_communication/py_udp_communication.egg-info/entry_points.txt
[1.341s] writing requirements to ../../build/py_udp_communication/py_udp_communication.egg-info/requires.txt
[1.341s] writing top-level names to ../../build/py_udp_communication/py_udp_communication.egg-info/top_level.txt
[1.343s] reading manifest file '../../build/py_udp_communication/py_udp_communication.egg-info/SOURCES.txt'
[1.344s] writing manifest file '../../build/py_udp_communication/py_udp_communication.egg-info/SOURCES.txt'
[1.344s] running build
[1.344s] running build_py
[1.345s] running install
[1.345s] running install_lib
[1.346s] running install_data
[1.347s] running install_egg_info
[1.348s] removing '/home/umair/ros2-esp32-mobile-robot/install/py_udp_communication/lib/python3.10/site-packages/py_udp_communication-0.0.0-py3.10.egg-info' (and everything under it)
[1.349s] Copying ../../build/py_udp_communication/py_udp_communication.egg-info to /home/umair/ros2-esp32-mobile-robot/install/py_udp_communication/lib/python3.10/site-packages/py_udp_communication-0.0.0-py3.10.egg-info
[1.350s] running install_scripts
[1.372s] Installing receiver script to /home/umair/ros2-esp32-mobile-robot/install/py_udp_communication/lib/py_udp_communication
[1.373s] Installing sender script to /home/umair/ros2-esp32-mobile-robot/install/py_udp_communication/lib/py_udp_communication
[1.373s] writing list of installed files to '/home/umair/ros2-esp32-mobile-robot/build/py_udp_communication/install.log'
[1.405s] Invoked command in '/home/umair/ros2-esp32-mobile-robot/src/py_udp_communication' returned '0': AMENT_PREFIX_PATH=/home/umair/ros2-esp32-mobile-robot/install/custom_interfaces:${AMENT_PREFIX_PATH} CMAKE_PREFIX_PATH=/home/umair/ros2-esp32-mobile-robot/install/custom_interfaces:${CMAKE_PREFIX_PATH} LD_LIBRARY_PATH=/home/umair/ros2-esp32-mobile-robot/install/custom_interfaces/lib:${LD_LIBRARY_PATH} PYTHONPATH=/home/umair/ros2-esp32-mobile-robot/build/py_udp_communication/prefix_override:/usr/lib/python3/dist-packages/colcon_core/task/python/colcon_distutils_commands:/home/umair/ros2-esp32-mobile-robot/install/py_udp_communication/lib/python3.10/site-packages:/home/umair/ros2-esp32-mobile-robot/install/custom_interfaces/local/lib/python3.10/dist-packages:${PYTHONPATH} /usr/bin/python3 -W ignore:setup.py install is deprecated -W ignore:easy_install command is deprecated setup.py egg_info --egg-base ../../build/py_udp_communication build --build-base /home/umair/ros2-esp32-mobile-robot/build/py_udp_communication/build install --record /home/umair/ros2-esp32-mobile-robot/build/py_udp_communication/install.log --single-version-externally-managed install_data
