[0.009s] Invoking command in '/home/umair/ros2-esp32-mobile-robot/build/custom_interfaces': CMAKE_PREFIX_PATH=/opt/ros/humble /usr/bin/cmake /home/umair/ros2-esp32-mobile-robot/src/custom_interfaces -DCMAKE_INSTALL_PREFIX=/home/umair/ros2-esp32-mobile-robot/install/custom_interfaces
[0.114s] -- The C compiler identification is GNU 11.4.0
[0.203s] -- The CXX compiler identification is GNU 11.4.0
[0.213s] -- Detecting C compiler ABI info
[0.277s] -- Detecting C compiler ABI info - done
[0.282s] -- Check for working C compiler: /usr/bin/cc - skipped
[0.283s] -- Detecting C compile features
[0.283s] -- Detecting C compile features - done
[0.286s] -- Detecting CXX compiler ABI info
[0.356s] -- Detecting CXX compiler ABI info - done
[0.361s] -- Check for working CXX compiler: /usr/bin/c++ - skipped
[0.361s] -- Detecting CXX compile features
[0.361s] -- Detecting CXX compile features - done
[0.371s] -- Found ament_cmake: 1.3.14 (/opt/ros/humble/share/ament_cmake/cmake)
[0.488s] -- Found Python3: /usr/bin/python3 (found version "3.10.12") found components: Interpreter 
[0.578s] -- Found rosidl_default_generators: 1.2.1 (/opt/ros/humble/share/rosidl_default_generators/cmake)
[0.584s] -- Using all available rosidl_typesupport_c: rosidl_typesupport_fastrtps_c;rosidl_typesupport_introspection_c
[0.593s] -- Found rosidl_adapter: 3.1.8 (/opt/ros/humble/share/rosidl_adapter/cmake)
[0.645s] -- Using all available rosidl_typesupport_cpp: rosidl_typesupport_fastrtps_cpp;rosidl_typesupport_introspection_cpp
[0.816s] [31mCMake Error at /opt/ros/humble/share/rosidl_adapter/cmake/rosidl_adapt_interfaces.cmake:59 (message):
[0.816s]   execute_process(/usr/bin/python3 -m rosidl_adapter --package-name
[0.816s]   custom_interfaces --arguments-file
[0.816s]   /home/umair/ros2-esp32-mobile-robot/build/custom_interfaces/rosidl_adapter__arguments__custom_interfaces.json
[0.816s]   --output-dir
[0.816s]   /home/umair/ros2-esp32-mobile-robot/build/custom_interfaces/rosidl_adapter/custom_interfaces
[0.816s]   --output-file
[0.816s]   /home/umair/ros2-esp32-mobile-robot/build/custom_interfaces/rosidl_adapter/custom_interfaces.idls)
[0.816s]   returned error code 1:
[0.816s] 
[0.817s]   Traceback (most recent call last):
[0.817s] 
[0.817s]     File "/usr/lib/python3.10/runpy.py", line 196, in _run_module_as_main
[0.817s]       return _run_code(code, main_globals, None,
[0.817s]     File "/usr/lib/python3.10/runpy.py", line 86, in _run_code
[0.817s]       exec(code, run_globals)
[0.817s]     File "/opt/ros/humble/local/lib/python3.10/dist-packages/rosidl_adapter/__main__.py", line 19, in <module>
[0.817s]       sys.exit(main())
[0.817s]     File "/opt/ros/humble/local/lib/python3.10/dist-packages/rosidl_adapter/main.py", line 53, in main
[0.817s]       abs_idl_file = convert_to_idl(
[0.817s]     File "/opt/ros/humble/local/lib/python3.10/dist-packages/rosidl_adapter/__init__.py", line 19, in convert_to_idl
[0.817s]       return convert_msg_to_idl(
[0.817s]     File "/opt/ros/humble/local/lib/python3.10/dist-packages/rosidl_adapter/msg/__init__.py", line 28, in convert_msg_to_idl
[0.817s]       msg = parse_message_string(package_name, input_file.stem, content)
[0.817s]     File "/opt/ros/humble/local/lib/python3.10/dist-packages/rosidl_adapter/parser.py", line 544, in parse_message_string
[0.817s]       msg = MessageSpecification(pkg_name, msg_name, fields, constants)
[0.817s]     File "/opt/ros/humble/local/lib/python3.10/dist-packages/rosidl_adapter/parser.py", line 388, in __init__
[0.817s]       self.base_type = BaseType(
[0.817s]     File "/opt/ros/humble/local/lib/python3.10/dist-packages/rosidl_adapter/parser.py", line 205, in __init__
[0.817s]       raise InvalidResourceName(
[0.817s] 
[0.817s]   rosidl_adapter.parser.InvalidResourceName: 'encoder' is an invalid message
[0.817s]   name.  It should have the pattern '^[A-Z][A-Za-z0-9]*$'
[0.817s] 
[0.817s] Call Stack (most recent call first):
[0.818s]   /opt/ros/humble/share/rosidl_cmake/cmake/rosidl_generate_interfaces.cmake:130 (rosidl_adapt_interfaces)
[0.818s]   CMakeLists.txt:12 (rosidl_generate_interfaces)
[0.818s] 
[0.818s] [0m
[0.818s] -- Configuring incomplete, errors occurred!
[0.818s] See also "/home/umair/ros2-esp32-mobile-robot/build/custom_interfaces/CMakeFiles/CMakeOutput.log".
[0.824s] Invoked command in '/home/umair/ros2-esp32-mobile-robot/build/custom_interfaces' returned '1': CMAKE_PREFIX_PATH=/opt/ros/humble /usr/bin/cmake /home/umair/ros2-esp32-mobile-robot/src/custom_interfaces -DCMAKE_INSTALL_PREFIX=/home/umair/ros2-esp32-mobile-robot/install/custom_interfaces
