[0.132s] DEBUG:colcon:Command line arguments: ['/usr/bin/colcon', 'build']
[0.132s] DEBUG:colcon:Parsed command line arguments: Namespace(log_base=None, log_level=None, verb_name='build', build_base='build', install_base='install', merge_install=False, symlink_install=False, test_result_base=None, continue_on_error=False, executor='parallel', parallel_workers=12, event_handlers=None, ignore_user_meta=False, metas=['./colcon.meta'], base_paths=['.'], packages_ignore=None, packages_ignore_regex=None, paths=None, packages_up_to=None, packages_up_to_regex=None, packages_above=None, packages_above_and_dependencies=None, packages_above_depth=None, packages_select_by_dep=None, packages_skip_by_dep=None, packages_skip_up_to=None, packages_select_build_failed=False, packages_skip_build_finished=False, packages_select_test_failures=False, packages_skip_test_passed=False, packages_select=None, packages_skip=None, packages_select_regex=None, packages_skip_regex=None, packages_start=None, packages_end=None, allow_overriding=[], cmake_args=None, cmake_target=None, cmake_target_skip_unavailable=False, cmake_clean_cache=False, cmake_clean_first=False, cmake_force_configure=False, ament_cmake_args=None, catkin_cmake_args=None, catkin_skip_building_tests=False, mixin_files=None, mixin=None, verb_parser=<colcon_mixin.mixin.mixin_argument.MixinArgumentDecorator object at 0x7fe528280640>, verb_extension=<colcon_core.verb.build.BuildVerb object at 0x7fe528280070>, main=<bound method BuildVerb.main of <colcon_core.verb.build.BuildVerb object at 0x7fe528280070>>, mixin_verb=('build',))
[0.334s] Level 1:colcon.colcon_core.package_discovery:discover_packages(colcon_meta) check parameters
[0.334s] Level 1:colcon.colcon_core.package_discovery:discover_packages(recursive) check parameters
[0.334s] Level 1:colcon.colcon_core.package_discovery:discover_packages(ignore) check parameters
[0.334s] Level 1:colcon.colcon_core.package_discovery:discover_packages(path) check parameters
[0.334s] Level 1:colcon.colcon_core.package_discovery:discover_packages(colcon_meta) discover
[0.334s] Level 1:colcon.colcon_core.package_discovery:discover_packages(recursive) discover
[0.334s] INFO:colcon.colcon_core.package_discovery:Crawling recursively for packages in '/home/umair/ros2-esp32-mobile-robot'
[0.334s] Level 1:colcon.colcon_core.package_identification:_identify(.) by extensions ['ignore', 'ignore_ament_install']
[0.335s] Level 1:colcon.colcon_core.package_identification:_identify(.) by extension 'ignore'
[0.335s] Level 1:colcon.colcon_core.package_identification:_identify(.) by extension 'ignore_ament_install'
[0.335s] Level 1:colcon.colcon_core.package_identification:_identify(.) by extensions ['colcon_pkg']
[0.335s] Level 1:colcon.colcon_core.package_identification:_identify(.) by extension 'colcon_pkg'
[0.335s] Level 1:colcon.colcon_core.package_identification:_identify(.) by extensions ['colcon_meta']
[0.335s] Level 1:colcon.colcon_core.package_identification:_identify(.) by extension 'colcon_meta'
[0.335s] Level 1:colcon.colcon_core.package_identification:_identify(.) by extensions ['ros']
[0.335s] Level 1:colcon.colcon_core.package_identification:_identify(.) by extension 'ros'
[0.347s] Level 1:colcon.colcon_core.package_identification:_identify(.) by extensions ['cmake', 'python']
[0.347s] Level 1:colcon.colcon_core.package_identification:_identify(.) by extension 'cmake'
[0.347s] Level 1:colcon.colcon_core.package_identification:_identify(.) by extension 'python'
[0.347s] Level 1:colcon.colcon_core.package_identification:_identify(.) by extensions ['python_setup_py']
[0.347s] Level 1:colcon.colcon_core.package_identification:_identify(.) by extension 'python_setup_py'
[0.347s] Level 1:colcon.colcon_core.package_identification:_identify(Scripts) by extensions ['ignore', 'ignore_ament_install']
[0.347s] Level 1:colcon.colcon_core.package_identification:_identify(Scripts) by extension 'ignore'
[0.347s] Level 1:colcon.colcon_core.package_identification:_identify(Scripts) by extension 'ignore_ament_install'
[0.347s] Level 1:colcon.colcon_core.package_identification:_identify(Scripts) by extensions ['colcon_pkg']
[0.347s] Level 1:colcon.colcon_core.package_identification:_identify(Scripts) by extension 'colcon_pkg'
[0.347s] Level 1:colcon.colcon_core.package_identification:_identify(Scripts) by extensions ['colcon_meta']
[0.347s] Level 1:colcon.colcon_core.package_identification:_identify(Scripts) by extension 'colcon_meta'
[0.347s] Level 1:colcon.colcon_core.package_identification:_identify(Scripts) by extensions ['ros']
[0.347s] Level 1:colcon.colcon_core.package_identification:_identify(Scripts) by extension 'ros'
[0.348s] Level 1:colcon.colcon_core.package_identification:_identify(Scripts) by extensions ['cmake', 'python']
[0.348s] Level 1:colcon.colcon_core.package_identification:_identify(Scripts) by extension 'cmake'
[0.348s] Level 1:colcon.colcon_core.package_identification:_identify(Scripts) by extension 'python'
[0.348s] Level 1:colcon.colcon_core.package_identification:_identify(Scripts) by extensions ['python_setup_py']
[0.348s] Level 1:colcon.colcon_core.package_identification:_identify(Scripts) by extension 'python_setup_py'
[0.348s] Level 1:colcon.colcon_core.package_identification:_identify(Scripts/esp32_interupt_encoder) by extensions ['ignore', 'ignore_ament_install']
[0.348s] Level 1:colcon.colcon_core.package_identification:_identify(Scripts/esp32_interupt_encoder) by extension 'ignore'
[0.348s] Level 1:colcon.colcon_core.package_identification:_identify(Scripts/esp32_interupt_encoder) by extension 'ignore_ament_install'
[0.348s] Level 1:colcon.colcon_core.package_identification:_identify(Scripts/esp32_interupt_encoder) by extensions ['colcon_pkg']
[0.348s] Level 1:colcon.colcon_core.package_identification:_identify(Scripts/esp32_interupt_encoder) by extension 'colcon_pkg'
[0.348s] Level 1:colcon.colcon_core.package_identification:_identify(Scripts/esp32_interupt_encoder) by extensions ['colcon_meta']
[0.348s] Level 1:colcon.colcon_core.package_identification:_identify(Scripts/esp32_interupt_encoder) by extension 'colcon_meta'
[0.348s] Level 1:colcon.colcon_core.package_identification:_identify(Scripts/esp32_interupt_encoder) by extensions ['ros']
[0.348s] Level 1:colcon.colcon_core.package_identification:_identify(Scripts/esp32_interupt_encoder) by extension 'ros'
[0.348s] Level 1:colcon.colcon_core.package_identification:_identify(Scripts/esp32_interupt_encoder) by extensions ['cmake', 'python']
[0.348s] Level 1:colcon.colcon_core.package_identification:_identify(Scripts/esp32_interupt_encoder) by extension 'cmake'
[0.348s] Level 1:colcon.colcon_core.package_identification:_identify(Scripts/esp32_interupt_encoder) by extension 'python'
[0.348s] Level 1:colcon.colcon_core.package_identification:_identify(Scripts/esp32_interupt_encoder) by extensions ['python_setup_py']
[0.348s] Level 1:colcon.colcon_core.package_identification:_identify(Scripts/esp32_interupt_encoder) by extension 'python_setup_py'
[0.349s] Level 1:colcon.colcon_core.package_identification:_identify(Scripts/esp32_udp_sample) by extensions ['ignore', 'ignore_ament_install']
[0.349s] Level 1:colcon.colcon_core.package_identification:_identify(Scripts/esp32_udp_sample) by extension 'ignore'
[0.349s] Level 1:colcon.colcon_core.package_identification:_identify(Scripts/esp32_udp_sample) by extension 'ignore_ament_install'
[0.349s] Level 1:colcon.colcon_core.package_identification:_identify(Scripts/esp32_udp_sample) by extensions ['colcon_pkg']
[0.349s] Level 1:colcon.colcon_core.package_identification:_identify(Scripts/esp32_udp_sample) by extension 'colcon_pkg'
[0.349s] Level 1:colcon.colcon_core.package_identification:_identify(Scripts/esp32_udp_sample) by extensions ['colcon_meta']
[0.349s] Level 1:colcon.colcon_core.package_identification:_identify(Scripts/esp32_udp_sample) by extension 'colcon_meta'
[0.349s] Level 1:colcon.colcon_core.package_identification:_identify(Scripts/esp32_udp_sample) by extensions ['ros']
[0.349s] Level 1:colcon.colcon_core.package_identification:_identify(Scripts/esp32_udp_sample) by extension 'ros'
[0.349s] Level 1:colcon.colcon_core.package_identification:_identify(Scripts/esp32_udp_sample) by extensions ['cmake', 'python']
[0.349s] Level 1:colcon.colcon_core.package_identification:_identify(Scripts/esp32_udp_sample) by extension 'cmake'
[0.349s] Level 1:colcon.colcon_core.package_identification:_identify(Scripts/esp32_udp_sample) by extension 'python'
[0.349s] Level 1:colcon.colcon_core.package_identification:_identify(Scripts/esp32_udp_sample) by extensions ['python_setup_py']
[0.349s] Level 1:colcon.colcon_core.package_identification:_identify(Scripts/esp32_udp_sample) by extension 'python_setup_py'
[0.349s] Level 1:colcon.colcon_core.package_identification:_identify(build) by extensions ['ignore', 'ignore_ament_install']
[0.349s] Level 1:colcon.colcon_core.package_identification:_identify(build) by extension 'ignore'
[0.349s] Level 1:colcon.colcon_core.package_identification:_identify(build) ignored
[0.350s] Level 1:colcon.colcon_core.package_identification:_identify(hardware) by extensions ['ignore', 'ignore_ament_install']
[0.350s] Level 1:colcon.colcon_core.package_identification:_identify(hardware) by extension 'ignore'
[0.350s] Level 1:colcon.colcon_core.package_identification:_identify(hardware) by extension 'ignore_ament_install'
[0.350s] Level 1:colcon.colcon_core.package_identification:_identify(hardware) by extensions ['colcon_pkg']
[0.350s] Level 1:colcon.colcon_core.package_identification:_identify(hardware) by extension 'colcon_pkg'
[0.350s] Level 1:colcon.colcon_core.package_identification:_identify(hardware) by extensions ['colcon_meta']
[0.350s] Level 1:colcon.colcon_core.package_identification:_identify(hardware) by extension 'colcon_meta'
[0.350s] Level 1:colcon.colcon_core.package_identification:_identify(hardware) by extensions ['ros']
[0.350s] Level 1:colcon.colcon_core.package_identification:_identify(hardware) by extension 'ros'
[0.350s] Level 1:colcon.colcon_core.package_identification:_identify(hardware) by extensions ['cmake', 'python']
[0.350s] Level 1:colcon.colcon_core.package_identification:_identify(hardware) by extension 'cmake'
[0.350s] Level 1:colcon.colcon_core.package_identification:_identify(hardware) by extension 'python'
[0.350s] Level 1:colcon.colcon_core.package_identification:_identify(hardware) by extensions ['python_setup_py']
[0.350s] Level 1:colcon.colcon_core.package_identification:_identify(hardware) by extension 'python_setup_py'
[0.350s] Level 1:colcon.colcon_core.package_identification:_identify(hardware/esp32_firmware) by extensions ['ignore', 'ignore_ament_install']
[0.350s] Level 1:colcon.colcon_core.package_identification:_identify(hardware/esp32_firmware) by extension 'ignore'
[0.350s] Level 1:colcon.colcon_core.package_identification:_identify(hardware/esp32_firmware) by extension 'ignore_ament_install'
[0.350s] Level 1:colcon.colcon_core.package_identification:_identify(hardware/esp32_firmware) by extensions ['colcon_pkg']
[0.350s] Level 1:colcon.colcon_core.package_identification:_identify(hardware/esp32_firmware) by extension 'colcon_pkg'
[0.350s] Level 1:colcon.colcon_core.package_identification:_identify(hardware/esp32_firmware) by extensions ['colcon_meta']
[0.351s] Level 1:colcon.colcon_core.package_identification:_identify(hardware/esp32_firmware) by extension 'colcon_meta'
[0.351s] Level 1:colcon.colcon_core.package_identification:_identify(hardware/esp32_firmware) by extensions ['ros']
[0.351s] Level 1:colcon.colcon_core.package_identification:_identify(hardware/esp32_firmware) by extension 'ros'
[0.351s] Level 1:colcon.colcon_core.package_identification:_identify(hardware/esp32_firmware) by extensions ['cmake', 'python']
[0.351s] Level 1:colcon.colcon_core.package_identification:_identify(hardware/esp32_firmware) by extension 'cmake'
[0.351s] Level 1:colcon.colcon_core.package_identification:_identify(hardware/esp32_firmware) by extension 'python'
[0.351s] Level 1:colcon.colcon_core.package_identification:_identify(hardware/esp32_firmware) by extensions ['python_setup_py']
[0.351s] Level 1:colcon.colcon_core.package_identification:_identify(hardware/esp32_firmware) by extension 'python_setup_py'
[0.351s] Level 1:colcon.colcon_core.package_identification:_identify(hardware/esp32_firmware/Encoder) by extensions ['ignore', 'ignore_ament_install']
[0.351s] Level 1:colcon.colcon_core.package_identification:_identify(hardware/esp32_firmware/Encoder) by extension 'ignore'
[0.351s] Level 1:colcon.colcon_core.package_identification:_identify(hardware/esp32_firmware/Encoder) by extension 'ignore_ament_install'
[0.351s] Level 1:colcon.colcon_core.package_identification:_identify(hardware/esp32_firmware/Encoder) by extensions ['colcon_pkg']
[0.351s] Level 1:colcon.colcon_core.package_identification:_identify(hardware/esp32_firmware/Encoder) by extension 'colcon_pkg'
[0.351s] Level 1:colcon.colcon_core.package_identification:_identify(hardware/esp32_firmware/Encoder) by extensions ['colcon_meta']
[0.351s] Level 1:colcon.colcon_core.package_identification:_identify(hardware/esp32_firmware/Encoder) by extension 'colcon_meta'
[0.351s] Level 1:colcon.colcon_core.package_identification:_identify(hardware/esp32_firmware/Encoder) by extensions ['ros']
[0.351s] Level 1:colcon.colcon_core.package_identification:_identify(hardware/esp32_firmware/Encoder) by extension 'ros'
[0.351s] Level 1:colcon.colcon_core.package_identification:_identify(hardware/esp32_firmware/Encoder) by extensions ['cmake', 'python']
[0.351s] Level 1:colcon.colcon_core.package_identification:_identify(hardware/esp32_firmware/Encoder) by extension 'cmake'
[0.351s] Level 1:colcon.colcon_core.package_identification:_identify(hardware/esp32_firmware/Encoder) by extension 'python'
[0.352s] Level 1:colcon.colcon_core.package_identification:_identify(hardware/esp32_firmware/Encoder) by extensions ['python_setup_py']
[0.352s] Level 1:colcon.colcon_core.package_identification:_identify(hardware/esp32_firmware/Encoder) by extension 'python_setup_py'
[0.352s] Level 1:colcon.colcon_core.package_identification:_identify(hardware/esp32_firmware/Encoder/esp32_motor_control_encoder) by extensions ['ignore', 'ignore_ament_install']
[0.352s] Level 1:colcon.colcon_core.package_identification:_identify(hardware/esp32_firmware/Encoder/esp32_motor_control_encoder) by extension 'ignore'
[0.352s] Level 1:colcon.colcon_core.package_identification:_identify(hardware/esp32_firmware/Encoder/esp32_motor_control_encoder) by extension 'ignore_ament_install'
[0.352s] Level 1:colcon.colcon_core.package_identification:_identify(hardware/esp32_firmware/Encoder/esp32_motor_control_encoder) by extensions ['colcon_pkg']
[0.352s] Level 1:colcon.colcon_core.package_identification:_identify(hardware/esp32_firmware/Encoder/esp32_motor_control_encoder) by extension 'colcon_pkg'
[0.352s] Level 1:colcon.colcon_core.package_identification:_identify(hardware/esp32_firmware/Encoder/esp32_motor_control_encoder) by extensions ['colcon_meta']
[0.352s] Level 1:colcon.colcon_core.package_identification:_identify(hardware/esp32_firmware/Encoder/esp32_motor_control_encoder) by extension 'colcon_meta'
[0.352s] Level 1:colcon.colcon_core.package_identification:_identify(hardware/esp32_firmware/Encoder/esp32_motor_control_encoder) by extensions ['ros']
[0.352s] Level 1:colcon.colcon_core.package_identification:_identify(hardware/esp32_firmware/Encoder/esp32_motor_control_encoder) by extension 'ros'
[0.352s] Level 1:colcon.colcon_core.package_identification:_identify(hardware/esp32_firmware/Encoder/esp32_motor_control_encoder) by extensions ['cmake', 'python']
[0.352s] Level 1:colcon.colcon_core.package_identification:_identify(hardware/esp32_firmware/Encoder/esp32_motor_control_encoder) by extension 'cmake'
[0.352s] Level 1:colcon.colcon_core.package_identification:_identify(hardware/esp32_firmware/Encoder/esp32_motor_control_encoder) by extension 'python'
[0.352s] Level 1:colcon.colcon_core.package_identification:_identify(hardware/esp32_firmware/Encoder/esp32_motor_control_encoder) by extensions ['python_setup_py']
[0.352s] Level 1:colcon.colcon_core.package_identification:_identify(hardware/esp32_firmware/Encoder/esp32_motor_control_encoder) by extension 'python_setup_py'
[0.352s] Level 1:colcon.colcon_core.package_identification:_identify(hardware/esp32_firmware/motor_control_serial_wifi) by extensions ['ignore', 'ignore_ament_install']
[0.352s] Level 1:colcon.colcon_core.package_identification:_identify(hardware/esp32_firmware/motor_control_serial_wifi) by extension 'ignore'
[0.353s] Level 1:colcon.colcon_core.package_identification:_identify(hardware/esp32_firmware/motor_control_serial_wifi) by extension 'ignore_ament_install'
[0.353s] Level 1:colcon.colcon_core.package_identification:_identify(hardware/esp32_firmware/motor_control_serial_wifi) by extensions ['colcon_pkg']
[0.353s] Level 1:colcon.colcon_core.package_identification:_identify(hardware/esp32_firmware/motor_control_serial_wifi) by extension 'colcon_pkg'
[0.353s] Level 1:colcon.colcon_core.package_identification:_identify(hardware/esp32_firmware/motor_control_serial_wifi) by extensions ['colcon_meta']
[0.353s] Level 1:colcon.colcon_core.package_identification:_identify(hardware/esp32_firmware/motor_control_serial_wifi) by extension 'colcon_meta'
[0.353s] Level 1:colcon.colcon_core.package_identification:_identify(hardware/esp32_firmware/motor_control_serial_wifi) by extensions ['ros']
[0.353s] Level 1:colcon.colcon_core.package_identification:_identify(hardware/esp32_firmware/motor_control_serial_wifi) by extension 'ros'
[0.353s] Level 1:colcon.colcon_core.package_identification:_identify(hardware/esp32_firmware/motor_control_serial_wifi) by extensions ['cmake', 'python']
[0.353s] Level 1:colcon.colcon_core.package_identification:_identify(hardware/esp32_firmware/motor_control_serial_wifi) by extension 'cmake'
[0.353s] Level 1:colcon.colcon_core.package_identification:_identify(hardware/esp32_firmware/motor_control_serial_wifi) by extension 'python'
[0.353s] Level 1:colcon.colcon_core.package_identification:_identify(hardware/esp32_firmware/motor_control_serial_wifi) by extensions ['python_setup_py']
[0.353s] Level 1:colcon.colcon_core.package_identification:_identify(hardware/esp32_firmware/motor_control_serial_wifi) by extension 'python_setup_py'
[0.353s] Level 1:colcon.colcon_core.package_identification:_identify(hardware/esp32_firmware/motor_control_serial_wifi/motor_control_serial) by extensions ['ignore', 'ignore_ament_install']
[0.353s] Level 1:colcon.colcon_core.package_identification:_identify(hardware/esp32_firmware/motor_control_serial_wifi/motor_control_serial) by extension 'ignore'
[0.353s] Level 1:colcon.colcon_core.package_identification:_identify(hardware/esp32_firmware/motor_control_serial_wifi/motor_control_serial) by extension 'ignore_ament_install'
[0.353s] Level 1:colcon.colcon_core.package_identification:_identify(hardware/esp32_firmware/motor_control_serial_wifi/motor_control_serial) by extensions ['colcon_pkg']
[0.353s] Level 1:colcon.colcon_core.package_identification:_identify(hardware/esp32_firmware/motor_control_serial_wifi/motor_control_serial) by extension 'colcon_pkg'
[0.353s] Level 1:colcon.colcon_core.package_identification:_identify(hardware/esp32_firmware/motor_control_serial_wifi/motor_control_serial) by extensions ['colcon_meta']
[0.353s] Level 1:colcon.colcon_core.package_identification:_identify(hardware/esp32_firmware/motor_control_serial_wifi/motor_control_serial) by extension 'colcon_meta'
[0.353s] Level 1:colcon.colcon_core.package_identification:_identify(hardware/esp32_firmware/motor_control_serial_wifi/motor_control_serial) by extensions ['ros']
[0.354s] Level 1:colcon.colcon_core.package_identification:_identify(hardware/esp32_firmware/motor_control_serial_wifi/motor_control_serial) by extension 'ros'
[0.354s] Level 1:colcon.colcon_core.package_identification:_identify(hardware/esp32_firmware/motor_control_serial_wifi/motor_control_serial) by extensions ['cmake', 'python']
[0.354s] Level 1:colcon.colcon_core.package_identification:_identify(hardware/esp32_firmware/motor_control_serial_wifi/motor_control_serial) by extension 'cmake'
[0.354s] Level 1:colcon.colcon_core.package_identification:_identify(hardware/esp32_firmware/motor_control_serial_wifi/motor_control_serial) by extension 'python'
[0.354s] Level 1:colcon.colcon_core.package_identification:_identify(hardware/esp32_firmware/motor_control_serial_wifi/motor_control_serial) by extensions ['python_setup_py']
[0.354s] Level 1:colcon.colcon_core.package_identification:_identify(hardware/esp32_firmware/motor_control_serial_wifi/motor_control_serial) by extension 'python_setup_py'
[0.354s] Level 1:colcon.colcon_core.package_identification:_identify(hardware/esp32_firmware/motor_control_serial_wifi/motor_control_wifi) by extensions ['ignore', 'ignore_ament_install']
[0.354s] Level 1:colcon.colcon_core.package_identification:_identify(hardware/esp32_firmware/motor_control_serial_wifi/motor_control_wifi) by extension 'ignore'
[0.354s] Level 1:colcon.colcon_core.package_identification:_identify(hardware/esp32_firmware/motor_control_serial_wifi/motor_control_wifi) by extension 'ignore_ament_install'
[0.354s] Level 1:colcon.colcon_core.package_identification:_identify(hardware/esp32_firmware/motor_control_serial_wifi/motor_control_wifi) by extensions ['colcon_pkg']
[0.354s] Level 1:colcon.colcon_core.package_identification:_identify(hardware/esp32_firmware/motor_control_serial_wifi/motor_control_wifi) by extension 'colcon_pkg'
[0.354s] Level 1:colcon.colcon_core.package_identification:_identify(hardware/esp32_firmware/motor_control_serial_wifi/motor_control_wifi) by extensions ['colcon_meta']
[0.354s] Level 1:colcon.colcon_core.package_identification:_identify(hardware/esp32_firmware/motor_control_serial_wifi/motor_control_wifi) by extension 'colcon_meta'
[0.354s] Level 1:colcon.colcon_core.package_identification:_identify(hardware/esp32_firmware/motor_control_serial_wifi/motor_control_wifi) by extensions ['ros']
[0.354s] Level 1:colcon.colcon_core.package_identification:_identify(hardware/esp32_firmware/motor_control_serial_wifi/motor_control_wifi) by extension 'ros'
[0.354s] Level 1:colcon.colcon_core.package_identification:_identify(hardware/esp32_firmware/motor_control_serial_wifi/motor_control_wifi) by extensions ['cmake', 'python']
[0.354s] Level 1:colcon.colcon_core.package_identification:_identify(hardware/esp32_firmware/motor_control_serial_wifi/motor_control_wifi) by extension 'cmake'
[0.354s] Level 1:colcon.colcon_core.package_identification:_identify(hardware/esp32_firmware/motor_control_serial_wifi/motor_control_wifi) by extension 'python'
[0.354s] Level 1:colcon.colcon_core.package_identification:_identify(hardware/esp32_firmware/motor_control_serial_wifi/motor_control_wifi) by extensions ['python_setup_py']
[0.354s] Level 1:colcon.colcon_core.package_identification:_identify(hardware/esp32_firmware/motor_control_serial_wifi/motor_control_wifi) by extension 'python_setup_py'
[0.355s] Level 1:colcon.colcon_core.package_identification:_identify(hardware/schematics) by extensions ['ignore', 'ignore_ament_install']
[0.355s] Level 1:colcon.colcon_core.package_identification:_identify(hardware/schematics) by extension 'ignore'
[0.355s] Level 1:colcon.colcon_core.package_identification:_identify(hardware/schematics) by extension 'ignore_ament_install'
[0.355s] Level 1:colcon.colcon_core.package_identification:_identify(hardware/schematics) by extensions ['colcon_pkg']
[0.355s] Level 1:colcon.colcon_core.package_identification:_identify(hardware/schematics) by extension 'colcon_pkg'
[0.355s] Level 1:colcon.colcon_core.package_identification:_identify(hardware/schematics) by extensions ['colcon_meta']
[0.355s] Level 1:colcon.colcon_core.package_identification:_identify(hardware/schematics) by extension 'colcon_meta'
[0.355s] Level 1:colcon.colcon_core.package_identification:_identify(hardware/schematics) by extensions ['ros']
[0.355s] Level 1:colcon.colcon_core.package_identification:_identify(hardware/schematics) by extension 'ros'
[0.355s] Level 1:colcon.colcon_core.package_identification:_identify(hardware/schematics) by extensions ['cmake', 'python']
[0.355s] Level 1:colcon.colcon_core.package_identification:_identify(hardware/schematics) by extension 'cmake'
[0.355s] Level 1:colcon.colcon_core.package_identification:_identify(hardware/schematics) by extension 'python'
[0.355s] Level 1:colcon.colcon_core.package_identification:_identify(hardware/schematics) by extensions ['python_setup_py']
[0.355s] Level 1:colcon.colcon_core.package_identification:_identify(hardware/schematics) by extension 'python_setup_py'
[0.355s] Level 1:colcon.colcon_core.package_identification:_identify(install) by extensions ['ignore', 'ignore_ament_install']
[0.355s] Level 1:colcon.colcon_core.package_identification:_identify(install) by extension 'ignore'
[0.355s] Level 1:colcon.colcon_core.package_identification:_identify(install) ignored
[0.356s] Level 1:colcon.colcon_core.package_identification:_identify(log) by extensions ['ignore', 'ignore_ament_install']
[0.356s] Level 1:colcon.colcon_core.package_identification:_identify(log) by extension 'ignore'
[0.356s] Level 1:colcon.colcon_core.package_identification:_identify(log) ignored
[0.356s] Level 1:colcon.colcon_core.package_identification:_identify(src) by extensions ['ignore', 'ignore_ament_install']
[0.356s] Level 1:colcon.colcon_core.package_identification:_identify(src) by extension 'ignore'
[0.356s] Level 1:colcon.colcon_core.package_identification:_identify(src) by extension 'ignore_ament_install'
[0.356s] Level 1:colcon.colcon_core.package_identification:_identify(src) by extensions ['colcon_pkg']
[0.356s] Level 1:colcon.colcon_core.package_identification:_identify(src) by extension 'colcon_pkg'
[0.356s] Level 1:colcon.colcon_core.package_identification:_identify(src) by extensions ['colcon_meta']
[0.356s] Level 1:colcon.colcon_core.package_identification:_identify(src) by extension 'colcon_meta'
[0.356s] Level 1:colcon.colcon_core.package_identification:_identify(src) by extensions ['ros']
[0.356s] Level 1:colcon.colcon_core.package_identification:_identify(src) by extension 'ros'
[0.356s] Level 1:colcon.colcon_core.package_identification:_identify(src) by extensions ['cmake', 'python']
[0.356s] Level 1:colcon.colcon_core.package_identification:_identify(src) by extension 'cmake'
[0.356s] Level 1:colcon.colcon_core.package_identification:_identify(src) by extension 'python'
[0.356s] Level 1:colcon.colcon_core.package_identification:_identify(src) by extensions ['python_setup_py']
[0.356s] Level 1:colcon.colcon_core.package_identification:_identify(src) by extension 'python_setup_py'
[0.356s] Level 1:colcon.colcon_core.package_identification:_identify(src/custom_interfaces) by extensions ['ignore', 'ignore_ament_install']
[0.357s] Level 1:colcon.colcon_core.package_identification:_identify(src/custom_interfaces) by extension 'ignore'
[0.357s] Level 1:colcon.colcon_core.package_identification:_identify(src/custom_interfaces) by extension 'ignore_ament_install'
[0.357s] Level 1:colcon.colcon_core.package_identification:_identify(src/custom_interfaces) by extensions ['colcon_pkg']
[0.357s] Level 1:colcon.colcon_core.package_identification:_identify(src/custom_interfaces) by extension 'colcon_pkg'
[0.357s] Level 1:colcon.colcon_core.package_identification:_identify(src/custom_interfaces) by extensions ['colcon_meta']
[0.357s] Level 1:colcon.colcon_core.package_identification:_identify(src/custom_interfaces) by extension 'colcon_meta'
[0.357s] Level 1:colcon.colcon_core.package_identification:_identify(src/custom_interfaces) by extensions ['ros']
[0.357s] Level 1:colcon.colcon_core.package_identification:_identify(src/custom_interfaces) by extension 'ros'
[0.370s] DEBUG:colcon.colcon_core.package_identification:Package 'src/custom_interfaces' with type 'ros.ament_cmake' and name 'custom_interfaces'
[0.370s] Level 1:colcon.colcon_core.package_identification:_identify(src/py_udp_communication) by extensions ['ignore', 'ignore_ament_install']
[0.370s] Level 1:colcon.colcon_core.package_identification:_identify(src/py_udp_communication) by extension 'ignore'
[0.370s] Level 1:colcon.colcon_core.package_identification:_identify(src/py_udp_communication) by extension 'ignore_ament_install'
[0.370s] Level 1:colcon.colcon_core.package_identification:_identify(src/py_udp_communication) by extensions ['colcon_pkg']
[0.370s] Level 1:colcon.colcon_core.package_identification:_identify(src/py_udp_communication) by extension 'colcon_pkg'
[0.370s] Level 1:colcon.colcon_core.package_identification:_identify(src/py_udp_communication) by extensions ['colcon_meta']
[0.370s] Level 1:colcon.colcon_core.package_identification:_identify(src/py_udp_communication) by extension 'colcon_meta'
[0.370s] Level 1:colcon.colcon_core.package_identification:_identify(src/py_udp_communication) by extensions ['ros']
[0.370s] Level 1:colcon.colcon_core.package_identification:_identify(src/py_udp_communication) by extension 'ros'
[0.371s] DEBUG:colcon.colcon_core.package_identification:Package 'src/py_udp_communication' with type 'ros.ament_python' and name 'py_udp_communication'
[0.371s] Level 1:colcon.colcon_core.package_identification:_identify(src/py_udp_sender) by extensions ['ignore', 'ignore_ament_install']
[0.371s] Level 1:colcon.colcon_core.package_identification:_identify(src/py_udp_sender) by extension 'ignore'
[0.371s] Level 1:colcon.colcon_core.package_identification:_identify(src/py_udp_sender) by extension 'ignore_ament_install'
[0.371s] Level 1:colcon.colcon_core.package_identification:_identify(src/py_udp_sender) by extensions ['colcon_pkg']
[0.371s] Level 1:colcon.colcon_core.package_identification:_identify(src/py_udp_sender) by extension 'colcon_pkg'
[0.371s] Level 1:colcon.colcon_core.package_identification:_identify(src/py_udp_sender) by extensions ['colcon_meta']
[0.371s] Level 1:colcon.colcon_core.package_identification:_identify(src/py_udp_sender) by extension 'colcon_meta'
[0.371s] Level 1:colcon.colcon_core.package_identification:_identify(src/py_udp_sender) by extensions ['ros']
[0.371s] Level 1:colcon.colcon_core.package_identification:_identify(src/py_udp_sender) by extension 'ros'
[0.372s] DEBUG:colcon.colcon_core.package_identification:Package 'src/py_udp_sender' with type 'ros.ament_python' and name 'py_udp_sender'
[0.372s] Level 1:colcon.colcon_core.package_discovery:discover_packages(recursive) using defaults
[0.372s] Level 1:colcon.colcon_core.package_discovery:discover_packages(ignore) discover
[0.372s] Level 1:colcon.colcon_core.package_discovery:discover_packages(ignore) using defaults
[0.372s] Level 1:colcon.colcon_core.package_discovery:discover_packages(path) discover
[0.372s] Level 1:colcon.colcon_core.package_discovery:discover_packages(path) using defaults
[0.393s] Level 1:colcon.colcon_core.package_discovery:discover_packages(prefix_path) check parameters
[0.393s] Level 1:colcon.colcon_core.package_discovery:discover_packages(prefix_path) discover
[0.394s] WARNING:colcon.colcon_core.prefix_path.colcon:The path '/home/umair/ros2-esp32-mobile-robot/src/install' in the environment variable COLCON_PREFIX_PATH doesn't exist
[0.394s] WARNING:colcon.colcon_ros.prefix_path.ament:The path '/home/umair/ros2-esp32-mobile-robot/src/install/py_udp_sender' in the environment variable AMENT_PREFIX_PATH doesn't exist
[0.394s] WARNING:colcon.colcon_ros.prefix_path.ament:The path '/home/umair/ros2-esp32-mobile-robot/src/install/pu_udp_communication' in the environment variable AMENT_PREFIX_PATH doesn't exist
[0.394s] WARNING:colcon.colcon_ros.prefix_path.ament:The path '/home/umair/ros2-esp32-mobile-robot/src/install/custom_interfaces' in the environment variable AMENT_PREFIX_PATH doesn't exist
[0.394s] WARNING:colcon.colcon_ros.prefix_path.catkin:The path '/home/umair/ros2-esp32-mobile-robot/src/install/custom_interfaces' in the environment variable CMAKE_PREFIX_PATH doesn't exist
[0.397s] DEBUG:colcon.colcon_installed_package_information.package_discovery:Found 467 installed packages in /opt/ros/humble
[0.400s] Level 1:colcon.colcon_core.package_discovery:discover_packages(prefix_path) using defaults
[0.460s] Level 5:colcon.colcon_core.verb:set package 'custom_interfaces' build argument 'cmake_args' from command line to 'None'
[0.460s] Level 5:colcon.colcon_core.verb:set package 'custom_interfaces' build argument 'cmake_target' from command line to 'None'
[0.460s] Level 5:colcon.colcon_core.verb:set package 'custom_interfaces' build argument 'cmake_target_skip_unavailable' from command line to 'False'
[0.460s] Level 5:colcon.colcon_core.verb:set package 'custom_interfaces' build argument 'cmake_clean_cache' from command line to 'False'
[0.460s] Level 5:colcon.colcon_core.verb:set package 'custom_interfaces' build argument 'cmake_clean_first' from command line to 'False'
[0.460s] Level 5:colcon.colcon_core.verb:set package 'custom_interfaces' build argument 'cmake_force_configure' from command line to 'False'
[0.460s] Level 5:colcon.colcon_core.verb:set package 'custom_interfaces' build argument 'ament_cmake_args' from command line to 'None'
[0.460s] Level 5:colcon.colcon_core.verb:set package 'custom_interfaces' build argument 'catkin_cmake_args' from command line to 'None'
[0.460s] Level 5:colcon.colcon_core.verb:set package 'custom_interfaces' build argument 'catkin_skip_building_tests' from command line to 'False'
[0.460s] DEBUG:colcon.colcon_core.verb:Building package 'custom_interfaces' with the following arguments: {'ament_cmake_args': None, 'build_base': '/home/umair/ros2-esp32-mobile-robot/build/custom_interfaces', 'catkin_cmake_args': None, 'catkin_skip_building_tests': False, 'cmake_args': None, 'cmake_clean_cache': False, 'cmake_clean_first': False, 'cmake_force_configure': False, 'cmake_target': None, 'cmake_target_skip_unavailable': False, 'install_base': '/home/umair/ros2-esp32-mobile-robot/install/custom_interfaces', 'merge_install': False, 'path': '/home/umair/ros2-esp32-mobile-robot/src/custom_interfaces', 'symlink_install': False, 'test_result_base': None}
[0.461s] Level 5:colcon.colcon_core.verb:set package 'py_udp_communication' build argument 'cmake_args' from command line to 'None'
[0.461s] Level 5:colcon.colcon_core.verb:set package 'py_udp_communication' build argument 'cmake_target' from command line to 'None'
[0.461s] Level 5:colcon.colcon_core.verb:set package 'py_udp_communication' build argument 'cmake_target_skip_unavailable' from command line to 'False'
[0.461s] Level 5:colcon.colcon_core.verb:set package 'py_udp_communication' build argument 'cmake_clean_cache' from command line to 'False'
[0.461s] Level 5:colcon.colcon_core.verb:set package 'py_udp_communication' build argument 'cmake_clean_first' from command line to 'False'
[0.461s] Level 5:colcon.colcon_core.verb:set package 'py_udp_communication' build argument 'cmake_force_configure' from command line to 'False'
[0.461s] Level 5:colcon.colcon_core.verb:set package 'py_udp_communication' build argument 'ament_cmake_args' from command line to 'None'
[0.461s] Level 5:colcon.colcon_core.verb:set package 'py_udp_communication' build argument 'catkin_cmake_args' from command line to 'None'
[0.461s] Level 5:colcon.colcon_core.verb:set package 'py_udp_communication' build argument 'catkin_skip_building_tests' from command line to 'False'
[0.461s] DEBUG:colcon.colcon_core.verb:Building package 'py_udp_communication' with the following arguments: {'ament_cmake_args': None, 'build_base': '/home/umair/ros2-esp32-mobile-robot/build/py_udp_communication', 'catkin_cmake_args': None, 'catkin_skip_building_tests': False, 'cmake_args': None, 'cmake_clean_cache': False, 'cmake_clean_first': False, 'cmake_force_configure': False, 'cmake_target': None, 'cmake_target_skip_unavailable': False, 'install_base': '/home/umair/ros2-esp32-mobile-robot/install/py_udp_communication', 'merge_install': False, 'path': '/home/umair/ros2-esp32-mobile-robot/src/py_udp_communication', 'symlink_install': False, 'test_result_base': None}
[0.461s] Level 5:colcon.colcon_core.verb:set package 'py_udp_sender' build argument 'cmake_args' from command line to 'None'
[0.461s] Level 5:colcon.colcon_core.verb:set package 'py_udp_sender' build argument 'cmake_target' from command line to 'None'
[0.461s] Level 5:colcon.colcon_core.verb:set package 'py_udp_sender' build argument 'cmake_target_skip_unavailable' from command line to 'False'
[0.461s] Level 5:colcon.colcon_core.verb:set package 'py_udp_sender' build argument 'cmake_clean_cache' from command line to 'False'
[0.461s] Level 5:colcon.colcon_core.verb:set package 'py_udp_sender' build argument 'cmake_clean_first' from command line to 'False'
[0.461s] Level 5:colcon.colcon_core.verb:set package 'py_udp_sender' build argument 'cmake_force_configure' from command line to 'False'
[0.461s] Level 5:colcon.colcon_core.verb:set package 'py_udp_sender' build argument 'ament_cmake_args' from command line to 'None'
[0.461s] Level 5:colcon.colcon_core.verb:set package 'py_udp_sender' build argument 'catkin_cmake_args' from command line to 'None'
[0.461s] Level 5:colcon.colcon_core.verb:set package 'py_udp_sender' build argument 'catkin_skip_building_tests' from command line to 'False'
[0.461s] DEBUG:colcon.colcon_core.verb:Building package 'py_udp_sender' with the following arguments: {'ament_cmake_args': None, 'build_base': '/home/umair/ros2-esp32-mobile-robot/build/py_udp_sender', 'catkin_cmake_args': None, 'catkin_skip_building_tests': False, 'cmake_args': None, 'cmake_clean_cache': False, 'cmake_clean_first': False, 'cmake_force_configure': False, 'cmake_target': None, 'cmake_target_skip_unavailable': False, 'install_base': '/home/umair/ros2-esp32-mobile-robot/install/py_udp_sender', 'merge_install': False, 'path': '/home/umair/ros2-esp32-mobile-robot/src/py_udp_sender', 'symlink_install': False, 'test_result_base': None}
[0.462s] INFO:colcon.colcon_core.executor:Executing jobs using 'parallel' executor
[0.463s] DEBUG:colcon.colcon_parallel_executor.executor.parallel:run_until_complete
[0.463s] INFO:colcon.colcon_ros.task.ament_cmake.build:Building ROS package in '/home/umair/ros2-esp32-mobile-robot/src/custom_interfaces' with build type 'ament_cmake'
[0.463s] INFO:colcon.colcon_cmake.task.cmake.build:Building CMake package in '/home/umair/ros2-esp32-mobile-robot/src/custom_interfaces'
[0.465s] INFO:colcon.colcon_core.plugin_system:Skipping extension 'colcon_core.shell.bat': Not used on non-Windows systems
[0.465s] INFO:colcon.colcon_core.shell:Skip shell extension 'powershell' for command environment: Not usable outside of PowerShell
[0.465s] DEBUG:colcon.colcon_core.shell:Skip shell extension 'dsv' for command environment
[0.477s] DEBUG:colcon.colcon_core.event_handler.log_command:Invoking command in '/home/umair/ros2-esp32-mobile-robot/build/custom_interfaces': CMAKE_PREFIX_PATH=${CMAKE_PREFIX_PATH}:/home/umair/ros2-esp32-mobile-robot/src/install/py_udp_sender:/home/umair/ros2-esp32-mobile-robot/src/install/pu_udp_communication:/opt/ros/humble /usr/bin/cmake --build /home/umair/ros2-esp32-mobile-robot/build/custom_interfaces -- -j12 -l12
[0.903s] DEBUG:colcon.colcon_core.event_handler.log_command:Invoked command in '/home/umair/ros2-esp32-mobile-robot/build/custom_interfaces' returned '0': CMAKE_PREFIX_PATH=${CMAKE_PREFIX_PATH}:/home/umair/ros2-esp32-mobile-robot/src/install/py_udp_sender:/home/umair/ros2-esp32-mobile-robot/src/install/pu_udp_communication:/opt/ros/humble /usr/bin/cmake --build /home/umair/ros2-esp32-mobile-robot/build/custom_interfaces -- -j12 -l12
[0.916s] DEBUG:colcon.colcon_core.event_handler.log_command:Invoking command in '/home/umair/ros2-esp32-mobile-robot/build/custom_interfaces': CMAKE_PREFIX_PATH=${CMAKE_PREFIX_PATH}:/home/umair/ros2-esp32-mobile-robot/src/install/py_udp_sender:/home/umair/ros2-esp32-mobile-robot/src/install/pu_udp_communication:/opt/ros/humble /usr/bin/cmake --install /home/umair/ros2-esp32-mobile-robot/build/custom_interfaces
[0.977s] Level 1:colcon.colcon_core.environment:create_environment_scripts_only(custom_interfaces)
[0.977s] DEBUG:colcon.colcon_core.event_handler.log_command:Invoked command in '/home/umair/ros2-esp32-mobile-robot/build/custom_interfaces' returned '0': CMAKE_PREFIX_PATH=${CMAKE_PREFIX_PATH}:/home/umair/ros2-esp32-mobile-robot/src/install/py_udp_sender:/home/umair/ros2-esp32-mobile-robot/src/install/pu_udp_communication:/opt/ros/humble /usr/bin/cmake --install /home/umair/ros2-esp32-mobile-robot/build/custom_interfaces
[0.979s] Level 1:colcon.colcon_core.environment:checking '/home/umair/ros2-esp32-mobile-robot/install/custom_interfaces' for CMake module files
[0.980s] Level 1:colcon.colcon_core.environment:checking '/home/umair/ros2-esp32-mobile-robot/install/custom_interfaces' for CMake config files
[0.980s] Level 1:colcon.colcon_core.shell:create_environment_hook('custom_interfaces', 'cmake_prefix_path')
[0.981s] INFO:colcon.colcon_core.shell:Creating environment hook '/home/umair/ros2-esp32-mobile-robot/install/custom_interfaces/share/custom_interfaces/hook/cmake_prefix_path.ps1'
[0.981s] INFO:colcon.colcon_core.shell:Creating environment descriptor '/home/umair/ros2-esp32-mobile-robot/install/custom_interfaces/share/custom_interfaces/hook/cmake_prefix_path.dsv'
[0.982s] INFO:colcon.colcon_core.shell:Creating environment hook '/home/umair/ros2-esp32-mobile-robot/install/custom_interfaces/share/custom_interfaces/hook/cmake_prefix_path.sh'
[0.983s] Level 1:colcon.colcon_core.environment:checking '/home/umair/ros2-esp32-mobile-robot/install/custom_interfaces/lib'
[0.983s] Level 1:colcon.colcon_core.shell:create_environment_hook('custom_interfaces', 'ld_library_path_lib')
[0.983s] INFO:colcon.colcon_core.shell:Creating environment hook '/home/umair/ros2-esp32-mobile-robot/install/custom_interfaces/share/custom_interfaces/hook/ld_library_path_lib.ps1'
[0.984s] INFO:colcon.colcon_core.shell:Creating environment descriptor '/home/umair/ros2-esp32-mobile-robot/install/custom_interfaces/share/custom_interfaces/hook/ld_library_path_lib.dsv'
[0.984s] INFO:colcon.colcon_core.shell:Creating environment hook '/home/umair/ros2-esp32-mobile-robot/install/custom_interfaces/share/custom_interfaces/hook/ld_library_path_lib.sh'
[0.984s] Level 1:colcon.colcon_core.environment:checking '/home/umair/ros2-esp32-mobile-robot/install/custom_interfaces/bin'
[0.984s] Level 1:colcon.colcon_core.environment:checking '/home/umair/ros2-esp32-mobile-robot/install/custom_interfaces/lib/pkgconfig/custom_interfaces.pc'
[0.985s] Level 1:colcon.colcon_core.environment:checking '/home/umair/ros2-esp32-mobile-robot/install/custom_interfaces/lib/python3.10/site-packages'
[0.985s] Level 1:colcon.colcon_core.environment:checking '/home/umair/ros2-esp32-mobile-robot/install/custom_interfaces/bin'
[0.985s] INFO:colcon.colcon_core.shell:Creating package script '/home/umair/ros2-esp32-mobile-robot/install/custom_interfaces/share/custom_interfaces/package.ps1'
[0.986s] INFO:colcon.colcon_core.shell:Creating package descriptor '/home/umair/ros2-esp32-mobile-robot/install/custom_interfaces/share/custom_interfaces/package.dsv'
[0.987s] INFO:colcon.colcon_core.shell:Creating package script '/home/umair/ros2-esp32-mobile-robot/install/custom_interfaces/share/custom_interfaces/package.sh'
[0.987s] INFO:colcon.colcon_core.shell:Creating package script '/home/umair/ros2-esp32-mobile-robot/install/custom_interfaces/share/custom_interfaces/package.bash'
[0.988s] INFO:colcon.colcon_core.shell:Creating package script '/home/umair/ros2-esp32-mobile-robot/install/custom_interfaces/share/custom_interfaces/package.zsh'
[0.989s] Level 1:colcon.colcon_core.environment:create_file_with_runtime_dependencies(/home/umair/ros2-esp32-mobile-robot/install/custom_interfaces/share/colcon-core/packages/custom_interfaces)
[0.990s] Level 1:colcon.colcon_core.environment:create_environment_scripts_only(custom_interfaces)
[0.990s] Level 1:colcon.colcon_core.environment:checking '/home/umair/ros2-esp32-mobile-robot/install/custom_interfaces' for CMake module files
[0.990s] Level 1:colcon.colcon_core.environment:checking '/home/umair/ros2-esp32-mobile-robot/install/custom_interfaces' for CMake config files
[0.991s] Level 1:colcon.colcon_core.shell:create_environment_hook('custom_interfaces', 'cmake_prefix_path')
[0.991s] INFO:colcon.colcon_core.shell:Creating environment hook '/home/umair/ros2-esp32-mobile-robot/install/custom_interfaces/share/custom_interfaces/hook/cmake_prefix_path.ps1'
[0.991s] INFO:colcon.colcon_core.shell:Creating environment descriptor '/home/umair/ros2-esp32-mobile-robot/install/custom_interfaces/share/custom_interfaces/hook/cmake_prefix_path.dsv'
[0.992s] INFO:colcon.colcon_core.shell:Creating environment hook '/home/umair/ros2-esp32-mobile-robot/install/custom_interfaces/share/custom_interfaces/hook/cmake_prefix_path.sh'
[0.992s] Level 1:colcon.colcon_core.environment:checking '/home/umair/ros2-esp32-mobile-robot/install/custom_interfaces/lib'
[0.992s] Level 1:colcon.colcon_core.shell:create_environment_hook('custom_interfaces', 'ld_library_path_lib')
[0.993s] INFO:colcon.colcon_core.shell:Creating environment hook '/home/umair/ros2-esp32-mobile-robot/install/custom_interfaces/share/custom_interfaces/hook/ld_library_path_lib.ps1'
[0.993s] INFO:colcon.colcon_core.shell:Creating environment descriptor '/home/umair/ros2-esp32-mobile-robot/install/custom_interfaces/share/custom_interfaces/hook/ld_library_path_lib.dsv'
[0.993s] INFO:colcon.colcon_core.shell:Creating environment hook '/home/umair/ros2-esp32-mobile-robot/install/custom_interfaces/share/custom_interfaces/hook/ld_library_path_lib.sh'
[0.994s] Level 1:colcon.colcon_core.environment:checking '/home/umair/ros2-esp32-mobile-robot/install/custom_interfaces/bin'
[0.994s] Level 1:colcon.colcon_core.environment:checking '/home/umair/ros2-esp32-mobile-robot/install/custom_interfaces/lib/pkgconfig/custom_interfaces.pc'
[0.994s] Level 1:colcon.colcon_core.environment:checking '/home/umair/ros2-esp32-mobile-robot/install/custom_interfaces/lib/python3.10/site-packages'
[0.994s] Level 1:colcon.colcon_core.environment:checking '/home/umair/ros2-esp32-mobile-robot/install/custom_interfaces/bin'
[0.995s] INFO:colcon.colcon_core.shell:Creating package script '/home/umair/ros2-esp32-mobile-robot/install/custom_interfaces/share/custom_interfaces/package.ps1'
[0.995s] INFO:colcon.colcon_core.shell:Creating package descriptor '/home/umair/ros2-esp32-mobile-robot/install/custom_interfaces/share/custom_interfaces/package.dsv'
[0.996s] INFO:colcon.colcon_core.shell:Creating package script '/home/umair/ros2-esp32-mobile-robot/install/custom_interfaces/share/custom_interfaces/package.sh'
[0.996s] INFO:colcon.colcon_core.shell:Creating package script '/home/umair/ros2-esp32-mobile-robot/install/custom_interfaces/share/custom_interfaces/package.bash'
[0.997s] INFO:colcon.colcon_core.shell:Creating package script '/home/umair/ros2-esp32-mobile-robot/install/custom_interfaces/share/custom_interfaces/package.zsh'
[0.997s] Level 1:colcon.colcon_core.environment:create_file_with_runtime_dependencies(/home/umair/ros2-esp32-mobile-robot/install/custom_interfaces/share/colcon-core/packages/custom_interfaces)
[0.998s] INFO:colcon.colcon_ros.task.ament_python.build:Building ROS package in '/home/umair/ros2-esp32-mobile-robot/src/py_udp_communication' with build type 'ament_python'
[0.998s] Level 1:colcon.colcon_core.shell:create_environment_hook('py_udp_communication', 'ament_prefix_path')
[0.998s] INFO:colcon.colcon_core.shell:Creating environment hook '/home/umair/ros2-esp32-mobile-robot/install/py_udp_communication/share/py_udp_communication/hook/ament_prefix_path.ps1'
[0.999s] INFO:colcon.colcon_core.shell:Creating environment descriptor '/home/umair/ros2-esp32-mobile-robot/install/py_udp_communication/share/py_udp_communication/hook/ament_prefix_path.dsv'
[0.999s] INFO:colcon.colcon_core.shell:Creating environment hook '/home/umair/ros2-esp32-mobile-robot/install/py_udp_communication/share/py_udp_communication/hook/ament_prefix_path.sh'
[1.000s] INFO:colcon.colcon_core.shell:Skip shell extension 'powershell' for command environment: Not usable outside of PowerShell
[1.000s] DEBUG:colcon.colcon_core.shell:Skip shell extension 'dsv' for command environment
[1.004s] INFO:colcon.colcon_ros.task.ament_python.build:Building ROS package in '/home/umair/ros2-esp32-mobile-robot/src/py_udp_sender' with build type 'ament_python'
[1.004s] Level 1:colcon.colcon_core.shell:create_environment_hook('py_udp_sender', 'ament_prefix_path')
[1.004s] INFO:colcon.colcon_core.shell:Creating environment hook '/home/umair/ros2-esp32-mobile-robot/install/py_udp_sender/share/py_udp_sender/hook/ament_prefix_path.ps1'
[1.005s] INFO:colcon.colcon_core.shell:Creating environment descriptor '/home/umair/ros2-esp32-mobile-robot/install/py_udp_sender/share/py_udp_sender/hook/ament_prefix_path.dsv'
[1.005s] INFO:colcon.colcon_core.shell:Creating environment hook '/home/umair/ros2-esp32-mobile-robot/install/py_udp_sender/share/py_udp_sender/hook/ament_prefix_path.sh'
[1.006s] INFO:colcon.colcon_core.shell:Skip shell extension 'powershell' for command environment: Not usable outside of PowerShell
[1.006s] DEBUG:colcon.colcon_core.shell:Skip shell extension 'dsv' for command environment
[1.320s] INFO:colcon.colcon_core.task.python.build:Building Python package in '/home/umair/ros2-esp32-mobile-robot/src/py_udp_communication'
[1.320s] INFO:colcon.colcon_core.shell:Skip shell extension 'powershell' for command environment: Not usable outside of PowerShell
[1.320s] DEBUG:colcon.colcon_core.shell:Skip shell extension 'dsv' for command environment
[1.632s] INFO:colcon.colcon_core.task.python.build:Building Python package in '/home/umair/ros2-esp32-mobile-robot/src/py_udp_sender'
[1.632s] INFO:colcon.colcon_core.shell:Skip shell extension 'powershell' for command environment: Not usable outside of PowerShell
[1.632s] DEBUG:colcon.colcon_core.shell:Skip shell extension 'dsv' for command environment
[2.047s] DEBUG:colcon.colcon_core.event_handler.log_command:Invoking command in '/home/umair/ros2-esp32-mobile-robot/src/py_udp_communication': AMENT_PREFIX_PATH=/home/umair/ros2-esp32-mobile-robot/install/custom_interfaces:${AMENT_PREFIX_PATH} CMAKE_PREFIX_PATH=/home/umair/ros2-esp32-mobile-robot/install/custom_interfaces:${CMAKE_PREFIX_PATH} LD_LIBRARY_PATH=/home/umair/ros2-esp32-mobile-robot/install/custom_interfaces/lib:${LD_LIBRARY_PATH} PYTHONPATH=/home/umair/ros2-esp32-mobile-robot/build/py_udp_communication/prefix_override:/usr/lib/python3/dist-packages/colcon_core/task/python/colcon_distutils_commands:/home/umair/ros2-esp32-mobile-robot/install/py_udp_communication/lib/python3.10/site-packages:/home/umair/ros2-esp32-mobile-robot/install/custom_interfaces/local/lib/python3.10/dist-packages:${PYTHONPATH} /usr/bin/python3 -W ignore:setup.py install is deprecated -W ignore:easy_install command is deprecated setup.py egg_info --egg-base ../../build/py_udp_communication build --build-base /home/umair/ros2-esp32-mobile-robot/build/py_udp_communication/build install --record /home/umair/ros2-esp32-mobile-robot/build/py_udp_communication/install.log --single-version-externally-managed install_data
[2.063s] DEBUG:colcon.colcon_core.event_handler.log_command:Invoking command in '/home/umair/ros2-esp32-mobile-robot/src/py_udp_sender': AMENT_PREFIX_PATH=/home/umair/ros2-esp32-mobile-robot/install/custom_interfaces:${AMENT_PREFIX_PATH} CMAKE_PREFIX_PATH=/home/umair/ros2-esp32-mobile-robot/install/custom_interfaces:${CMAKE_PREFIX_PATH} LD_LIBRARY_PATH=/home/umair/ros2-esp32-mobile-robot/install/custom_interfaces/lib:${LD_LIBRARY_PATH} PYTHONPATH=/home/umair/ros2-esp32-mobile-robot/build/py_udp_sender/prefix_override:/usr/lib/python3/dist-packages/colcon_core/task/python/colcon_distutils_commands:/home/umair/ros2-esp32-mobile-robot/install/py_udp_sender/lib/python3.10/site-packages:/home/umair/ros2-esp32-mobile-robot/install/custom_interfaces/local/lib/python3.10/dist-packages:${PYTHONPATH} /usr/bin/python3 -W ignore:setup.py install is deprecated -W ignore:easy_install command is deprecated setup.py egg_info --egg-base ../../build/py_udp_sender build --build-base /home/umair/ros2-esp32-mobile-robot/build/py_udp_sender/build install --record /home/umair/ros2-esp32-mobile-robot/build/py_udp_sender/install.log --single-version-externally-managed install_data
[2.400s] Level 1:colcon.colcon_core.environment:checking '/home/umair/ros2-esp32-mobile-robot/install/py_udp_communication' for CMake module files
[2.401s] DEBUG:colcon.colcon_core.event_handler.log_command:Invoked command in '/home/umair/ros2-esp32-mobile-robot/src/py_udp_communication' returned '0': AMENT_PREFIX_PATH=/home/umair/ros2-esp32-mobile-robot/install/custom_interfaces:${AMENT_PREFIX_PATH} CMAKE_PREFIX_PATH=/home/umair/ros2-esp32-mobile-robot/install/custom_interfaces:${CMAKE_PREFIX_PATH} LD_LIBRARY_PATH=/home/umair/ros2-esp32-mobile-robot/install/custom_interfaces/lib:${LD_LIBRARY_PATH} PYTHONPATH=/home/umair/ros2-esp32-mobile-robot/build/py_udp_communication/prefix_override:/usr/lib/python3/dist-packages/colcon_core/task/python/colcon_distutils_commands:/home/umair/ros2-esp32-mobile-robot/install/py_udp_communication/lib/python3.10/site-packages:/home/umair/ros2-esp32-mobile-robot/install/custom_interfaces/local/lib/python3.10/dist-packages:${PYTHONPATH} /usr/bin/python3 -W ignore:setup.py install is deprecated -W ignore:easy_install command is deprecated setup.py egg_info --egg-base ../../build/py_udp_communication build --build-base /home/umair/ros2-esp32-mobile-robot/build/py_udp_communication/build install --record /home/umair/ros2-esp32-mobile-robot/build/py_udp_communication/install.log --single-version-externally-managed install_data
[2.401s] Level 1:colcon.colcon_core.environment:checking '/home/umair/ros2-esp32-mobile-robot/install/py_udp_communication' for CMake config files
[2.402s] Level 1:colcon.colcon_core.environment:checking '/home/umair/ros2-esp32-mobile-robot/install/py_udp_communication/lib'
[2.402s] Level 1:colcon.colcon_core.environment:checking '/home/umair/ros2-esp32-mobile-robot/install/py_udp_communication/bin'
[2.402s] Level 1:colcon.colcon_core.environment:checking '/home/umair/ros2-esp32-mobile-robot/install/py_udp_communication/lib/pkgconfig/py_udp_communication.pc'
[2.402s] Level 1:colcon.colcon_core.environment:checking '/home/umair/ros2-esp32-mobile-robot/install/py_udp_communication/lib/python3.10/site-packages'
[2.402s] Level 1:colcon.colcon_core.shell:create_environment_hook('py_udp_communication', 'pythonpath')
[2.402s] INFO:colcon.colcon_core.shell:Creating environment hook '/home/umair/ros2-esp32-mobile-robot/install/py_udp_communication/share/py_udp_communication/hook/pythonpath.ps1'
[2.403s] INFO:colcon.colcon_core.shell:Creating environment descriptor '/home/umair/ros2-esp32-mobile-robot/install/py_udp_communication/share/py_udp_communication/hook/pythonpath.dsv'
[2.403s] INFO:colcon.colcon_core.shell:Creating environment hook '/home/umair/ros2-esp32-mobile-robot/install/py_udp_communication/share/py_udp_communication/hook/pythonpath.sh'
[2.404s] Level 1:colcon.colcon_core.environment:checking '/home/umair/ros2-esp32-mobile-robot/install/py_udp_communication/bin'
[2.404s] Level 1:colcon.colcon_core.environment:create_environment_scripts_only(py_udp_communication)
[2.404s] INFO:colcon.colcon_core.shell:Creating package script '/home/umair/ros2-esp32-mobile-robot/install/py_udp_communication/share/py_udp_communication/package.ps1'
[2.405s] INFO:colcon.colcon_core.shell:Creating package descriptor '/home/umair/ros2-esp32-mobile-robot/install/py_udp_communication/share/py_udp_communication/package.dsv'
[2.406s] INFO:colcon.colcon_core.shell:Creating package script '/home/umair/ros2-esp32-mobile-robot/install/py_udp_communication/share/py_udp_communication/package.sh'
[2.406s] INFO:colcon.colcon_core.shell:Creating package script '/home/umair/ros2-esp32-mobile-robot/install/py_udp_communication/share/py_udp_communication/package.bash'
[2.406s] INFO:colcon.colcon_core.shell:Creating package script '/home/umair/ros2-esp32-mobile-robot/install/py_udp_communication/share/py_udp_communication/package.zsh'
[2.407s] Level 1:colcon.colcon_core.environment:create_file_with_runtime_dependencies(/home/umair/ros2-esp32-mobile-robot/install/py_udp_communication/share/colcon-core/packages/py_udp_communication)
[2.408s] Level 1:colcon.colcon_core.environment:checking '/home/umair/ros2-esp32-mobile-robot/install/py_udp_sender' for CMake module files
[2.409s] DEBUG:colcon.colcon_core.event_handler.log_command:Invoked command in '/home/umair/ros2-esp32-mobile-robot/src/py_udp_sender' returned '0': AMENT_PREFIX_PATH=/home/umair/ros2-esp32-mobile-robot/install/custom_interfaces:${AMENT_PREFIX_PATH} CMAKE_PREFIX_PATH=/home/umair/ros2-esp32-mobile-robot/install/custom_interfaces:${CMAKE_PREFIX_PATH} LD_LIBRARY_PATH=/home/umair/ros2-esp32-mobile-robot/install/custom_interfaces/lib:${LD_LIBRARY_PATH} PYTHONPATH=/home/umair/ros2-esp32-mobile-robot/build/py_udp_sender/prefix_override:/usr/lib/python3/dist-packages/colcon_core/task/python/colcon_distutils_commands:/home/umair/ros2-esp32-mobile-robot/install/py_udp_sender/lib/python3.10/site-packages:/home/umair/ros2-esp32-mobile-robot/install/custom_interfaces/local/lib/python3.10/dist-packages:${PYTHONPATH} /usr/bin/python3 -W ignore:setup.py install is deprecated -W ignore:easy_install command is deprecated setup.py egg_info --egg-base ../../build/py_udp_sender build --build-base /home/umair/ros2-esp32-mobile-robot/build/py_udp_sender/build install --record /home/umair/ros2-esp32-mobile-robot/build/py_udp_sender/install.log --single-version-externally-managed install_data
[2.409s] Level 1:colcon.colcon_core.environment:checking '/home/umair/ros2-esp32-mobile-robot/install/py_udp_sender' for CMake config files
[2.410s] Level 1:colcon.colcon_core.environment:checking '/home/umair/ros2-esp32-mobile-robot/install/py_udp_sender/lib'
[2.410s] Level 1:colcon.colcon_core.environment:checking '/home/umair/ros2-esp32-mobile-robot/install/py_udp_sender/bin'
[2.410s] Level 1:colcon.colcon_core.environment:checking '/home/umair/ros2-esp32-mobile-robot/install/py_udp_sender/lib/pkgconfig/py_udp_sender.pc'
[2.410s] Level 1:colcon.colcon_core.environment:checking '/home/umair/ros2-esp32-mobile-robot/install/py_udp_sender/lib/python3.10/site-packages'
[2.410s] Level 1:colcon.colcon_core.shell:create_environment_hook('py_udp_sender', 'pythonpath')
[2.410s] INFO:colcon.colcon_core.shell:Creating environment hook '/home/umair/ros2-esp32-mobile-robot/install/py_udp_sender/share/py_udp_sender/hook/pythonpath.ps1'
[2.411s] INFO:colcon.colcon_core.shell:Creating environment descriptor '/home/umair/ros2-esp32-mobile-robot/install/py_udp_sender/share/py_udp_sender/hook/pythonpath.dsv'
[2.411s] INFO:colcon.colcon_core.shell:Creating environment hook '/home/umair/ros2-esp32-mobile-robot/install/py_udp_sender/share/py_udp_sender/hook/pythonpath.sh'
[2.412s] Level 1:colcon.colcon_core.environment:checking '/home/umair/ros2-esp32-mobile-robot/install/py_udp_sender/bin'
[2.412s] Level 1:colcon.colcon_core.environment:create_environment_scripts_only(py_udp_sender)
[2.412s] INFO:colcon.colcon_core.shell:Creating package script '/home/umair/ros2-esp32-mobile-robot/install/py_udp_sender/share/py_udp_sender/package.ps1'
[2.413s] INFO:colcon.colcon_core.shell:Creating package descriptor '/home/umair/ros2-esp32-mobile-robot/install/py_udp_sender/share/py_udp_sender/package.dsv'
[2.413s] INFO:colcon.colcon_core.shell:Creating package script '/home/umair/ros2-esp32-mobile-robot/install/py_udp_sender/share/py_udp_sender/package.sh'
[2.414s] INFO:colcon.colcon_core.shell:Creating package script '/home/umair/ros2-esp32-mobile-robot/install/py_udp_sender/share/py_udp_sender/package.bash'
[2.414s] INFO:colcon.colcon_core.shell:Creating package script '/home/umair/ros2-esp32-mobile-robot/install/py_udp_sender/share/py_udp_sender/package.zsh'
[2.414s] Level 1:colcon.colcon_core.environment:create_file_with_runtime_dependencies(/home/umair/ros2-esp32-mobile-robot/install/py_udp_sender/share/colcon-core/packages/py_udp_sender)
[2.415s] DEBUG:colcon.colcon_parallel_executor.executor.parallel:closing loop
[2.415s] DEBUG:colcon.colcon_parallel_executor.executor.parallel:loop closed
[2.415s] DEBUG:colcon.colcon_parallel_executor.executor.parallel:run_until_complete finished with '0'
[2.415s] DEBUG:colcon.colcon_core.event_reactor:joining thread
[2.422s] INFO:colcon.colcon_core.plugin_system:Skipping extension 'colcon_notification.desktop_notification.terminal_notifier': Not used on non-Darwin systems
[2.422s] INFO:colcon.colcon_core.plugin_system:Skipping extension 'colcon_notification.desktop_notification.win32': Not used on non-Windows systems
[2.422s] INFO:colcon.colcon_notification.desktop_notification:Sending desktop notification using 'notify2'
[2.435s] DEBUG:colcon.colcon_core.event_reactor:joined thread
[2.436s] INFO:colcon.colcon_core.shell:Creating prefix script '/home/umair/ros2-esp32-mobile-robot/install/local_setup.ps1'
[2.437s] INFO:colcon.colcon_core.shell:Creating prefix util module '/home/umair/ros2-esp32-mobile-robot/install/_local_setup_util_ps1.py'
[2.438s] INFO:colcon.colcon_core.shell:Creating prefix chain script '/home/umair/ros2-esp32-mobile-robot/install/setup.ps1'
[2.439s] INFO:colcon.colcon_core.shell:Creating prefix script '/home/umair/ros2-esp32-mobile-robot/install/local_setup.sh'
[2.440s] INFO:colcon.colcon_core.shell:Creating prefix util module '/home/umair/ros2-esp32-mobile-robot/install/_local_setup_util_sh.py'
[2.440s] INFO:colcon.colcon_core.shell:Creating prefix chain script '/home/umair/ros2-esp32-mobile-robot/install/setup.sh'
[2.441s] INFO:colcon.colcon_core.shell:Creating prefix script '/home/umair/ros2-esp32-mobile-robot/install/local_setup.bash'
[2.442s] INFO:colcon.colcon_core.shell:Creating prefix chain script '/home/umair/ros2-esp32-mobile-robot/install/setup.bash'
[2.443s] INFO:colcon.colcon_core.shell:Creating prefix script '/home/umair/ros2-esp32-mobile-robot/install/local_setup.zsh'
[2.443s] INFO:colcon.colcon_core.shell:Creating prefix chain script '/home/umair/ros2-esp32-mobile-robot/install/setup.zsh'
