[0.014s] Invoking command in '/home/umair/ros2-esp32-mobile-robot/build/custom_interfaces': CMAKE_PREFIX_PATH=/opt/ros/humble /usr/bin/cmake --build /home/umair/ros2-esp32-mobile-robot/build/custom_interfaces -- -j12 -l12
[0.042s] -- Found ament_cmake: 1.3.14 (/opt/ros/humble/share/ament_cmake/cmake)
[0.182s] -- Found rosidl_default_generators: 1.2.1 (/opt/ros/humble/share/rosidl_default_generators/cmake)
[0.183s] -- Using all available rosidl_typesupport_c: rosidl_typesupport_fastrtps_c;rosidl_typesupport_introspection_c
[0.186s] -- Found rosidl_adapter: 3.1.8 (/opt/ros/humble/share/rosidl_adapter/cmake)
[0.221s] -- Using all available rosidl_typesupport_cpp: rosidl_typesupport_fastrtps_cpp;rosidl_typesupport_introspection_cpp
[0.517s] -- Found ament_cmake_ros: 0.10.0 (/opt/ros/humble/share/ament_cmake_ros/cmake)
[0.719s] -- Using all available rosidl_typesupport_c: rosidl_typesupport_fastrtps_c;rosidl_typesupport_introspection_c
[0.981s] -- Using all available rosidl_typesupport_cpp: rosidl_typesupport_fastrtps_cpp;rosidl_typesupport_introspection_cpp
[1.006s] -- Found python_cmake_module: 0.10.0 (/opt/ros/humble/share/python_cmake_module/cmake)
[1.031s] -- Using PYTHON_EXECUTABLE: /usr/bin/python3
[1.031s] -- Using PYTHON_INCLUDE_DIRS: /usr/include/python3.10
[1.031s] -- Using PYTHON_LIBRARIES: /usr/lib/x86_64-linux-gnu/libpython3.10.so
[1.109s] -- Found ament_lint_auto: 0.12.15 (/opt/ros/humble/share/ament_lint_auto/cmake)
[1.120s] -- Added test 'lint_cmake' to check CMake code style
[1.122s] -- Added test 'xmllint' to check XML markup files
[1.124s] -- Configuring done
[1.161s] -- Generating done
[1.178s] -- Build files have been written to: /home/umair/ros2-esp32-mobile-robot/build/custom_interfaces
[1.222s] [35m[1mConsolidate compiler generated dependencies of target custom_interfaces__rosidl_generator_c[0m
[1.235s] [  3%] Built target custom_interfaces__cpp
[1.235s] [  6%] Built target custom_interfaces__rs
[1.236s] [ 15%] Built target custom_interfaces__rosidl_generator_c
[1.248s] [ 15%] Built target ament_cmake_python_copy_custom_interfaces
[1.250s] [35m[1mConsolidate compiler generated dependencies of target custom_interfaces__rosidl_typesupport_cpp[0m
[1.250s] [35m[1mConsolidate compiler generated dependencies of target custom_interfaces__rosidl_typesupport_fastrtps_cpp[0m
[1.250s] [35m[1mConsolidate compiler generated dependencies of target custom_interfaces__rosidl_typesupport_introspection_c[0m
[1.250s] [35m[1mConsolidate compiler generated dependencies of target custom_interfaces__rosidl_typesupport_fastrtps_c[0m
[1.250s] [35m[1mConsolidate compiler generated dependencies of target custom_interfaces__rosidl_typesupport_introspection_cpp[0m
[1.251s] [35m[1mConsolidate compiler generated dependencies of target custom_interfaces__rosidl_typesupport_c[0m
[1.268s] [ 25%] Built target custom_interfaces__rosidl_typesupport_cpp
[1.268s] [ 37%] Built target custom_interfaces__rosidl_typesupport_fastrtps_cpp
[1.268s] [ 43%] Built target custom_interfaces__rosidl_typesupport_introspection_c
[1.269s] [ 53%] Built target custom_interfaces__rosidl_typesupport_c
[1.271s] [ 62%] Built target custom_interfaces__rosidl_typesupport_introspection_cpp
[1.272s] [ 71%] Built target custom_interfaces__rosidl_typesupport_fastrtps_c
[1.298s] [ 71%] Built target custom_interfaces
[1.324s] [ 75%] Built target custom_interfaces__py
[1.337s] [35m[1mConsolidate compiler generated dependencies of target custom_interfaces__rosidl_generator_py[0m
[1.354s] [ 81%] Built target custom_interfaces__rosidl_generator_py
[1.368s] [35m[1mConsolidate compiler generated dependencies of target custom_interfaces__rosidl_typesupport_fastrtps_c__pyext[0m
[1.368s] [35m[1mConsolidate compiler generated dependencies of target custom_interfaces__rosidl_typesupport_introspection_c__pyext[0m
[1.368s] [35m[1mConsolidate compiler generated dependencies of target custom_interfaces__rosidl_typesupport_c__pyext[0m
[1.385s] [100%] Built target custom_interfaces__rosidl_typesupport_introspection_c__pyext
[1.385s] [100%] Built target custom_interfaces__rosidl_typesupport_fastrtps_c__pyext
[1.385s] [100%] Built target custom_interfaces__rosidl_typesupport_c__pyext
[1.550s] running egg_info
[1.551s] writing custom_interfaces.egg-info/PKG-INFO
[1.551s] writing dependency_links to custom_interfaces.egg-info/dependency_links.txt
[1.551s] writing top-level names to custom_interfaces.egg-info/top_level.txt
[1.554s] reading manifest file 'custom_interfaces.egg-info/SOURCES.txt'
[1.555s] writing manifest file 'custom_interfaces.egg-info/SOURCES.txt'
[1.583s] [100%] Built target ament_cmake_python_build_custom_interfaces_egg
[1.598s] Invoked command in '/home/umair/ros2-esp32-mobile-robot/build/custom_interfaces' returned '0': CMAKE_PREFIX_PATH=/opt/ros/humble /usr/bin/cmake --build /home/umair/ros2-esp32-mobile-robot/build/custom_interfaces -- -j12 -l12
[1.609s] Invoking command in '/home/umair/ros2-esp32-mobile-robot/build/custom_interfaces': CMAKE_PREFIX_PATH=/opt/ros/humble /usr/bin/cmake --install /home/umair/ros2-esp32-mobile-robot/build/custom_interfaces
[1.619s] -- Install configuration: ""
[1.620s] -- Up-to-date: /home/umair/ros2-esp32-mobile-robot/install/custom_interfaces/share/ament_index/resource_index/rosidl_interfaces/custom_interfaces
[1.620s] -- Up-to-date: /home/umair/ros2-esp32-mobile-robot/install/custom_interfaces/include/custom_interfaces/custom_interfaces
[1.620s] -- Up-to-date: /home/umair/ros2-esp32-mobile-robot/install/custom_interfaces/include/custom_interfaces/custom_interfaces/msg
[1.620s] -- Up-to-date: /home/umair/ros2-esp32-mobile-robot/install/custom_interfaces/include/custom_interfaces/custom_interfaces/msg/rosidl_generator_c__visibility_control.h
[1.620s] -- Up-to-date: /home/umair/ros2-esp32-mobile-robot/install/custom_interfaces/include/custom_interfaces/custom_interfaces/msg/detail
[1.620s] -- Up-to-date: /home/umair/ros2-esp32-mobile-robot/install/custom_interfaces/include/custom_interfaces/custom_interfaces/msg/detail/encoder_data__functions.c
[1.620s] -- Up-to-date: /home/umair/ros2-esp32-mobile-robot/install/custom_interfaces/include/custom_interfaces/custom_interfaces/msg/detail/encoder_data__functions.h
[1.621s] -- Up-to-date: /home/umair/ros2-esp32-mobile-robot/install/custom_interfaces/include/custom_interfaces/custom_interfaces/msg/detail/encoder_data__struct.h
[1.621s] -- Up-to-date: /home/umair/ros2-esp32-mobile-robot/install/custom_interfaces/include/custom_interfaces/custom_interfaces/msg/detail/encoder_data__type_support.h
[1.621s] -- Up-to-date: /home/umair/ros2-esp32-mobile-robot/install/custom_interfaces/include/custom_interfaces/custom_interfaces/msg/encoder_data.h
[1.621s] -- Up-to-date: /home/umair/ros2-esp32-mobile-robot/install/custom_interfaces/share/custom_interfaces/environment/library_path.sh
[1.621s] -- Installing: /home/umair/ros2-esp32-mobile-robot/install/custom_interfaces/share/custom_interfaces/environment/library_path.dsv
[1.621s] -- Up-to-date: /home/umair/ros2-esp32-mobile-robot/install/custom_interfaces/lib/libcustom_interfaces__rosidl_generator_c.so
[1.621s] -- Up-to-date: /home/umair/ros2-esp32-mobile-robot/install/custom_interfaces/include/custom_interfaces/custom_interfaces
[1.622s] -- Up-to-date: /home/umair/ros2-esp32-mobile-robot/install/custom_interfaces/include/custom_interfaces/custom_interfaces/msg
[1.622s] -- Up-to-date: /home/umair/ros2-esp32-mobile-robot/install/custom_interfaces/include/custom_interfaces/custom_interfaces/msg/detail
[1.622s] -- Up-to-date: /home/umair/ros2-esp32-mobile-robot/install/custom_interfaces/include/custom_interfaces/custom_interfaces/msg/detail/encoder_data__rosidl_typesupport_fastrtps_c.h
[1.622s] -- Up-to-date: /home/umair/ros2-esp32-mobile-robot/install/custom_interfaces/include/custom_interfaces/custom_interfaces/msg/rosidl_typesupport_fastrtps_c__visibility_control.h
[1.622s] -- Up-to-date: /home/umair/ros2-esp32-mobile-robot/install/custom_interfaces/lib/libcustom_interfaces__rosidl_typesupport_fastrtps_c.so
[1.622s] -- Up-to-date: /home/umair/ros2-esp32-mobile-robot/install/custom_interfaces/include/custom_interfaces/custom_interfaces
[1.623s] -- Up-to-date: /home/umair/ros2-esp32-mobile-robot/install/custom_interfaces/include/custom_interfaces/custom_interfaces/msg
[1.623s] -- Up-to-date: /home/umair/ros2-esp32-mobile-robot/install/custom_interfaces/include/custom_interfaces/custom_interfaces/msg/detail
[1.623s] -- Up-to-date: /home/umair/ros2-esp32-mobile-robot/install/custom_interfaces/include/custom_interfaces/custom_interfaces/msg/detail/encoder_data__type_support.c
[1.623s] -- Up-to-date: /home/umair/ros2-esp32-mobile-robot/install/custom_interfaces/include/custom_interfaces/custom_interfaces/msg/detail/encoder_data__rosidl_typesupport_introspection_c.h
[1.623s] -- Up-to-date: /home/umair/ros2-esp32-mobile-robot/install/custom_interfaces/include/custom_interfaces/custom_interfaces/msg/rosidl_typesupport_introspection_c__visibility_control.h
[1.623s] -- Up-to-date: /home/umair/ros2-esp32-mobile-robot/install/custom_interfaces/lib/libcustom_interfaces__rosidl_typesupport_introspection_c.so
[1.623s] -- Up-to-date: /home/umair/ros2-esp32-mobile-robot/install/custom_interfaces/lib/libcustom_interfaces__rosidl_typesupport_c.so
[1.624s] -- Up-to-date: /home/umair/ros2-esp32-mobile-robot/install/custom_interfaces/include/custom_interfaces/custom_interfaces
[1.624s] -- Up-to-date: /home/umair/ros2-esp32-mobile-robot/install/custom_interfaces/include/custom_interfaces/custom_interfaces/msg
[1.624s] -- Up-to-date: /home/umair/ros2-esp32-mobile-robot/install/custom_interfaces/include/custom_interfaces/custom_interfaces/msg/rosidl_generator_cpp__visibility_control.hpp
[1.624s] -- Up-to-date: /home/umair/ros2-esp32-mobile-robot/install/custom_interfaces/include/custom_interfaces/custom_interfaces/msg/detail
[1.625s] -- Up-to-date: /home/umair/ros2-esp32-mobile-robot/install/custom_interfaces/include/custom_interfaces/custom_interfaces/msg/detail/encoder_data__type_support.hpp
[1.625s] -- Up-to-date: /home/umair/ros2-esp32-mobile-robot/install/custom_interfaces/include/custom_interfaces/custom_interfaces/msg/detail/encoder_data__struct.hpp
[1.625s] -- Up-to-date: /home/umair/ros2-esp32-mobile-robot/install/custom_interfaces/include/custom_interfaces/custom_interfaces/msg/detail/encoder_data__builder.hpp
[1.625s] -- Up-to-date: /home/umair/ros2-esp32-mobile-robot/install/custom_interfaces/include/custom_interfaces/custom_interfaces/msg/detail/encoder_data__traits.hpp
[1.625s] -- Up-to-date: /home/umair/ros2-esp32-mobile-robot/install/custom_interfaces/include/custom_interfaces/custom_interfaces/msg/encoder_data.hpp
[1.625s] -- Up-to-date: /home/umair/ros2-esp32-mobile-robot/install/custom_interfaces/include/custom_interfaces/custom_interfaces
[1.625s] -- Up-to-date: /home/umair/ros2-esp32-mobile-robot/install/custom_interfaces/include/custom_interfaces/custom_interfaces/msg
[1.626s] -- Up-to-date: /home/umair/ros2-esp32-mobile-robot/install/custom_interfaces/include/custom_interfaces/custom_interfaces/msg/detail
[1.626s] -- Up-to-date: /home/umair/ros2-esp32-mobile-robot/install/custom_interfaces/include/custom_interfaces/custom_interfaces/msg/detail/encoder_data__rosidl_typesupport_fastrtps_cpp.hpp
[1.626s] -- Up-to-date: /home/umair/ros2-esp32-mobile-robot/install/custom_interfaces/include/custom_interfaces/custom_interfaces/msg/detail/dds_fastrtps
[1.626s] -- Up-to-date: /home/umair/ros2-esp32-mobile-robot/install/custom_interfaces/include/custom_interfaces/custom_interfaces/msg/rosidl_typesupport_fastrtps_cpp__visibility_control.h
[1.626s] -- Up-to-date: /home/umair/ros2-esp32-mobile-robot/install/custom_interfaces/lib/libcustom_interfaces__rosidl_typesupport_fastrtps_cpp.so
[1.626s] -- Up-to-date: /home/umair/ros2-esp32-mobile-robot/install/custom_interfaces/include/custom_interfaces/custom_interfaces
[1.626s] -- Up-to-date: /home/umair/ros2-esp32-mobile-robot/install/custom_interfaces/include/custom_interfaces/custom_interfaces/msg
[1.626s] -- Up-to-date: /home/umair/ros2-esp32-mobile-robot/install/custom_interfaces/include/custom_interfaces/custom_interfaces/msg/detail
[1.627s] -- Up-to-date: /home/umair/ros2-esp32-mobile-robot/install/custom_interfaces/include/custom_interfaces/custom_interfaces/msg/detail/encoder_data__type_support.cpp
[1.627s] -- Up-to-date: /home/umair/ros2-esp32-mobile-robot/install/custom_interfaces/include/custom_interfaces/custom_interfaces/msg/detail/encoder_data__rosidl_typesupport_introspection_cpp.hpp
[1.627s] -- Up-to-date: /home/umair/ros2-esp32-mobile-robot/install/custom_interfaces/lib/libcustom_interfaces__rosidl_typesupport_introspection_cpp.so
[1.627s] -- Up-to-date: /home/umair/ros2-esp32-mobile-robot/install/custom_interfaces/lib/libcustom_interfaces__rosidl_typesupport_cpp.so
[1.627s] -- Up-to-date: /home/umair/ros2-esp32-mobile-robot/install/custom_interfaces/share/custom_interfaces/environment/pythonpath.sh
[1.627s] -- Installing: /home/umair/ros2-esp32-mobile-robot/install/custom_interfaces/share/custom_interfaces/environment/pythonpath.dsv
[1.628s] -- Up-to-date: /home/umair/ros2-esp32-mobile-robot/install/custom_interfaces/local/lib/python3.10/dist-packages/custom_interfaces-0.0.0-py3.10.egg-info
[1.628s] -- Installing: /home/umair/ros2-esp32-mobile-robot/install/custom_interfaces/local/lib/python3.10/dist-packages/custom_interfaces-0.0.0-py3.10.egg-info/top_level.txt
[1.628s] -- Installing: /home/umair/ros2-esp32-mobile-robot/install/custom_interfaces/local/lib/python3.10/dist-packages/custom_interfaces-0.0.0-py3.10.egg-info/PKG-INFO
[1.628s] -- Installing: /home/umair/ros2-esp32-mobile-robot/install/custom_interfaces/local/lib/python3.10/dist-packages/custom_interfaces-0.0.0-py3.10.egg-info/SOURCES.txt
[1.629s] -- Installing: /home/umair/ros2-esp32-mobile-robot/install/custom_interfaces/local/lib/python3.10/dist-packages/custom_interfaces-0.0.0-py3.10.egg-info/dependency_links.txt
[1.629s] -- Up-to-date: /home/umair/ros2-esp32-mobile-robot/install/custom_interfaces/local/lib/python3.10/dist-packages/custom_interfaces
[1.629s] -- Up-to-date: /home/umair/ros2-esp32-mobile-robot/install/custom_interfaces/local/lib/python3.10/dist-packages/custom_interfaces/custom_interfaces_s__rosidl_typesupport_introspection_c.cpython-310-x86_64-linux-gnu.so
[1.629s] -- Up-to-date: /home/umair/ros2-esp32-mobile-robot/install/custom_interfaces/local/lib/python3.10/dist-packages/custom_interfaces/_custom_interfaces_s.ep.rosidl_typesupport_c.c
[1.630s] -- Up-to-date: /home/umair/ros2-esp32-mobile-robot/install/custom_interfaces/local/lib/python3.10/dist-packages/custom_interfaces/libcustom_interfaces__rosidl_generator_py.so
[1.630s] -- Up-to-date: /home/umair/ros2-esp32-mobile-robot/install/custom_interfaces/local/lib/python3.10/dist-packages/custom_interfaces/_custom_interfaces_s.ep.rosidl_typesupport_fastrtps_c.c
[1.630s] -- Up-to-date: /home/umair/ros2-esp32-mobile-robot/install/custom_interfaces/local/lib/python3.10/dist-packages/custom_interfaces/custom_interfaces_s__rosidl_typesupport_fastrtps_c.cpython-310-x86_64-linux-gnu.so
[1.630s] -- Up-to-date: /home/umair/ros2-esp32-mobile-robot/install/custom_interfaces/local/lib/python3.10/dist-packages/custom_interfaces/_custom_interfaces_s.ep.rosidl_typesupport_introspection_c.c
[1.630s] -- Installing: /home/umair/ros2-esp32-mobile-robot/install/custom_interfaces/local/lib/python3.10/dist-packages/custom_interfaces/__init__.py
[1.630s] -- Up-to-date: /home/umair/ros2-esp32-mobile-robot/install/custom_interfaces/local/lib/python3.10/dist-packages/custom_interfaces/custom_interfaces_s__rosidl_typesupport_c.cpython-310-x86_64-linux-gnu.so
[1.630s] -- Up-to-date: /home/umair/ros2-esp32-mobile-robot/install/custom_interfaces/local/lib/python3.10/dist-packages/custom_interfaces/msg
[1.630s] -- Up-to-date: /home/umair/ros2-esp32-mobile-robot/install/custom_interfaces/local/lib/python3.10/dist-packages/custom_interfaces/msg/_encoder_data.py
[1.630s] -- Up-to-date: /home/umair/ros2-esp32-mobile-robot/install/custom_interfaces/local/lib/python3.10/dist-packages/custom_interfaces/msg/__init__.py
[1.631s] -- Up-to-date: /home/umair/ros2-esp32-mobile-robot/install/custom_interfaces/local/lib/python3.10/dist-packages/custom_interfaces/msg/_encoder_data_s.c
[1.667s] Listing '/home/umair/ros2-esp32-mobile-robot/install/custom_interfaces/local/lib/python3.10/dist-packages/custom_interfaces'...
[1.667s] Compiling '/home/umair/ros2-esp32-mobile-robot/install/custom_interfaces/local/lib/python3.10/dist-packages/custom_interfaces/__init__.py'...
[1.667s] Listing '/home/umair/ros2-esp32-mobile-robot/install/custom_interfaces/local/lib/python3.10/dist-packages/custom_interfaces/msg'...
[1.673s] -- Up-to-date: /home/umair/ros2-esp32-mobile-robot/install/custom_interfaces/local/lib/python3.10/dist-packages/custom_interfaces/custom_interfaces_s__rosidl_typesupport_fastrtps_c.cpython-310-x86_64-linux-gnu.so
[1.674s] -- Up-to-date: /home/umair/ros2-esp32-mobile-robot/install/custom_interfaces/local/lib/python3.10/dist-packages/custom_interfaces/custom_interfaces_s__rosidl_typesupport_introspection_c.cpython-310-x86_64-linux-gnu.so
[1.674s] -- Up-to-date: /home/umair/ros2-esp32-mobile-robot/install/custom_interfaces/local/lib/python3.10/dist-packages/custom_interfaces/custom_interfaces_s__rosidl_typesupport_c.cpython-310-x86_64-linux-gnu.so
[1.674s] -- Up-to-date: /home/umair/ros2-esp32-mobile-robot/install/custom_interfaces/lib/libcustom_interfaces__rosidl_generator_py.so
[1.675s] -- Up-to-date: /home/umair/ros2-esp32-mobile-robot/install/custom_interfaces/share/ament_index/resource_index/rust_packages/custom_interfaces
[1.675s] -- Up-to-date: /home/umair/ros2-esp32-mobile-robot/install/custom_interfaces/share/custom_interfaces/rust
[1.675s] -- Up-to-date: /home/umair/ros2-esp32-mobile-robot/install/custom_interfaces/share/custom_interfaces/rust/Cargo.toml
[1.675s] -- Up-to-date: /home/umair/ros2-esp32-mobile-robot/install/custom_interfaces/share/custom_interfaces/rust/src
[1.675s] -- Up-to-date: /home/umair/ros2-esp32-mobile-robot/install/custom_interfaces/share/custom_interfaces/rust/src/msg.rs
[1.676s] -- Up-to-date: /home/umair/ros2-esp32-mobile-robot/install/custom_interfaces/share/custom_interfaces/rust/src/lib.rs
[1.676s] -- Up-to-date: /home/umair/ros2-esp32-mobile-robot/install/custom_interfaces/share/custom_interfaces/rust/src/msg
[1.676s] -- Up-to-date: /home/umair/ros2-esp32-mobile-robot/install/custom_interfaces/share/custom_interfaces/rust/src/msg/rmw.rs
[1.676s] -- Up-to-date: /home/umair/ros2-esp32-mobile-robot/install/custom_interfaces/share/custom_interfaces/rust/build.rs
[1.676s] -- Up-to-date: /home/umair/ros2-esp32-mobile-robot/install/custom_interfaces/share/custom_interfaces/msg/EncoderData.idl
[1.676s] -- Up-to-date: /home/umair/ros2-esp32-mobile-robot/install/custom_interfaces/share/custom_interfaces/msg/EncoderData.msg
[1.676s] -- Up-to-date: /home/umair/ros2-esp32-mobile-robot/install/custom_interfaces/share/ament_index/resource_index/package_run_dependencies/custom_interfaces
[1.676s] -- Up-to-date: /home/umair/ros2-esp32-mobile-robot/install/custom_interfaces/share/ament_index/resource_index/parent_prefix_path/custom_interfaces
[1.676s] -- Up-to-date: /home/umair/ros2-esp32-mobile-robot/install/custom_interfaces/share/custom_interfaces/environment/ament_prefix_path.sh
[1.676s] -- Installing: /home/umair/ros2-esp32-mobile-robot/install/custom_interfaces/share/custom_interfaces/environment/ament_prefix_path.dsv
[1.677s] -- Up-to-date: /home/umair/ros2-esp32-mobile-robot/install/custom_interfaces/share/custom_interfaces/environment/path.sh
[1.677s] -- Installing: /home/umair/ros2-esp32-mobile-robot/install/custom_interfaces/share/custom_interfaces/environment/path.dsv
[1.677s] -- Up-to-date: /home/umair/ros2-esp32-mobile-robot/install/custom_interfaces/share/custom_interfaces/local_setup.bash
[1.677s] -- Up-to-date: /home/umair/ros2-esp32-mobile-robot/install/custom_interfaces/share/custom_interfaces/local_setup.sh
[1.677s] -- Up-to-date: /home/umair/ros2-esp32-mobile-robot/install/custom_interfaces/share/custom_interfaces/local_setup.zsh
[1.677s] -- Installing: /home/umair/ros2-esp32-mobile-robot/install/custom_interfaces/share/custom_interfaces/local_setup.dsv
[1.677s] -- Installing: /home/umair/ros2-esp32-mobile-robot/install/custom_interfaces/share/custom_interfaces/package.dsv
[1.677s] -- Up-to-date: /home/umair/ros2-esp32-mobile-robot/install/custom_interfaces/share/ament_index/resource_index/packages/custom_interfaces
[1.677s] -- Up-to-date: /home/umair/ros2-esp32-mobile-robot/install/custom_interfaces/share/custom_interfaces/cmake/export_custom_interfaces__rosidl_generator_cExport.cmake
[1.678s] -- Up-to-date: /home/umair/ros2-esp32-mobile-robot/install/custom_interfaces/share/custom_interfaces/cmake/export_custom_interfaces__rosidl_generator_cExport-noconfig.cmake
[1.678s] -- Up-to-date: /home/umair/ros2-esp32-mobile-robot/install/custom_interfaces/share/custom_interfaces/cmake/export_custom_interfaces__rosidl_typesupport_fastrtps_cExport.cmake
[1.678s] -- Up-to-date: /home/umair/ros2-esp32-mobile-robot/install/custom_interfaces/share/custom_interfaces/cmake/export_custom_interfaces__rosidl_typesupport_fastrtps_cExport-noconfig.cmake
[1.678s] -- Up-to-date: /home/umair/ros2-esp32-mobile-robot/install/custom_interfaces/share/custom_interfaces/cmake/custom_interfaces__rosidl_typesupport_introspection_cExport.cmake
[1.678s] -- Up-to-date: /home/umair/ros2-esp32-mobile-robot/install/custom_interfaces/share/custom_interfaces/cmake/custom_interfaces__rosidl_typesupport_introspection_cExport-noconfig.cmake
[1.678s] -- Up-to-date: /home/umair/ros2-esp32-mobile-robot/install/custom_interfaces/share/custom_interfaces/cmake/custom_interfaces__rosidl_typesupport_cExport.cmake
[1.678s] -- Up-to-date: /home/umair/ros2-esp32-mobile-robot/install/custom_interfaces/share/custom_interfaces/cmake/custom_interfaces__rosidl_typesupport_cExport-noconfig.cmake
[1.678s] -- Up-to-date: /home/umair/ros2-esp32-mobile-robot/install/custom_interfaces/share/custom_interfaces/cmake/export_custom_interfaces__rosidl_generator_cppExport.cmake
[1.678s] -- Up-to-date: /home/umair/ros2-esp32-mobile-robot/install/custom_interfaces/share/custom_interfaces/cmake/export_custom_interfaces__rosidl_typesupport_fastrtps_cppExport.cmake
[1.679s] -- Up-to-date: /home/umair/ros2-esp32-mobile-robot/install/custom_interfaces/share/custom_interfaces/cmake/export_custom_interfaces__rosidl_typesupport_fastrtps_cppExport-noconfig.cmake
[1.679s] -- Up-to-date: /home/umair/ros2-esp32-mobile-robot/install/custom_interfaces/share/custom_interfaces/cmake/custom_interfaces__rosidl_typesupport_introspection_cppExport.cmake
[1.679s] -- Up-to-date: /home/umair/ros2-esp32-mobile-robot/install/custom_interfaces/share/custom_interfaces/cmake/custom_interfaces__rosidl_typesupport_introspection_cppExport-noconfig.cmake
[1.679s] -- Up-to-date: /home/umair/ros2-esp32-mobile-robot/install/custom_interfaces/share/custom_interfaces/cmake/custom_interfaces__rosidl_typesupport_cppExport.cmake
[1.679s] -- Up-to-date: /home/umair/ros2-esp32-mobile-robot/install/custom_interfaces/share/custom_interfaces/cmake/custom_interfaces__rosidl_typesupport_cppExport-noconfig.cmake
[1.679s] -- Up-to-date: /home/umair/ros2-esp32-mobile-robot/install/custom_interfaces/share/custom_interfaces/cmake/export_custom_interfaces__rosidl_generator_pyExport.cmake
[1.679s] -- Up-to-date: /home/umair/ros2-esp32-mobile-robot/install/custom_interfaces/share/custom_interfaces/cmake/export_custom_interfaces__rosidl_generator_pyExport-noconfig.cmake
[1.679s] -- Up-to-date: /home/umair/ros2-esp32-mobile-robot/install/custom_interfaces/share/custom_interfaces/cmake/rosidl_cmake-extras.cmake
[1.679s] -- Up-to-date: /home/umair/ros2-esp32-mobile-robot/install/custom_interfaces/share/custom_interfaces/cmake/ament_cmake_export_include_directories-extras.cmake
[1.679s] -- Up-to-date: /home/umair/ros2-esp32-mobile-robot/install/custom_interfaces/share/custom_interfaces/cmake/ament_cmake_export_libraries-extras.cmake
[1.679s] -- Up-to-date: /home/umair/ros2-esp32-mobile-robot/install/custom_interfaces/share/custom_interfaces/cmake/ament_cmake_export_targets-extras.cmake
[1.679s] -- Up-to-date: /home/umair/ros2-esp32-mobile-robot/install/custom_interfaces/share/custom_interfaces/cmake/rosidl_cmake_export_typesupport_targets-extras.cmake
[1.679s] -- Installing: /home/umair/ros2-esp32-mobile-robot/install/custom_interfaces/share/custom_interfaces/cmake/ament_cmake_export_dependencies-extras.cmake
[1.680s] -- Up-to-date: /home/umair/ros2-esp32-mobile-robot/install/custom_interfaces/share/custom_interfaces/cmake/rosidl_cmake_export_typesupport_libraries-extras.cmake
[1.680s] -- Up-to-date: /home/umair/ros2-esp32-mobile-robot/install/custom_interfaces/share/custom_interfaces/cmake/custom_interfacesConfig.cmake
[1.680s] -- Up-to-date: /home/umair/ros2-esp32-mobile-robot/install/custom_interfaces/share/custom_interfaces/cmake/custom_interfacesConfig-version.cmake
[1.680s] -- Up-to-date: /home/umair/ros2-esp32-mobile-robot/install/custom_interfaces/share/custom_interfaces/package.xml
[1.682s] Invoked command in '/home/umair/ros2-esp32-mobile-robot/build/custom_interfaces' returned '0': CMAKE_PREFIX_PATH=/opt/ros/humble /usr/bin/cmake --install /home/umair/ros2-esp32-mobile-robot/build/custom_interfaces
