[0.200s] DEBUG:colcon:Command line arguments: ['/usr/bin/colcon', 'build']
[0.200s] DEBUG:colcon:Parsed command line arguments: Namespace(log_base=None, log_level=None, verb_name='build', build_base='build', install_base='install', merge_install=False, symlink_install=False, test_result_base=None, continue_on_error=False, executor='parallel', parallel_workers=12, event_handlers=None, ignore_user_meta=False, metas=['./colcon.meta'], base_paths=['.'], packages_ignore=None, packages_ignore_regex=None, paths=None, packages_up_to=None, packages_up_to_regex=None, packages_above=None, packages_above_and_dependencies=None, packages_above_depth=None, packages_select_by_dep=None, packages_skip_by_dep=None, packages_skip_up_to=None, packages_select_build_failed=False, packages_skip_build_finished=False, packages_select_test_failures=False, packages_skip_test_passed=False, packages_select=None, packages_skip=None, packages_select_regex=None, packages_skip_regex=None, packages_start=None, packages_end=None, allow_overriding=[], cmake_args=None, cmake_target=None, cmake_target_skip_unavailable=False, cmake_clean_cache=False, cmake_clean_first=False, cmake_force_configure=False, ament_cmake_args=None, catkin_cmake_args=None, catkin_skip_building_tests=False, mixin_files=None, mixin=None, verb_parser=<colcon_mixin.mixin.mixin_argument.MixinArgumentDecorator object at 0x72a0bc05bbb0>, verb_extension=<colcon_core.verb.build.BuildVerb object at 0x72a0bc05b670>, main=<bound method BuildVerb.main of <colcon_core.verb.build.BuildVerb object at 0x72a0bc05b670>>, mixin_verb=('build',))
[0.456s] Level 1:colcon.colcon_core.package_discovery:discover_packages(colcon_meta) check parameters
[0.456s] Level 1:colcon.colcon_core.package_discovery:discover_packages(recursive) check parameters
[0.457s] Level 1:colcon.colcon_core.package_discovery:discover_packages(ignore) check parameters
[0.457s] Level 1:colcon.colcon_core.package_discovery:discover_packages(path) check parameters
[0.457s] Level 1:colcon.colcon_core.package_discovery:discover_packages(colcon_meta) discover
[0.457s] Level 1:colcon.colcon_core.package_discovery:discover_packages(recursive) discover
[0.457s] INFO:colcon.colcon_core.package_discovery:Crawling recursively for packages in '/home/umair/ros2-esp32-mobile-robot'
[0.457s] Level 1:colcon.colcon_core.package_identification:_identify(.) by extensions ['ignore', 'ignore_ament_install']
[0.457s] Level 1:colcon.colcon_core.package_identification:_identify(.) by extension 'ignore'
[0.457s] Level 1:colcon.colcon_core.package_identification:_identify(.) by extension 'ignore_ament_install'
[0.457s] Level 1:colcon.colcon_core.package_identification:_identify(.) by extensions ['colcon_pkg']
[0.457s] Level 1:colcon.colcon_core.package_identification:_identify(.) by extension 'colcon_pkg'
[0.457s] Level 1:colcon.colcon_core.package_identification:_identify(.) by extensions ['colcon_meta']
[0.457s] Level 1:colcon.colcon_core.package_identification:_identify(.) by extension 'colcon_meta'
[0.457s] Level 1:colcon.colcon_core.package_identification:_identify(.) by extensions ['ros']
[0.457s] Level 1:colcon.colcon_core.package_identification:_identify(.) by extension 'ros'
[0.471s] Level 1:colcon.colcon_core.package_identification:_identify(.) by extensions ['cmake', 'python']
[0.471s] Level 1:colcon.colcon_core.package_identification:_identify(.) by extension 'cmake'
[0.471s] Level 1:colcon.colcon_core.package_identification:_identify(.) by extension 'python'
[0.471s] Level 1:colcon.colcon_core.package_identification:_identify(.) by extensions ['python_setup_py']
[0.471s] Level 1:colcon.colcon_core.package_identification:_identify(.) by extension 'python_setup_py'
[0.471s] Level 1:colcon.colcon_core.package_identification:_identify(Scripts) by extensions ['ignore', 'ignore_ament_install']
[0.471s] Level 1:colcon.colcon_core.package_identification:_identify(Scripts) by extension 'ignore'
[0.471s] Level 1:colcon.colcon_core.package_identification:_identify(Scripts) by extension 'ignore_ament_install'
[0.471s] Level 1:colcon.colcon_core.package_identification:_identify(Scripts) by extensions ['colcon_pkg']
[0.471s] Level 1:colcon.colcon_core.package_identification:_identify(Scripts) by extension 'colcon_pkg'
[0.471s] Level 1:colcon.colcon_core.package_identification:_identify(Scripts) by extensions ['colcon_meta']
[0.471s] Level 1:colcon.colcon_core.package_identification:_identify(Scripts) by extension 'colcon_meta'
[0.471s] Level 1:colcon.colcon_core.package_identification:_identify(Scripts) by extensions ['ros']
[0.471s] Level 1:colcon.colcon_core.package_identification:_identify(Scripts) by extension 'ros'
[0.472s] Level 1:colcon.colcon_core.package_identification:_identify(Scripts) by extensions ['cmake', 'python']
[0.472s] Level 1:colcon.colcon_core.package_identification:_identify(Scripts) by extension 'cmake'
[0.472s] Level 1:colcon.colcon_core.package_identification:_identify(Scripts) by extension 'python'
[0.472s] Level 1:colcon.colcon_core.package_identification:_identify(Scripts) by extensions ['python_setup_py']
[0.472s] Level 1:colcon.colcon_core.package_identification:_identify(Scripts) by extension 'python_setup_py'
[0.472s] Level 1:colcon.colcon_core.package_identification:_identify(Scripts/esp32_udp_sample) by extensions ['ignore', 'ignore_ament_install']
[0.472s] Level 1:colcon.colcon_core.package_identification:_identify(Scripts/esp32_udp_sample) by extension 'ignore'
[0.472s] Level 1:colcon.colcon_core.package_identification:_identify(Scripts/esp32_udp_sample) by extension 'ignore_ament_install'
[0.472s] Level 1:colcon.colcon_core.package_identification:_identify(Scripts/esp32_udp_sample) by extensions ['colcon_pkg']
[0.472s] Level 1:colcon.colcon_core.package_identification:_identify(Scripts/esp32_udp_sample) by extension 'colcon_pkg'
[0.472s] Level 1:colcon.colcon_core.package_identification:_identify(Scripts/esp32_udp_sample) by extensions ['colcon_meta']
[0.472s] Level 1:colcon.colcon_core.package_identification:_identify(Scripts/esp32_udp_sample) by extension 'colcon_meta'
[0.472s] Level 1:colcon.colcon_core.package_identification:_identify(Scripts/esp32_udp_sample) by extensions ['ros']
[0.472s] Level 1:colcon.colcon_core.package_identification:_identify(Scripts/esp32_udp_sample) by extension 'ros'
[0.472s] Level 1:colcon.colcon_core.package_identification:_identify(Scripts/esp32_udp_sample) by extensions ['cmake', 'python']
[0.472s] Level 1:colcon.colcon_core.package_identification:_identify(Scripts/esp32_udp_sample) by extension 'cmake'
[0.472s] Level 1:colcon.colcon_core.package_identification:_identify(Scripts/esp32_udp_sample) by extension 'python'
[0.472s] Level 1:colcon.colcon_core.package_identification:_identify(Scripts/esp32_udp_sample) by extensions ['python_setup_py']
[0.472s] Level 1:colcon.colcon_core.package_identification:_identify(Scripts/esp32_udp_sample) by extension 'python_setup_py'
[0.473s] Level 1:colcon.colcon_core.package_identification:_identify(build) by extensions ['ignore', 'ignore_ament_install']
[0.473s] Level 1:colcon.colcon_core.package_identification:_identify(build) by extension 'ignore'
[0.473s] Level 1:colcon.colcon_core.package_identification:_identify(build) ignored
[0.473s] Level 1:colcon.colcon_core.package_identification:_identify(hardware) by extensions ['ignore', 'ignore_ament_install']
[0.473s] Level 1:colcon.colcon_core.package_identification:_identify(hardware) by extension 'ignore'
[0.473s] Level 1:colcon.colcon_core.package_identification:_identify(hardware) by extension 'ignore_ament_install'
[0.473s] Level 1:colcon.colcon_core.package_identification:_identify(hardware) by extensions ['colcon_pkg']
[0.473s] Level 1:colcon.colcon_core.package_identification:_identify(hardware) by extension 'colcon_pkg'
[0.473s] Level 1:colcon.colcon_core.package_identification:_identify(hardware) by extensions ['colcon_meta']
[0.473s] Level 1:colcon.colcon_core.package_identification:_identify(hardware) by extension 'colcon_meta'
[0.473s] Level 1:colcon.colcon_core.package_identification:_identify(hardware) by extensions ['ros']
[0.474s] Level 1:colcon.colcon_core.package_identification:_identify(hardware) by extension 'ros'
[0.474s] Level 1:colcon.colcon_core.package_identification:_identify(hardware) by extensions ['cmake', 'python']
[0.474s] Level 1:colcon.colcon_core.package_identification:_identify(hardware) by extension 'cmake'
[0.474s] Level 1:colcon.colcon_core.package_identification:_identify(hardware) by extension 'python'
[0.474s] Level 1:colcon.colcon_core.package_identification:_identify(hardware) by extensions ['python_setup_py']
[0.474s] Level 1:colcon.colcon_core.package_identification:_identify(hardware) by extension 'python_setup_py'
[0.474s] Level 1:colcon.colcon_core.package_identification:_identify(hardware/esp32_firmware) by extensions ['ignore', 'ignore_ament_install']
[0.474s] Level 1:colcon.colcon_core.package_identification:_identify(hardware/esp32_firmware) by extension 'ignore'
[0.474s] Level 1:colcon.colcon_core.package_identification:_identify(hardware/esp32_firmware) by extension 'ignore_ament_install'
[0.474s] Level 1:colcon.colcon_core.package_identification:_identify(hardware/esp32_firmware) by extensions ['colcon_pkg']
[0.474s] Level 1:colcon.colcon_core.package_identification:_identify(hardware/esp32_firmware) by extension 'colcon_pkg'
[0.474s] Level 1:colcon.colcon_core.package_identification:_identify(hardware/esp32_firmware) by extensions ['colcon_meta']
[0.474s] Level 1:colcon.colcon_core.package_identification:_identify(hardware/esp32_firmware) by extension 'colcon_meta'
[0.474s] Level 1:colcon.colcon_core.package_identification:_identify(hardware/esp32_firmware) by extensions ['ros']
[0.474s] Level 1:colcon.colcon_core.package_identification:_identify(hardware/esp32_firmware) by extension 'ros'
[0.475s] Level 1:colcon.colcon_core.package_identification:_identify(hardware/esp32_firmware) by extensions ['cmake', 'python']
[0.475s] Level 1:colcon.colcon_core.package_identification:_identify(hardware/esp32_firmware) by extension 'cmake'
[0.475s] Level 1:colcon.colcon_core.package_identification:_identify(hardware/esp32_firmware) by extension 'python'
[0.475s] Level 1:colcon.colcon_core.package_identification:_identify(hardware/esp32_firmware) by extensions ['python_setup_py']
[0.475s] Level 1:colcon.colcon_core.package_identification:_identify(hardware/esp32_firmware) by extension 'python_setup_py'
[0.475s] Level 1:colcon.colcon_core.package_identification:_identify(hardware/esp32_firmware/motor_control_serial_wifi) by extensions ['ignore', 'ignore_ament_install']
[0.475s] Level 1:colcon.colcon_core.package_identification:_identify(hardware/esp32_firmware/motor_control_serial_wifi) by extension 'ignore'
[0.475s] Level 1:colcon.colcon_core.package_identification:_identify(hardware/esp32_firmware/motor_control_serial_wifi) by extension 'ignore_ament_install'
[0.475s] Level 1:colcon.colcon_core.package_identification:_identify(hardware/esp32_firmware/motor_control_serial_wifi) by extensions ['colcon_pkg']
[0.475s] Level 1:colcon.colcon_core.package_identification:_identify(hardware/esp32_firmware/motor_control_serial_wifi) by extension 'colcon_pkg'
[0.475s] Level 1:colcon.colcon_core.package_identification:_identify(hardware/esp32_firmware/motor_control_serial_wifi) by extensions ['colcon_meta']
[0.475s] Level 1:colcon.colcon_core.package_identification:_identify(hardware/esp32_firmware/motor_control_serial_wifi) by extension 'colcon_meta'
[0.475s] Level 1:colcon.colcon_core.package_identification:_identify(hardware/esp32_firmware/motor_control_serial_wifi) by extensions ['ros']
[0.475s] Level 1:colcon.colcon_core.package_identification:_identify(hardware/esp32_firmware/motor_control_serial_wifi) by extension 'ros'
[0.476s] Level 1:colcon.colcon_core.package_identification:_identify(hardware/esp32_firmware/motor_control_serial_wifi) by extensions ['cmake', 'python']
[0.476s] Level 1:colcon.colcon_core.package_identification:_identify(hardware/esp32_firmware/motor_control_serial_wifi) by extension 'cmake'
[0.476s] Level 1:colcon.colcon_core.package_identification:_identify(hardware/esp32_firmware/motor_control_serial_wifi) by extension 'python'
[0.476s] Level 1:colcon.colcon_core.package_identification:_identify(hardware/esp32_firmware/motor_control_serial_wifi) by extensions ['python_setup_py']
[0.476s] Level 1:colcon.colcon_core.package_identification:_identify(hardware/esp32_firmware/motor_control_serial_wifi) by extension 'python_setup_py'
[0.476s] Level 1:colcon.colcon_core.package_identification:_identify(hardware/esp32_firmware/motor_control_serial_wifi/motor_control_serial) by extensions ['ignore', 'ignore_ament_install']
[0.476s] Level 1:colcon.colcon_core.package_identification:_identify(hardware/esp32_firmware/motor_control_serial_wifi/motor_control_serial) by extension 'ignore'
[0.476s] Level 1:colcon.colcon_core.package_identification:_identify(hardware/esp32_firmware/motor_control_serial_wifi/motor_control_serial) by extension 'ignore_ament_install'
[0.476s] Level 1:colcon.colcon_core.package_identification:_identify(hardware/esp32_firmware/motor_control_serial_wifi/motor_control_serial) by extensions ['colcon_pkg']
[0.476s] Level 1:colcon.colcon_core.package_identification:_identify(hardware/esp32_firmware/motor_control_serial_wifi/motor_control_serial) by extension 'colcon_pkg'
[0.476s] Level 1:colcon.colcon_core.package_identification:_identify(hardware/esp32_firmware/motor_control_serial_wifi/motor_control_serial) by extensions ['colcon_meta']
[0.476s] Level 1:colcon.colcon_core.package_identification:_identify(hardware/esp32_firmware/motor_control_serial_wifi/motor_control_serial) by extension 'colcon_meta'
[0.476s] Level 1:colcon.colcon_core.package_identification:_identify(hardware/esp32_firmware/motor_control_serial_wifi/motor_control_serial) by extensions ['ros']
[0.476s] Level 1:colcon.colcon_core.package_identification:_identify(hardware/esp32_firmware/motor_control_serial_wifi/motor_control_serial) by extension 'ros'
[0.476s] Level 1:colcon.colcon_core.package_identification:_identify(hardware/esp32_firmware/motor_control_serial_wifi/motor_control_serial) by extensions ['cmake', 'python']
[0.477s] Level 1:colcon.colcon_core.package_identification:_identify(hardware/esp32_firmware/motor_control_serial_wifi/motor_control_serial) by extension 'cmake'
[0.477s] Level 1:colcon.colcon_core.package_identification:_identify(hardware/esp32_firmware/motor_control_serial_wifi/motor_control_serial) by extension 'python'
[0.477s] Level 1:colcon.colcon_core.package_identification:_identify(hardware/esp32_firmware/motor_control_serial_wifi/motor_control_serial) by extensions ['python_setup_py']
[0.477s] Level 1:colcon.colcon_core.package_identification:_identify(hardware/esp32_firmware/motor_control_serial_wifi/motor_control_serial) by extension 'python_setup_py'
[0.477s] Level 1:colcon.colcon_core.package_identification:_identify(hardware/esp32_firmware/motor_control_serial_wifi/motor_control_wifi) by extensions ['ignore', 'ignore_ament_install']
[0.477s] Level 1:colcon.colcon_core.package_identification:_identify(hardware/esp32_firmware/motor_control_serial_wifi/motor_control_wifi) by extension 'ignore'
[0.477s] Level 1:colcon.colcon_core.package_identification:_identify(hardware/esp32_firmware/motor_control_serial_wifi/motor_control_wifi) by extension 'ignore_ament_install'
[0.477s] Level 1:colcon.colcon_core.package_identification:_identify(hardware/esp32_firmware/motor_control_serial_wifi/motor_control_wifi) by extensions ['colcon_pkg']
[0.477s] Level 1:colcon.colcon_core.package_identification:_identify(hardware/esp32_firmware/motor_control_serial_wifi/motor_control_wifi) by extension 'colcon_pkg'
[0.477s] Level 1:colcon.colcon_core.package_identification:_identify(hardware/esp32_firmware/motor_control_serial_wifi/motor_control_wifi) by extensions ['colcon_meta']
[0.477s] Level 1:colcon.colcon_core.package_identification:_identify(hardware/esp32_firmware/motor_control_serial_wifi/motor_control_wifi) by extension 'colcon_meta'
[0.477s] Level 1:colcon.colcon_core.package_identification:_identify(hardware/esp32_firmware/motor_control_serial_wifi/motor_control_wifi) by extensions ['ros']
[0.477s] Level 1:colcon.colcon_core.package_identification:_identify(hardware/esp32_firmware/motor_control_serial_wifi/motor_control_wifi) by extension 'ros'
[0.477s] Level 1:colcon.colcon_core.package_identification:_identify(hardware/esp32_firmware/motor_control_serial_wifi/motor_control_wifi) by extensions ['cmake', 'python']
[0.477s] Level 1:colcon.colcon_core.package_identification:_identify(hardware/esp32_firmware/motor_control_serial_wifi/motor_control_wifi) by extension 'cmake'
[0.478s] Level 1:colcon.colcon_core.package_identification:_identify(hardware/esp32_firmware/motor_control_serial_wifi/motor_control_wifi) by extension 'python'
[0.478s] Level 1:colcon.colcon_core.package_identification:_identify(hardware/esp32_firmware/motor_control_serial_wifi/motor_control_wifi) by extensions ['python_setup_py']
[0.478s] Level 1:colcon.colcon_core.package_identification:_identify(hardware/esp32_firmware/motor_control_serial_wifi/motor_control_wifi) by extension 'python_setup_py'
[0.478s] Level 1:colcon.colcon_core.package_identification:_identify(hardware/schematics) by extensions ['ignore', 'ignore_ament_install']
[0.478s] Level 1:colcon.colcon_core.package_identification:_identify(hardware/schematics) by extension 'ignore'
[0.478s] Level 1:colcon.colcon_core.package_identification:_identify(hardware/schematics) by extension 'ignore_ament_install'
[0.478s] Level 1:colcon.colcon_core.package_identification:_identify(hardware/schematics) by extensions ['colcon_pkg']
[0.478s] Level 1:colcon.colcon_core.package_identification:_identify(hardware/schematics) by extension 'colcon_pkg'
[0.478s] Level 1:colcon.colcon_core.package_identification:_identify(hardware/schematics) by extensions ['colcon_meta']
[0.478s] Level 1:colcon.colcon_core.package_identification:_identify(hardware/schematics) by extension 'colcon_meta'
[0.478s] Level 1:colcon.colcon_core.package_identification:_identify(hardware/schematics) by extensions ['ros']
[0.478s] Level 1:colcon.colcon_core.package_identification:_identify(hardware/schematics) by extension 'ros'
[0.478s] Level 1:colcon.colcon_core.package_identification:_identify(hardware/schematics) by extensions ['cmake', 'python']
[0.478s] Level 1:colcon.colcon_core.package_identification:_identify(hardware/schematics) by extension 'cmake'
[0.478s] Level 1:colcon.colcon_core.package_identification:_identify(hardware/schematics) by extension 'python'
[0.479s] Level 1:colcon.colcon_core.package_identification:_identify(hardware/schematics) by extensions ['python_setup_py']
[0.479s] Level 1:colcon.colcon_core.package_identification:_identify(hardware/schematics) by extension 'python_setup_py'
[0.479s] Level 1:colcon.colcon_core.package_identification:_identify(install) by extensions ['ignore', 'ignore_ament_install']
[0.479s] Level 1:colcon.colcon_core.package_identification:_identify(install) by extension 'ignore'
[0.479s] Level 1:colcon.colcon_core.package_identification:_identify(install) ignored
[0.479s] Level 1:colcon.colcon_core.package_identification:_identify(log) by extensions ['ignore', 'ignore_ament_install']
[0.479s] Level 1:colcon.colcon_core.package_identification:_identify(log) by extension 'ignore'
[0.479s] Level 1:colcon.colcon_core.package_identification:_identify(log) ignored
[0.479s] Level 1:colcon.colcon_core.package_identification:_identify(src) by extensions ['ignore', 'ignore_ament_install']
[0.479s] Level 1:colcon.colcon_core.package_identification:_identify(src) by extension 'ignore'
[0.479s] Level 1:colcon.colcon_core.package_identification:_identify(src) by extension 'ignore_ament_install'
[0.480s] Level 1:colcon.colcon_core.package_identification:_identify(src) by extensions ['colcon_pkg']
[0.480s] Level 1:colcon.colcon_core.package_identification:_identify(src) by extension 'colcon_pkg'
[0.480s] Level 1:colcon.colcon_core.package_identification:_identify(src) by extensions ['colcon_meta']
[0.480s] Level 1:colcon.colcon_core.package_identification:_identify(src) by extension 'colcon_meta'
[0.480s] Level 1:colcon.colcon_core.package_identification:_identify(src) by extensions ['ros']
[0.480s] Level 1:colcon.colcon_core.package_identification:_identify(src) by extension 'ros'
[0.480s] Level 1:colcon.colcon_core.package_identification:_identify(src) by extensions ['cmake', 'python']
[0.480s] Level 1:colcon.colcon_core.package_identification:_identify(src) by extension 'cmake'
[0.480s] Level 1:colcon.colcon_core.package_identification:_identify(src) by extension 'python'
[0.480s] Level 1:colcon.colcon_core.package_identification:_identify(src) by extensions ['python_setup_py']
[0.480s] Level 1:colcon.colcon_core.package_identification:_identify(src) by extension 'python_setup_py'
[0.480s] Level 1:colcon.colcon_core.package_identification:_identify(src/py_udp_sender) by extensions ['ignore', 'ignore_ament_install']
[0.480s] Level 1:colcon.colcon_core.package_identification:_identify(src/py_udp_sender) by extension 'ignore'
[0.480s] Level 1:colcon.colcon_core.package_identification:_identify(src/py_udp_sender) by extension 'ignore_ament_install'
[0.480s] Level 1:colcon.colcon_core.package_identification:_identify(src/py_udp_sender) by extensions ['colcon_pkg']
[0.480s] Level 1:colcon.colcon_core.package_identification:_identify(src/py_udp_sender) by extension 'colcon_pkg'
[0.480s] Level 1:colcon.colcon_core.package_identification:_identify(src/py_udp_sender) by extensions ['colcon_meta']
[0.480s] Level 1:colcon.colcon_core.package_identification:_identify(src/py_udp_sender) by extension 'colcon_meta'
[0.480s] Level 1:colcon.colcon_core.package_identification:_identify(src/py_udp_sender) by extensions ['ros']
[0.480s] Level 1:colcon.colcon_core.package_identification:_identify(src/py_udp_sender) by extension 'ros'
[0.485s] DEBUG:colcon.colcon_core.package_identification:Package 'src/py_udp_sender' with type 'ros.ament_python' and name 'py_udp_sender'
[0.485s] Level 1:colcon.colcon_core.package_discovery:discover_packages(recursive) using defaults
[0.485s] Level 1:colcon.colcon_core.package_discovery:discover_packages(ignore) discover
[0.485s] Level 1:colcon.colcon_core.package_discovery:discover_packages(ignore) using defaults
[0.485s] Level 1:colcon.colcon_core.package_discovery:discover_packages(path) discover
[0.485s] Level 1:colcon.colcon_core.package_discovery:discover_packages(path) using defaults
[0.520s] Level 1:colcon.colcon_core.package_discovery:discover_packages(prefix_path) check parameters
[0.520s] Level 1:colcon.colcon_core.package_discovery:discover_packages(prefix_path) discover
[0.524s] DEBUG:colcon.colcon_installed_package_information.package_discovery:Found 444 installed packages in /opt/ros/humble
[0.527s] Level 1:colcon.colcon_core.package_discovery:discover_packages(prefix_path) using defaults
[0.640s] Level 5:colcon.colcon_core.verb:set package 'py_udp_sender' build argument 'cmake_args' from command line to 'None'
[0.640s] Level 5:colcon.colcon_core.verb:set package 'py_udp_sender' build argument 'cmake_target' from command line to 'None'
[0.640s] Level 5:colcon.colcon_core.verb:set package 'py_udp_sender' build argument 'cmake_target_skip_unavailable' from command line to 'False'
[0.640s] Level 5:colcon.colcon_core.verb:set package 'py_udp_sender' build argument 'cmake_clean_cache' from command line to 'False'
[0.640s] Level 5:colcon.colcon_core.verb:set package 'py_udp_sender' build argument 'cmake_clean_first' from command line to 'False'
[0.640s] Level 5:colcon.colcon_core.verb:set package 'py_udp_sender' build argument 'cmake_force_configure' from command line to 'False'
[0.640s] Level 5:colcon.colcon_core.verb:set package 'py_udp_sender' build argument 'ament_cmake_args' from command line to 'None'
[0.640s] Level 5:colcon.colcon_core.verb:set package 'py_udp_sender' build argument 'catkin_cmake_args' from command line to 'None'
[0.640s] Level 5:colcon.colcon_core.verb:set package 'py_udp_sender' build argument 'catkin_skip_building_tests' from command line to 'False'
[0.640s] DEBUG:colcon.colcon_core.verb:Building package 'py_udp_sender' with the following arguments: {'ament_cmake_args': None, 'build_base': '/home/umair/ros2-esp32-mobile-robot/build/py_udp_sender', 'catkin_cmake_args': None, 'catkin_skip_building_tests': False, 'cmake_args': None, 'cmake_clean_cache': False, 'cmake_clean_first': False, 'cmake_force_configure': False, 'cmake_target': None, 'cmake_target_skip_unavailable': False, 'install_base': '/home/umair/ros2-esp32-mobile-robot/install/py_udp_sender', 'merge_install': False, 'path': '/home/umair/ros2-esp32-mobile-robot/src/py_udp_sender', 'symlink_install': False, 'test_result_base': None}
[0.640s] INFO:colcon.colcon_core.executor:Executing jobs using 'parallel' executor
[0.641s] DEBUG:colcon.colcon_parallel_executor.executor.parallel:run_until_complete
[0.641s] INFO:colcon.colcon_ros.task.ament_python.build:Building ROS package in '/home/umair/ros2-esp32-mobile-robot/src/py_udp_sender' with build type 'ament_python'
[0.642s] Level 1:colcon.colcon_core.shell:create_environment_hook('py_udp_sender', 'ament_prefix_path')
[0.645s] INFO:colcon.colcon_core.plugin_system:Skipping extension 'colcon_core.shell.bat': Not used on non-Windows systems
[0.646s] INFO:colcon.colcon_core.shell:Creating environment hook '/home/umair/ros2-esp32-mobile-robot/install/py_udp_sender/share/py_udp_sender/hook/ament_prefix_path.ps1'
[0.646s] INFO:colcon.colcon_core.shell:Creating environment descriptor '/home/umair/ros2-esp32-mobile-robot/install/py_udp_sender/share/py_udp_sender/hook/ament_prefix_path.dsv'
[0.647s] INFO:colcon.colcon_core.shell:Creating environment hook '/home/umair/ros2-esp32-mobile-robot/install/py_udp_sender/share/py_udp_sender/hook/ament_prefix_path.sh'
[0.648s] INFO:colcon.colcon_core.shell:Skip shell extension 'powershell' for command environment: Not usable outside of PowerShell
[0.648s] DEBUG:colcon.colcon_core.shell:Skip shell extension 'dsv' for command environment
[1.006s] DEBUG:colcon.colcon_parallel_executor.executor.parallel:closing loop
[1.006s] DEBUG:colcon.colcon_parallel_executor.executor.parallel:loop closed
[1.006s] DEBUG:colcon.colcon_parallel_executor.executor.parallel:run_until_complete finished with 'Command '['/usr/bin/python3', '-c', 'import sys;from contextlib import suppress;exec("with suppress(ImportError):    from setuptools.extern.packaging.specifiers    import SpecifierSet");exec("with suppress(ImportError):    from packaging.specifiers import SpecifierSet");from distutils.core import run_setup;dist = run_setup(    \'setup.py\', script_args=(\'--dry-run\',), stop_after=\'config\');skip_keys = (\'cmdclass\', \'distclass\', \'ext_modules\', \'metadata\');data = {    key: value for key, value in dist.__dict__.items()     if (        not key.startswith(\'_\') and         not callable(value) and         key not in skip_keys and         key not in dist.display_option_names    )};data[\'metadata\'] = {    k: v for k, v in dist.metadata.__dict__.items()     if k not in (\'license_files\', \'provides_extras\')};sys.stdout.buffer.write(repr(data).encode(\'utf-8\'))']' returned non-zero exit status 1.'
[1.006s] DEBUG:colcon.colcon_core.event_reactor:joining thread
[1.013s] INFO:colcon.colcon_core.plugin_system:Skipping extension 'colcon_notification.desktop_notification.terminal_notifier': Not used on non-Darwin systems
[1.013s] INFO:colcon.colcon_core.plugin_system:Skipping extension 'colcon_notification.desktop_notification.win32': Not used on non-Windows systems
[1.013s] INFO:colcon.colcon_notification.desktop_notification:Sending desktop notification using 'notify2'
[1.027s] DEBUG:colcon.colcon_core.event_reactor:joined thread
[1.027s] INFO:colcon.colcon_core.shell:Creating prefix script '/home/umair/ros2-esp32-mobile-robot/install/local_setup.ps1'
[1.029s] INFO:colcon.colcon_core.shell:Creating prefix util module '/home/umair/ros2-esp32-mobile-robot/install/_local_setup_util_ps1.py'
[1.030s] INFO:colcon.colcon_core.shell:Creating prefix chain script '/home/umair/ros2-esp32-mobile-robot/install/setup.ps1'
[1.032s] INFO:colcon.colcon_core.shell:Creating prefix script '/home/umair/ros2-esp32-mobile-robot/install/local_setup.sh'
[1.033s] INFO:colcon.colcon_core.shell:Creating prefix util module '/home/umair/ros2-esp32-mobile-robot/install/_local_setup_util_sh.py'
[1.033s] INFO:colcon.colcon_core.shell:Creating prefix chain script '/home/umair/ros2-esp32-mobile-robot/install/setup.sh'
[1.035s] INFO:colcon.colcon_core.shell:Creating prefix script '/home/umair/ros2-esp32-mobile-robot/install/local_setup.bash'
[1.035s] INFO:colcon.colcon_core.shell:Creating prefix chain script '/home/umair/ros2-esp32-mobile-robot/install/setup.bash'
[1.036s] INFO:colcon.colcon_core.shell:Creating prefix script '/home/umair/ros2-esp32-mobile-robot/install/local_setup.zsh'
[1.037s] INFO:colcon.colcon_core.shell:Creating prefix chain script '/home/umair/ros2-esp32-mobile-robot/install/setup.zsh'
