running egg_info
creating ../../build/py_udp_sender/py_udp_sender.egg-info
writing ../../build/py_udp_sender/py_udp_sender.egg-info/PKG-INFO
writing dependency_links to ../../build/py_udp_sender/py_udp_sender.egg-info/dependency_links.txt
writing entry points to ../../build/py_udp_sender/py_udp_sender.egg-info/entry_points.txt
writing requirements to ../../build/py_udp_sender/py_udp_sender.egg-info/requires.txt
writing top-level names to ../../build/py_udp_sender/py_udp_sender.egg-info/top_level.txt
writing manifest file '../../build/py_udp_sender/py_udp_sender.egg-info/SOURCES.txt'
reading manifest file '../../build/py_udp_sender/py_udp_sender.egg-info/SOURCES.txt'
adding license file 'LICENSE'
writing manifest file '../../build/py_udp_sender/py_udp_sender.egg-info/SOURCES.txt'
running build
running build_py
creating /home/umair/ros2-esp32-mobile-robot/build/py_udp_sender/build
creating /home/umair/ros2-esp32-mobile-robot/build/py_udp_sender/build/lib
creating /home/umair/ros2-esp32-mobile-robot/build/py_udp_sender/build/lib/py_udp_sender
copying py_udp_sender/py_udp_sender.py -> /home/umair/ros2-esp32-mobile-robot/build/py_udp_sender/build/lib/py_udp_sender
copying py_udp_sender/__init__.py -> /home/umair/ros2-esp32-mobile-robot/build/py_udp_sender/build/lib/py_udp_sender
running install
running install_lib
creating /home/umair/ros2-esp32-mobile-robot/install/py_udp_sender/lib/python3.10/site-packages/py_udp_sender
copying /home/umair/ros2-esp32-mobile-robot/build/py_udp_sender/build/lib/py_udp_sender/py_udp_sender.py -> /home/umair/ros2-esp32-mobile-robot/install/py_udp_sender/lib/python3.10/site-packages/py_udp_sender
copying /home/umair/ros2-esp32-mobile-robot/build/py_udp_sender/build/lib/py_udp_sender/__init__.py -> /home/umair/ros2-esp32-mobile-robot/install/py_udp_sender/lib/python3.10/site-packages/py_udp_sender
byte-compiling /home/umair/ros2-esp32-mobile-robot/install/py_udp_sender/lib/python3.10/site-packages/py_udp_sender/py_udp_sender.py to py_udp_sender.cpython-310.pyc
byte-compiling /home/umair/ros2-esp32-mobile-robot/install/py_udp_sender/lib/python3.10/site-packages/py_udp_sender/__init__.py to __init__.cpython-310.pyc
running install_data
creating /home/umair/ros2-esp32-mobile-robot/install/py_udp_sender/share/ament_index
creating /home/umair/ros2-esp32-mobile-robot/install/py_udp_sender/share/ament_index/resource_index
creating /home/umair/ros2-esp32-mobile-robot/install/py_udp_sender/share/ament_index/resource_index/packages
copying resource/py_udp_sender -> /home/umair/ros2-esp32-mobile-robot/install/py_udp_sender/share/ament_index/resource_index/packages
copying package.xml -> /home/umair/ros2-esp32-mobile-robot/install/py_udp_sender/share/py_udp_sender
running install_egg_info
Copying ../../build/py_udp_sender/py_udp_sender.egg-info to /home/umair/ros2-esp32-mobile-robot/install/py_udp_sender/lib/python3.10/site-packages/py_udp_sender-0.0.0-py3.10.egg-info
running install_scripts
Installing sender script to /home/umair/ros2-esp32-mobile-robot/install/py_udp_sender/lib/py_udp_sender
writing list of installed files to '/home/umair/ros2-esp32-mobile-robot/build/py_udp_sender/install.log'
