[1.063s] Invoking command in '/home/umair/ros2-esp32-mobile-robot/src/py_udp_communication': AMENT_PREFIX_PATH=/home/umair/ros2-esp32-mobile-robot/install/custom_interfaces:${AMENT_PREFIX_PATH} CMAKE_PREFIX_PATH=/home/umair/ros2-esp32-mobile-robot/install/custom_interfaces:${CMAKE_PREFIX_PATH} LD_LIBRARY_PATH=/home/umair/ros2-esp32-mobile-robot/install/custom_interfaces/lib:${LD_LIBRARY_PATH} PYTHONPATH=/home/umair/ros2-esp32-mobile-robot/build/py_udp_communication/prefix_override:/usr/lib/python3/dist-packages/colcon_core/task/python/colcon_distutils_commands:/home/umair/ros2-esp32-mobile-robot/install/py_udp_communication/lib/python3.10/site-packages:/home/umair/ros2-esp32-mobile-robot/install/custom_interfaces/local/lib/python3.10/dist-packages:${PYTHONPATH} /usr/bin/python3 -W ignore:setup.py install is deprecated -W ignore:easy_install command is deprecated setup.py egg_info --egg-base ../../build/py_udp_communication build --build-base /home/umair/ros2-esp32-mobile-robot/build/py_udp_communication/build install --record /home/umair/ros2-esp32-mobile-robot/build/py_udp_communication/install.log --single-version-externally-managed install_data
[1.348s] running egg_info
[1.349s] creating ../../build/py_udp_communication/py_udp_communication.egg-info
[1.350s] writing ../../build/py_udp_communication/py_udp_communication.egg-info/PKG-INFO
[1.350s] writing dependency_links to ../../build/py_udp_communication/py_udp_communication.egg-info/dependency_links.txt
[1.350s] writing entry points to ../../build/py_udp_communication/py_udp_communication.egg-info/entry_points.txt
[1.350s] writing requirements to ../../build/py_udp_communication/py_udp_communication.egg-info/requires.txt
[1.350s] writing top-level names to ../../build/py_udp_communication/py_udp_communication.egg-info/top_level.txt
[1.351s] writing manifest file '../../build/py_udp_communication/py_udp_communication.egg-info/SOURCES.txt'
[1.352s] reading manifest file '../../build/py_udp_communication/py_udp_communication.egg-info/SOURCES.txt'
[1.353s] writing manifest file '../../build/py_udp_communication/py_udp_communication.egg-info/SOURCES.txt'
[1.353s] running build
[1.353s] running build_py
[1.353s] creating /home/umair/ros2-esp32-mobile-robot/build/py_udp_communication/build
[1.353s] creating /home/umair/ros2-esp32-mobile-robot/build/py_udp_communication/build/lib
[1.353s] creating /home/umair/ros2-esp32-mobile-robot/build/py_udp_communication/build/lib/py_udp_communication
[1.353s] copying py_udp_communication/py_udp_receiver.py -> /home/umair/ros2-esp32-mobile-robot/build/py_udp_communication/build/lib/py_udp_communication
[1.353s] copying py_udp_communication/py_udp_sender.py -> /home/umair/ros2-esp32-mobile-robot/build/py_udp_communication/build/lib/py_udp_communication
[1.353s] copying py_udp_communication/__init__.py -> /home/umair/ros2-esp32-mobile-robot/build/py_udp_communication/build/lib/py_udp_communication
[1.354s] running install
[1.354s] running install_lib
[1.355s] creating /home/umair/ros2-esp32-mobile-robot/install/py_udp_communication/lib/python3.10/site-packages/py_udp_communication
[1.355s] copying /home/umair/ros2-esp32-mobile-robot/build/py_udp_communication/build/lib/py_udp_communication/py_udp_receiver.py -> /home/umair/ros2-esp32-mobile-robot/install/py_udp_communication/lib/python3.10/site-packages/py_udp_communication
[1.355s] copying /home/umair/ros2-esp32-mobile-robot/build/py_udp_communication/build/lib/py_udp_communication/py_udp_sender.py -> /home/umair/ros2-esp32-mobile-robot/install/py_udp_communication/lib/python3.10/site-packages/py_udp_communication
[1.355s] copying /home/umair/ros2-esp32-mobile-robot/build/py_udp_communication/build/lib/py_udp_communication/__init__.py -> /home/umair/ros2-esp32-mobile-robot/install/py_udp_communication/lib/python3.10/site-packages/py_udp_communication
[1.356s] byte-compiling /home/umair/ros2-esp32-mobile-robot/install/py_udp_communication/lib/python3.10/site-packages/py_udp_communication/py_udp_receiver.py to py_udp_receiver.cpython-310.pyc
[1.356s] byte-compiling /home/umair/ros2-esp32-mobile-robot/install/py_udp_communication/lib/python3.10/site-packages/py_udp_communication/py_udp_sender.py to py_udp_sender.cpython-310.pyc
[1.357s] byte-compiling /home/umair/ros2-esp32-mobile-robot/install/py_udp_communication/lib/python3.10/site-packages/py_udp_communication/__init__.py to __init__.cpython-310.pyc
[1.357s] running install_data
[1.357s] creating /home/umair/ros2-esp32-mobile-robot/install/py_udp_communication/share/ament_index
[1.357s] creating /home/umair/ros2-esp32-mobile-robot/install/py_udp_communication/share/ament_index/resource_index
[1.357s] creating /home/umair/ros2-esp32-mobile-robot/install/py_udp_communication/share/ament_index/resource_index/packages
[1.357s] copying resource/py_udp_communication -> /home/umair/ros2-esp32-mobile-robot/install/py_udp_communication/share/ament_index/resource_index/packages
[1.358s] copying package.xml -> /home/umair/ros2-esp32-mobile-robot/install/py_udp_communication/share/py_udp_communication
[1.358s] running install_egg_info
[1.359s] Copying ../../build/py_udp_communication/py_udp_communication.egg-info to /home/umair/ros2-esp32-mobile-robot/install/py_udp_communication/lib/python3.10/site-packages/py_udp_communication-0.0.0-py3.10.egg-info
[1.361s] running install_scripts
[1.383s] Installing receiver script to /home/umair/ros2-esp32-mobile-robot/install/py_udp_communication/lib/py_udp_communication
[1.384s] Installing sender script to /home/umair/ros2-esp32-mobile-robot/install/py_udp_communication/lib/py_udp_communication
[1.384s] writing list of installed files to '/home/umair/ros2-esp32-mobile-robot/build/py_udp_communication/install.log'
[1.420s] Invoked command in '/home/umair/ros2-esp32-mobile-robot/src/py_udp_communication' returned '0': AMENT_PREFIX_PATH=/home/umair/ros2-esp32-mobile-robot/install/custom_interfaces:${AMENT_PREFIX_PATH} CMAKE_PREFIX_PATH=/home/umair/ros2-esp32-mobile-robot/install/custom_interfaces:${CMAKE_PREFIX_PATH} LD_LIBRARY_PATH=/home/umair/ros2-esp32-mobile-robot/install/custom_interfaces/lib:${LD_LIBRARY_PATH} PYTHONPATH=/home/umair/ros2-esp32-mobile-robot/build/py_udp_communication/prefix_override:/usr/lib/python3/dist-packages/colcon_core/task/python/colcon_distutils_commands:/home/umair/ros2-esp32-mobile-robot/install/py_udp_communication/lib/python3.10/site-packages:/home/umair/ros2-esp32-mobile-robot/install/custom_interfaces/local/lib/python3.10/dist-packages:${PYTHONPATH} /usr/bin/python3 -W ignore:setup.py install is deprecated -W ignore:easy_install command is deprecated setup.py egg_info --egg-base ../../build/py_udp_communication build --build-base /home/umair/ros2-esp32-mobile-robot/build/py_udp_communication/build install --record /home/umair/ros2-esp32-mobile-robot/build/py_udp_communication/install.log --single-version-externally-managed install_data
