[0.015s] Invoking command in '/home/umair/ros2-esp32-mobile-robot/build/custom_interfaces': CMAKE_PREFIX_PATH=${CMAKE_PREFIX_PATH}:/home/umair/ros2-esp32-mobile-robot/install/py_udp_sender:/opt/ros/humble /usr/bin/cmake --build /home/umair/ros2-esp32-mobile-robot/build/custom_interfaces -- -j12 -l12
[0.077s] [  3%] Built target custom_interfaces__rs
[0.077s] [  6%] Built target custom_interfaces__cpp
[0.077s] [ 15%] Built target custom_interfaces__rosidl_generator_c
[0.090s] [ 15%] Built target ament_cmake_python_copy_custom_interfaces
[0.104s] [ 25%] Built target custom_interfaces__rosidl_typesupport_fastrtps_cpp
[0.104s] [ 34%] Built target custom_interfaces__rosidl_typesupport_cpp
[0.105s] [ 43%] Built target custom_interfaces__rosidl_typesupport_introspection_cpp
[0.118s] [ 62%] Built target custom_interfaces__rosidl_typesupport_introspection_c
[0.119s] [ 62%] Built target custom_interfaces__rosidl_typesupport_fastrtps_c
[0.120s] [ 71%] Built target custom_interfaces__rosidl_typesupport_c
[0.147s] [ 71%] Built target custom_interfaces
[0.173s] [ 75%] Built target custom_interfaces__py
[0.201s] [ 81%] Built target custom_interfaces__rosidl_generator_py
[0.229s] [100%] Built target custom_interfaces__rosidl_typesupport_fastrtps_c__pyext
[0.229s] [100%] Built target custom_interfaces__rosidl_typesupport_introspection_c__pyext
[0.229s] [100%] Built target custom_interfaces__rosidl_typesupport_c__pyext
[0.393s] running egg_info
[0.394s] writing custom_interfaces.egg-info/PKG-INFO
[0.394s] writing dependency_links to custom_interfaces.egg-info/dependency_links.txt
[0.394s] writing top-level names to custom_interfaces.egg-info/top_level.txt
[0.398s] reading manifest file 'custom_interfaces.egg-info/SOURCES.txt'
[0.398s] writing manifest file 'custom_interfaces.egg-info/SOURCES.txt'
[0.428s] [100%] Built target ament_cmake_python_build_custom_interfaces_egg
[0.444s] Invoked command in '/home/umair/ros2-esp32-mobile-robot/build/custom_interfaces' returned '0': CMAKE_PREFIX_PATH=${CMAKE_PREFIX_PATH}:/home/umair/ros2-esp32-mobile-robot/install/py_udp_sender:/opt/ros/humble /usr/bin/cmake --build /home/umair/ros2-esp32-mobile-robot/build/custom_interfaces -- -j12 -l12
[0.457s] Invoking command in '/home/umair/ros2-esp32-mobile-robot/build/custom_interfaces': CMAKE_PREFIX_PATH=${CMAKE_PREFIX_PATH}:/home/umair/ros2-esp32-mobile-robot/install/py_udp_sender:/opt/ros/humble /usr/bin/cmake --install /home/umair/ros2-esp32-mobile-robot/build/custom_interfaces
[0.466s] -- Install configuration: ""
[0.466s] -- Up-to-date: /home/umair/ros2-esp32-mobile-robot/install/custom_interfaces/share/ament_index/resource_index/rosidl_interfaces/custom_interfaces
[0.466s] -- Up-to-date: /home/umair/ros2-esp32-mobile-robot/install/custom_interfaces/include/custom_interfaces/custom_interfaces
[0.466s] -- Up-to-date: /home/umair/ros2-esp32-mobile-robot/install/custom_interfaces/include/custom_interfaces/custom_interfaces/msg
[0.466s] -- Up-to-date: /home/umair/ros2-esp32-mobile-robot/install/custom_interfaces/include/custom_interfaces/custom_interfaces/msg/rosidl_generator_c__visibility_control.h
[0.467s] -- Up-to-date: /home/umair/ros2-esp32-mobile-robot/install/custom_interfaces/include/custom_interfaces/custom_interfaces/msg/detail
[0.467s] -- Up-to-date: /home/umair/ros2-esp32-mobile-robot/install/custom_interfaces/include/custom_interfaces/custom_interfaces/msg/detail/encoder_data__functions.c
[0.467s] -- Up-to-date: /home/umair/ros2-esp32-mobile-robot/install/custom_interfaces/include/custom_interfaces/custom_interfaces/msg/detail/encoder_data__functions.h
[0.467s] -- Up-to-date: /home/umair/ros2-esp32-mobile-robot/install/custom_interfaces/include/custom_interfaces/custom_interfaces/msg/detail/encoder_data__struct.h
[0.467s] -- Up-to-date: /home/umair/ros2-esp32-mobile-robot/install/custom_interfaces/include/custom_interfaces/custom_interfaces/msg/detail/encoder_data__type_support.h
[0.467s] -- Up-to-date: /home/umair/ros2-esp32-mobile-robot/install/custom_interfaces/include/custom_interfaces/custom_interfaces/msg/encoder_data.h
[0.467s] -- Up-to-date: /home/umair/ros2-esp32-mobile-robot/install/custom_interfaces/share/custom_interfaces/environment/library_path.sh
[0.467s] -- Up-to-date: /home/umair/ros2-esp32-mobile-robot/install/custom_interfaces/share/custom_interfaces/environment/library_path.dsv
[0.467s] -- Up-to-date: /home/umair/ros2-esp32-mobile-robot/install/custom_interfaces/lib/libcustom_interfaces__rosidl_generator_c.so
[0.468s] -- Up-to-date: /home/umair/ros2-esp32-mobile-robot/install/custom_interfaces/include/custom_interfaces/custom_interfaces
[0.468s] -- Up-to-date: /home/umair/ros2-esp32-mobile-robot/install/custom_interfaces/include/custom_interfaces/custom_interfaces/msg
[0.468s] -- Up-to-date: /home/umair/ros2-esp32-mobile-robot/install/custom_interfaces/include/custom_interfaces/custom_interfaces/msg/detail
[0.468s] -- Up-to-date: /home/umair/ros2-esp32-mobile-robot/install/custom_interfaces/include/custom_interfaces/custom_interfaces/msg/detail/encoder_data__rosidl_typesupport_fastrtps_c.h
[0.468s] -- Up-to-date: /home/umair/ros2-esp32-mobile-robot/install/custom_interfaces/include/custom_interfaces/custom_interfaces/msg/rosidl_typesupport_fastrtps_c__visibility_control.h
[0.468s] -- Up-to-date: /home/umair/ros2-esp32-mobile-robot/install/custom_interfaces/lib/libcustom_interfaces__rosidl_typesupport_fastrtps_c.so
[0.468s] -- Up-to-date: /home/umair/ros2-esp32-mobile-robot/install/custom_interfaces/include/custom_interfaces/custom_interfaces
[0.468s] -- Up-to-date: /home/umair/ros2-esp32-mobile-robot/install/custom_interfaces/include/custom_interfaces/custom_interfaces/msg
[0.468s] -- Up-to-date: /home/umair/ros2-esp32-mobile-robot/install/custom_interfaces/include/custom_interfaces/custom_interfaces/msg/detail
[0.468s] -- Up-to-date: /home/umair/ros2-esp32-mobile-robot/install/custom_interfaces/include/custom_interfaces/custom_interfaces/msg/detail/encoder_data__type_support.c
[0.468s] -- Up-to-date: /home/umair/ros2-esp32-mobile-robot/install/custom_interfaces/include/custom_interfaces/custom_interfaces/msg/detail/encoder_data__rosidl_typesupport_introspection_c.h
[0.469s] -- Up-to-date: /home/umair/ros2-esp32-mobile-robot/install/custom_interfaces/include/custom_interfaces/custom_interfaces/msg/rosidl_typesupport_introspection_c__visibility_control.h
[0.469s] -- Up-to-date: /home/umair/ros2-esp32-mobile-robot/install/custom_interfaces/lib/libcustom_interfaces__rosidl_typesupport_introspection_c.so
[0.469s] -- Up-to-date: /home/umair/ros2-esp32-mobile-robot/install/custom_interfaces/lib/libcustom_interfaces__rosidl_typesupport_c.so
[0.469s] -- Up-to-date: /home/umair/ros2-esp32-mobile-robot/install/custom_interfaces/include/custom_interfaces/custom_interfaces
[0.469s] -- Up-to-date: /home/umair/ros2-esp32-mobile-robot/install/custom_interfaces/include/custom_interfaces/custom_interfaces/msg
[0.469s] -- Up-to-date: /home/umair/ros2-esp32-mobile-robot/install/custom_interfaces/include/custom_interfaces/custom_interfaces/msg/rosidl_generator_cpp__visibility_control.hpp
[0.469s] -- Up-to-date: /home/umair/ros2-esp32-mobile-robot/install/custom_interfaces/include/custom_interfaces/custom_interfaces/msg/detail
[0.469s] -- Up-to-date: /home/umair/ros2-esp32-mobile-robot/install/custom_interfaces/include/custom_interfaces/custom_interfaces/msg/detail/encoder_data__type_support.hpp
[0.469s] -- Up-to-date: /home/umair/ros2-esp32-mobile-robot/install/custom_interfaces/include/custom_interfaces/custom_interfaces/msg/detail/encoder_data__struct.hpp
[0.469s] -- Up-to-date: /home/umair/ros2-esp32-mobile-robot/install/custom_interfaces/include/custom_interfaces/custom_interfaces/msg/detail/encoder_data__builder.hpp
[0.470s] -- Up-to-date: /home/umair/ros2-esp32-mobile-robot/install/custom_interfaces/include/custom_interfaces/custom_interfaces/msg/detail/encoder_data__traits.hpp
[0.470s] -- Up-to-date: /home/umair/ros2-esp32-mobile-robot/install/custom_interfaces/include/custom_interfaces/custom_interfaces/msg/encoder_data.hpp
[0.470s] -- Up-to-date: /home/umair/ros2-esp32-mobile-robot/install/custom_interfaces/include/custom_interfaces/custom_interfaces
[0.470s] -- Up-to-date: /home/umair/ros2-esp32-mobile-robot/install/custom_interfaces/include/custom_interfaces/custom_interfaces/msg
[0.470s] -- Up-to-date: /home/umair/ros2-esp32-mobile-robot/install/custom_interfaces/include/custom_interfaces/custom_interfaces/msg/detail
[0.470s] -- Up-to-date: /home/umair/ros2-esp32-mobile-robot/install/custom_interfaces/include/custom_interfaces/custom_interfaces/msg/detail/encoder_data__rosidl_typesupport_fastrtps_cpp.hpp
[0.470s] -- Up-to-date: /home/umair/ros2-esp32-mobile-robot/install/custom_interfaces/include/custom_interfaces/custom_interfaces/msg/detail/dds_fastrtps
[0.470s] -- Up-to-date: /home/umair/ros2-esp32-mobile-robot/install/custom_interfaces/include/custom_interfaces/custom_interfaces/msg/rosidl_typesupport_fastrtps_cpp__visibility_control.h
[0.470s] -- Up-to-date: /home/umair/ros2-esp32-mobile-robot/install/custom_interfaces/lib/libcustom_interfaces__rosidl_typesupport_fastrtps_cpp.so
[0.471s] -- Up-to-date: /home/umair/ros2-esp32-mobile-robot/install/custom_interfaces/include/custom_interfaces/custom_interfaces
[0.471s] -- Up-to-date: /home/umair/ros2-esp32-mobile-robot/install/custom_interfaces/include/custom_interfaces/custom_interfaces/msg
[0.471s] -- Up-to-date: /home/umair/ros2-esp32-mobile-robot/install/custom_interfaces/include/custom_interfaces/custom_interfaces/msg/detail
[0.471s] -- Up-to-date: /home/umair/ros2-esp32-mobile-robot/install/custom_interfaces/include/custom_interfaces/custom_interfaces/msg/detail/encoder_data__type_support.cpp
[0.471s] -- Up-to-date: /home/umair/ros2-esp32-mobile-robot/install/custom_interfaces/include/custom_interfaces/custom_interfaces/msg/detail/encoder_data__rosidl_typesupport_introspection_cpp.hpp
[0.471s] -- Up-to-date: /home/umair/ros2-esp32-mobile-robot/install/custom_interfaces/lib/libcustom_interfaces__rosidl_typesupport_introspection_cpp.so
[0.471s] -- Up-to-date: /home/umair/ros2-esp32-mobile-robot/install/custom_interfaces/lib/libcustom_interfaces__rosidl_typesupport_cpp.so
[0.471s] -- Up-to-date: /home/umair/ros2-esp32-mobile-robot/install/custom_interfaces/share/custom_interfaces/environment/pythonpath.sh
[0.471s] -- Up-to-date: /home/umair/ros2-esp32-mobile-robot/install/custom_interfaces/share/custom_interfaces/environment/pythonpath.dsv
[0.471s] -- Up-to-date: /home/umair/ros2-esp32-mobile-robot/install/custom_interfaces/local/lib/python3.10/dist-packages/custom_interfaces-0.0.0-py3.10.egg-info
[0.471s] -- Installing: /home/umair/ros2-esp32-mobile-robot/install/custom_interfaces/local/lib/python3.10/dist-packages/custom_interfaces-0.0.0-py3.10.egg-info/top_level.txt
[0.471s] -- Installing: /home/umair/ros2-esp32-mobile-robot/install/custom_interfaces/local/lib/python3.10/dist-packages/custom_interfaces-0.0.0-py3.10.egg-info/PKG-INFO
[0.472s] -- Installing: /home/umair/ros2-esp32-mobile-robot/install/custom_interfaces/local/lib/python3.10/dist-packages/custom_interfaces-0.0.0-py3.10.egg-info/SOURCES.txt
[0.472s] -- Installing: /home/umair/ros2-esp32-mobile-robot/install/custom_interfaces/local/lib/python3.10/dist-packages/custom_interfaces-0.0.0-py3.10.egg-info/dependency_links.txt
[0.472s] -- Up-to-date: /home/umair/ros2-esp32-mobile-robot/install/custom_interfaces/local/lib/python3.10/dist-packages/custom_interfaces
[0.472s] -- Up-to-date: /home/umair/ros2-esp32-mobile-robot/install/custom_interfaces/local/lib/python3.10/dist-packages/custom_interfaces/custom_interfaces_s__rosidl_typesupport_introspection_c.cpython-310-x86_64-linux-gnu.so
[0.472s] -- Up-to-date: /home/umair/ros2-esp32-mobile-robot/install/custom_interfaces/local/lib/python3.10/dist-packages/custom_interfaces/_custom_interfaces_s.ep.rosidl_typesupport_c.c
[0.472s] -- Up-to-date: /home/umair/ros2-esp32-mobile-robot/install/custom_interfaces/local/lib/python3.10/dist-packages/custom_interfaces/libcustom_interfaces__rosidl_generator_py.so
[0.472s] -- Up-to-date: /home/umair/ros2-esp32-mobile-robot/install/custom_interfaces/local/lib/python3.10/dist-packages/custom_interfaces/_custom_interfaces_s.ep.rosidl_typesupport_fastrtps_c.c
[0.472s] -- Up-to-date: /home/umair/ros2-esp32-mobile-robot/install/custom_interfaces/local/lib/python3.10/dist-packages/custom_interfaces/custom_interfaces_s__rosidl_typesupport_fastrtps_c.cpython-310-x86_64-linux-gnu.so
[0.472s] -- Up-to-date: /home/umair/ros2-esp32-mobile-robot/install/custom_interfaces/local/lib/python3.10/dist-packages/custom_interfaces/_custom_interfaces_s.ep.rosidl_typesupport_introspection_c.c
[0.472s] -- Up-to-date: /home/umair/ros2-esp32-mobile-robot/install/custom_interfaces/local/lib/python3.10/dist-packages/custom_interfaces/__init__.py
[0.472s] -- Up-to-date: /home/umair/ros2-esp32-mobile-robot/install/custom_interfaces/local/lib/python3.10/dist-packages/custom_interfaces/custom_interfaces_s__rosidl_typesupport_c.cpython-310-x86_64-linux-gnu.so
[0.472s] -- Up-to-date: /home/umair/ros2-esp32-mobile-robot/install/custom_interfaces/local/lib/python3.10/dist-packages/custom_interfaces/msg
[0.473s] -- Up-to-date: /home/umair/ros2-esp32-mobile-robot/install/custom_interfaces/local/lib/python3.10/dist-packages/custom_interfaces/msg/_encoder_data.py
[0.473s] -- Up-to-date: /home/umair/ros2-esp32-mobile-robot/install/custom_interfaces/local/lib/python3.10/dist-packages/custom_interfaces/msg/__init__.py
[0.473s] -- Up-to-date: /home/umair/ros2-esp32-mobile-robot/install/custom_interfaces/local/lib/python3.10/dist-packages/custom_interfaces/msg/_encoder_data_s.c
[0.508s] Listing '/home/umair/ros2-esp32-mobile-robot/install/custom_interfaces/local/lib/python3.10/dist-packages/custom_interfaces'...
[0.508s] Listing '/home/umair/ros2-esp32-mobile-robot/install/custom_interfaces/local/lib/python3.10/dist-packages/custom_interfaces/msg'...
[0.512s] -- Up-to-date: /home/umair/ros2-esp32-mobile-robot/install/custom_interfaces/local/lib/python3.10/dist-packages/custom_interfaces/custom_interfaces_s__rosidl_typesupport_fastrtps_c.cpython-310-x86_64-linux-gnu.so
[0.512s] -- Up-to-date: /home/umair/ros2-esp32-mobile-robot/install/custom_interfaces/local/lib/python3.10/dist-packages/custom_interfaces/custom_interfaces_s__rosidl_typesupport_introspection_c.cpython-310-x86_64-linux-gnu.so
[0.513s] -- Up-to-date: /home/umair/ros2-esp32-mobile-robot/install/custom_interfaces/local/lib/python3.10/dist-packages/custom_interfaces/custom_interfaces_s__rosidl_typesupport_c.cpython-310-x86_64-linux-gnu.so
[0.513s] -- Up-to-date: /home/umair/ros2-esp32-mobile-robot/install/custom_interfaces/lib/libcustom_interfaces__rosidl_generator_py.so
[0.513s] -- Up-to-date: /home/umair/ros2-esp32-mobile-robot/install/custom_interfaces/share/ament_index/resource_index/rust_packages/custom_interfaces
[0.514s] -- Up-to-date: /home/umair/ros2-esp32-mobile-robot/install/custom_interfaces/share/custom_interfaces/rust
[0.514s] -- Up-to-date: /home/umair/ros2-esp32-mobile-robot/install/custom_interfaces/share/custom_interfaces/rust/Cargo.toml
[0.514s] -- Up-to-date: /home/umair/ros2-esp32-mobile-robot/install/custom_interfaces/share/custom_interfaces/rust/src
[0.514s] -- Up-to-date: /home/umair/ros2-esp32-mobile-robot/install/custom_interfaces/share/custom_interfaces/rust/src/msg.rs
[0.514s] -- Up-to-date: /home/umair/ros2-esp32-mobile-robot/install/custom_interfaces/share/custom_interfaces/rust/src/lib.rs
[0.514s] -- Up-to-date: /home/umair/ros2-esp32-mobile-robot/install/custom_interfaces/share/custom_interfaces/rust/src/msg
[0.514s] -- Up-to-date: /home/umair/ros2-esp32-mobile-robot/install/custom_interfaces/share/custom_interfaces/rust/src/msg/rmw.rs
[0.514s] -- Up-to-date: /home/umair/ros2-esp32-mobile-robot/install/custom_interfaces/share/custom_interfaces/rust/build.rs
[0.514s] -- Up-to-date: /home/umair/ros2-esp32-mobile-robot/install/custom_interfaces/share/custom_interfaces/msg/EncoderData.idl
[0.515s] -- Up-to-date: /home/umair/ros2-esp32-mobile-robot/install/custom_interfaces/share/custom_interfaces/msg/EncoderData.msg
[0.515s] -- Up-to-date: /home/umair/ros2-esp32-mobile-robot/install/custom_interfaces/share/ament_index/resource_index/package_run_dependencies/custom_interfaces
[0.515s] -- Up-to-date: /home/umair/ros2-esp32-mobile-robot/install/custom_interfaces/share/ament_index/resource_index/parent_prefix_path/custom_interfaces
[0.515s] -- Up-to-date: /home/umair/ros2-esp32-mobile-robot/install/custom_interfaces/share/custom_interfaces/environment/ament_prefix_path.sh
[0.515s] -- Up-to-date: /home/umair/ros2-esp32-mobile-robot/install/custom_interfaces/share/custom_interfaces/environment/ament_prefix_path.dsv
[0.515s] -- Up-to-date: /home/umair/ros2-esp32-mobile-robot/install/custom_interfaces/share/custom_interfaces/environment/path.sh
[0.515s] -- Up-to-date: /home/umair/ros2-esp32-mobile-robot/install/custom_interfaces/share/custom_interfaces/environment/path.dsv
[0.515s] -- Up-to-date: /home/umair/ros2-esp32-mobile-robot/install/custom_interfaces/share/custom_interfaces/local_setup.bash
[0.515s] -- Up-to-date: /home/umair/ros2-esp32-mobile-robot/install/custom_interfaces/share/custom_interfaces/local_setup.sh
[0.515s] -- Up-to-date: /home/umair/ros2-esp32-mobile-robot/install/custom_interfaces/share/custom_interfaces/local_setup.zsh
[0.515s] -- Up-to-date: /home/umair/ros2-esp32-mobile-robot/install/custom_interfaces/share/custom_interfaces/local_setup.dsv
[0.515s] -- Installing: /home/umair/ros2-esp32-mobile-robot/install/custom_interfaces/share/custom_interfaces/package.dsv
[0.516s] -- Up-to-date: /home/umair/ros2-esp32-mobile-robot/install/custom_interfaces/share/ament_index/resource_index/packages/custom_interfaces
[0.516s] -- Up-to-date: /home/umair/ros2-esp32-mobile-robot/install/custom_interfaces/share/custom_interfaces/cmake/export_custom_interfaces__rosidl_generator_cExport.cmake
[0.516s] -- Up-to-date: /home/umair/ros2-esp32-mobile-robot/install/custom_interfaces/share/custom_interfaces/cmake/export_custom_interfaces__rosidl_generator_cExport-noconfig.cmake
[0.516s] -- Up-to-date: /home/umair/ros2-esp32-mobile-robot/install/custom_interfaces/share/custom_interfaces/cmake/export_custom_interfaces__rosidl_typesupport_fastrtps_cExport.cmake
[0.516s] -- Up-to-date: /home/umair/ros2-esp32-mobile-robot/install/custom_interfaces/share/custom_interfaces/cmake/export_custom_interfaces__rosidl_typesupport_fastrtps_cExport-noconfig.cmake
[0.516s] -- Up-to-date: /home/umair/ros2-esp32-mobile-robot/install/custom_interfaces/share/custom_interfaces/cmake/custom_interfaces__rosidl_typesupport_introspection_cExport.cmake
[0.516s] -- Up-to-date: /home/umair/ros2-esp32-mobile-robot/install/custom_interfaces/share/custom_interfaces/cmake/custom_interfaces__rosidl_typesupport_introspection_cExport-noconfig.cmake
[0.516s] -- Up-to-date: /home/umair/ros2-esp32-mobile-robot/install/custom_interfaces/share/custom_interfaces/cmake/custom_interfaces__rosidl_typesupport_cExport.cmake
[0.516s] -- Up-to-date: /home/umair/ros2-esp32-mobile-robot/install/custom_interfaces/share/custom_interfaces/cmake/custom_interfaces__rosidl_typesupport_cExport-noconfig.cmake
[0.516s] -- Up-to-date: /home/umair/ros2-esp32-mobile-robot/install/custom_interfaces/share/custom_interfaces/cmake/export_custom_interfaces__rosidl_generator_cppExport.cmake
[0.516s] -- Up-to-date: /home/umair/ros2-esp32-mobile-robot/install/custom_interfaces/share/custom_interfaces/cmake/export_custom_interfaces__rosidl_typesupport_fastrtps_cppExport.cmake
[0.517s] -- Up-to-date: /home/umair/ros2-esp32-mobile-robot/install/custom_interfaces/share/custom_interfaces/cmake/export_custom_interfaces__rosidl_typesupport_fastrtps_cppExport-noconfig.cmake
[0.517s] -- Up-to-date: /home/umair/ros2-esp32-mobile-robot/install/custom_interfaces/share/custom_interfaces/cmake/custom_interfaces__rosidl_typesupport_introspection_cppExport.cmake
[0.517s] -- Up-to-date: /home/umair/ros2-esp32-mobile-robot/install/custom_interfaces/share/custom_interfaces/cmake/custom_interfaces__rosidl_typesupport_introspection_cppExport-noconfig.cmake
[0.517s] -- Up-to-date: /home/umair/ros2-esp32-mobile-robot/install/custom_interfaces/share/custom_interfaces/cmake/custom_interfaces__rosidl_typesupport_cppExport.cmake
[0.517s] -- Up-to-date: /home/umair/ros2-esp32-mobile-robot/install/custom_interfaces/share/custom_interfaces/cmake/custom_interfaces__rosidl_typesupport_cppExport-noconfig.cmake
[0.517s] -- Up-to-date: /home/umair/ros2-esp32-mobile-robot/install/custom_interfaces/share/custom_interfaces/cmake/export_custom_interfaces__rosidl_generator_pyExport.cmake
[0.517s] -- Up-to-date: /home/umair/ros2-esp32-mobile-robot/install/custom_interfaces/share/custom_interfaces/cmake/export_custom_interfaces__rosidl_generator_pyExport-noconfig.cmake
[0.517s] -- Up-to-date: /home/umair/ros2-esp32-mobile-robot/install/custom_interfaces/share/custom_interfaces/cmake/rosidl_cmake-extras.cmake
[0.517s] -- Up-to-date: /home/umair/ros2-esp32-mobile-robot/install/custom_interfaces/share/custom_interfaces/cmake/ament_cmake_export_include_directories-extras.cmake
[0.517s] -- Up-to-date: /home/umair/ros2-esp32-mobile-robot/install/custom_interfaces/share/custom_interfaces/cmake/ament_cmake_export_libraries-extras.cmake
[0.517s] -- Up-to-date: /home/umair/ros2-esp32-mobile-robot/install/custom_interfaces/share/custom_interfaces/cmake/ament_cmake_export_targets-extras.cmake
[0.517s] -- Up-to-date: /home/umair/ros2-esp32-mobile-robot/install/custom_interfaces/share/custom_interfaces/cmake/rosidl_cmake_export_typesupport_targets-extras.cmake
[0.517s] -- Up-to-date: /home/umair/ros2-esp32-mobile-robot/install/custom_interfaces/share/custom_interfaces/cmake/ament_cmake_export_dependencies-extras.cmake
[0.517s] -- Up-to-date: /home/umair/ros2-esp32-mobile-robot/install/custom_interfaces/share/custom_interfaces/cmake/rosidl_cmake_export_typesupport_libraries-extras.cmake
[0.517s] -- Up-to-date: /home/umair/ros2-esp32-mobile-robot/install/custom_interfaces/share/custom_interfaces/cmake/custom_interfacesConfig.cmake
[0.518s] -- Up-to-date: /home/umair/ros2-esp32-mobile-robot/install/custom_interfaces/share/custom_interfaces/cmake/custom_interfacesConfig-version.cmake
[0.518s] -- Up-to-date: /home/umair/ros2-esp32-mobile-robot/install/custom_interfaces/share/custom_interfaces/package.xml
[0.520s] Invoked command in '/home/umair/ros2-esp32-mobile-robot/build/custom_interfaces' returned '0': CMAKE_PREFIX_PATH=${CMAKE_PREFIX_PATH}:/home/umair/ros2-esp32-mobile-robot/install/py_udp_sender:/opt/ros/humble /usr/bin/cmake --install /home/umair/ros2-esp32-mobile-robot/build/custom_interfaces
