[0.013s] Invoking command in '/home/umair/ros2-esp32-mobile-robot/build/custom_interfaces': CMAKE_PREFIX_PATH=${CMAKE_PREFIX_PATH}:/home/umair/ros2-esp32-mobile-robot/src/install/py_udp_sender:/home/umair/ros2-esp32-mobile-robot/src/install/pu_udp_communication:/opt/ros/humble /usr/bin/cmake --build /home/umair/ros2-esp32-mobile-robot/build/custom_interfaces -- -j12 -l12
[0.075s] [  9%] Built target custom_interfaces__rs
[0.075s] [ 12%] Built target custom_interfaces__cpp
[0.075s] [ 15%] Built target custom_interfaces__rosidl_generator_c
[0.088s] [ 15%] Built target ament_cmake_python_copy_custom_interfaces
[0.102s] [ 25%] Built target custom_interfaces__rosidl_typesupport_introspection_c
[0.102s] [ 34%] Built target custom_interfaces__rosidl_typesupport_fastrtps_c
[0.102s] [ 43%] Built target custom_interfaces__rosidl_typesupport_cpp
[0.103s] [ 53%] Built target custom_interfaces__rosidl_typesupport_c
[0.104s] [ 62%] Built target custom_interfaces__rosidl_typesupport_fastrtps_cpp
[0.105s] [ 71%] Built target custom_interfaces__rosidl_typesupport_introspection_cpp
[0.131s] [ 71%] Built target custom_interfaces
[0.158s] [ 75%] Built target custom_interfaces__py
[0.186s] [ 81%] Built target custom_interfaces__rosidl_generator_py
[0.214s] [ 93%] Built target custom_interfaces__rosidl_typesupport_fastrtps_c__pyext
[0.214s] [ 93%] Built target custom_interfaces__rosidl_typesupport_c__pyext
[0.216s] [100%] Built target custom_interfaces__rosidl_typesupport_introspection_c__pyext
[0.419s] running egg_info
[0.419s] writing custom_interfaces.egg-info/PKG-INFO
[0.420s] writing dependency_links to custom_interfaces.egg-info/dependency_links.txt
[0.420s] writing top-level names to custom_interfaces.egg-info/top_level.txt
[0.423s] reading manifest file 'custom_interfaces.egg-info/SOURCES.txt'
[0.424s] writing manifest file 'custom_interfaces.egg-info/SOURCES.txt'
[0.455s] [100%] Built target ament_cmake_python_build_custom_interfaces_egg
[0.471s] Invoked command in '/home/umair/ros2-esp32-mobile-robot/build/custom_interfaces' returned '0': CMAKE_PREFIX_PATH=${CMAKE_PREFIX_PATH}:/home/umair/ros2-esp32-mobile-robot/src/install/py_udp_sender:/home/umair/ros2-esp32-mobile-robot/src/install/pu_udp_communication:/opt/ros/humble /usr/bin/cmake --build /home/umair/ros2-esp32-mobile-robot/build/custom_interfaces -- -j12 -l12
[0.483s] Invoking command in '/home/umair/ros2-esp32-mobile-robot/build/custom_interfaces': CMAKE_PREFIX_PATH=${CMAKE_PREFIX_PATH}:/home/umair/ros2-esp32-mobile-robot/src/install/py_udp_sender:/home/umair/ros2-esp32-mobile-robot/src/install/pu_udp_communication:/opt/ros/humble /usr/bin/cmake --install /home/umair/ros2-esp32-mobile-robot/build/custom_interfaces
[0.493s] -- Install configuration: ""
[0.494s] -- Up-to-date: /home/umair/ros2-esp32-mobile-robot/install/custom_interfaces/share/ament_index/resource_index/rosidl_interfaces/custom_interfaces
[0.494s] -- Up-to-date: /home/umair/ros2-esp32-mobile-robot/install/custom_interfaces/include/custom_interfaces/custom_interfaces
[0.494s] -- Up-to-date: /home/umair/ros2-esp32-mobile-robot/install/custom_interfaces/include/custom_interfaces/custom_interfaces/msg
[0.494s] -- Up-to-date: /home/umair/ros2-esp32-mobile-robot/install/custom_interfaces/include/custom_interfaces/custom_interfaces/msg/rosidl_generator_c__visibility_control.h
[0.494s] -- Up-to-date: /home/umair/ros2-esp32-mobile-robot/install/custom_interfaces/include/custom_interfaces/custom_interfaces/msg/detail
[0.494s] -- Up-to-date: /home/umair/ros2-esp32-mobile-robot/install/custom_interfaces/include/custom_interfaces/custom_interfaces/msg/detail/encoder_data__functions.c
[0.494s] -- Up-to-date: /home/umair/ros2-esp32-mobile-robot/install/custom_interfaces/include/custom_interfaces/custom_interfaces/msg/detail/encoder_data__functions.h
[0.494s] -- Up-to-date: /home/umair/ros2-esp32-mobile-robot/install/custom_interfaces/include/custom_interfaces/custom_interfaces/msg/detail/encoder_data__struct.h
[0.494s] -- Up-to-date: /home/umair/ros2-esp32-mobile-robot/install/custom_interfaces/include/custom_interfaces/custom_interfaces/msg/detail/encoder_data__type_support.h
[0.495s] -- Up-to-date: /home/umair/ros2-esp32-mobile-robot/install/custom_interfaces/include/custom_interfaces/custom_interfaces/msg/encoder_data.h
[0.495s] -- Up-to-date: /home/umair/ros2-esp32-mobile-robot/install/custom_interfaces/share/custom_interfaces/environment/library_path.sh
[0.495s] -- Up-to-date: /home/umair/ros2-esp32-mobile-robot/install/custom_interfaces/share/custom_interfaces/environment/library_path.dsv
[0.495s] -- Up-to-date: /home/umair/ros2-esp32-mobile-robot/install/custom_interfaces/lib/libcustom_interfaces__rosidl_generator_c.so
[0.495s] -- Up-to-date: /home/umair/ros2-esp32-mobile-robot/install/custom_interfaces/include/custom_interfaces/custom_interfaces
[0.495s] -- Up-to-date: /home/umair/ros2-esp32-mobile-robot/install/custom_interfaces/include/custom_interfaces/custom_interfaces/msg
[0.495s] -- Up-to-date: /home/umair/ros2-esp32-mobile-robot/install/custom_interfaces/include/custom_interfaces/custom_interfaces/msg/detail
[0.495s] -- Up-to-date: /home/umair/ros2-esp32-mobile-robot/install/custom_interfaces/include/custom_interfaces/custom_interfaces/msg/detail/encoder_data__rosidl_typesupport_fastrtps_c.h
[0.495s] -- Up-to-date: /home/umair/ros2-esp32-mobile-robot/install/custom_interfaces/include/custom_interfaces/custom_interfaces/msg/rosidl_typesupport_fastrtps_c__visibility_control.h
[0.495s] -- Up-to-date: /home/umair/ros2-esp32-mobile-robot/install/custom_interfaces/lib/libcustom_interfaces__rosidl_typesupport_fastrtps_c.so
[0.496s] -- Up-to-date: /home/umair/ros2-esp32-mobile-robot/install/custom_interfaces/include/custom_interfaces/custom_interfaces
[0.496s] -- Up-to-date: /home/umair/ros2-esp32-mobile-robot/install/custom_interfaces/include/custom_interfaces/custom_interfaces/msg
[0.496s] -- Up-to-date: /home/umair/ros2-esp32-mobile-robot/install/custom_interfaces/include/custom_interfaces/custom_interfaces/msg/detail
[0.496s] -- Up-to-date: /home/umair/ros2-esp32-mobile-robot/install/custom_interfaces/include/custom_interfaces/custom_interfaces/msg/detail/encoder_data__type_support.c
[0.496s] -- Up-to-date: /home/umair/ros2-esp32-mobile-robot/install/custom_interfaces/include/custom_interfaces/custom_interfaces/msg/detail/encoder_data__rosidl_typesupport_introspection_c.h
[0.496s] -- Up-to-date: /home/umair/ros2-esp32-mobile-robot/install/custom_interfaces/include/custom_interfaces/custom_interfaces/msg/rosidl_typesupport_introspection_c__visibility_control.h
[0.496s] -- Up-to-date: /home/umair/ros2-esp32-mobile-robot/install/custom_interfaces/lib/libcustom_interfaces__rosidl_typesupport_introspection_c.so
[0.496s] -- Up-to-date: /home/umair/ros2-esp32-mobile-robot/install/custom_interfaces/lib/libcustom_interfaces__rosidl_typesupport_c.so
[0.496s] -- Up-to-date: /home/umair/ros2-esp32-mobile-robot/install/custom_interfaces/include/custom_interfaces/custom_interfaces
[0.496s] -- Up-to-date: /home/umair/ros2-esp32-mobile-robot/install/custom_interfaces/include/custom_interfaces/custom_interfaces/msg
[0.496s] -- Up-to-date: /home/umair/ros2-esp32-mobile-robot/install/custom_interfaces/include/custom_interfaces/custom_interfaces/msg/rosidl_generator_cpp__visibility_control.hpp
[0.496s] -- Up-to-date: /home/umair/ros2-esp32-mobile-robot/install/custom_interfaces/include/custom_interfaces/custom_interfaces/msg/detail
[0.496s] -- Up-to-date: /home/umair/ros2-esp32-mobile-robot/install/custom_interfaces/include/custom_interfaces/custom_interfaces/msg/detail/encoder_data__type_support.hpp
[0.496s] -- Up-to-date: /home/umair/ros2-esp32-mobile-robot/install/custom_interfaces/include/custom_interfaces/custom_interfaces/msg/detail/encoder_data__struct.hpp
[0.497s] -- Up-to-date: /home/umair/ros2-esp32-mobile-robot/install/custom_interfaces/include/custom_interfaces/custom_interfaces/msg/detail/encoder_data__builder.hpp
[0.497s] -- Up-to-date: /home/umair/ros2-esp32-mobile-robot/install/custom_interfaces/include/custom_interfaces/custom_interfaces/msg/detail/encoder_data__traits.hpp
[0.497s] -- Up-to-date: /home/umair/ros2-esp32-mobile-robot/install/custom_interfaces/include/custom_interfaces/custom_interfaces/msg/encoder_data.hpp
[0.497s] -- Up-to-date: /home/umair/ros2-esp32-mobile-robot/install/custom_interfaces/include/custom_interfaces/custom_interfaces
[0.497s] -- Up-to-date: /home/umair/ros2-esp32-mobile-robot/install/custom_interfaces/include/custom_interfaces/custom_interfaces/msg
[0.497s] -- Up-to-date: /home/umair/ros2-esp32-mobile-robot/install/custom_interfaces/include/custom_interfaces/custom_interfaces/msg/detail
[0.497s] -- Up-to-date: /home/umair/ros2-esp32-mobile-robot/install/custom_interfaces/include/custom_interfaces/custom_interfaces/msg/detail/encoder_data__rosidl_typesupport_fastrtps_cpp.hpp
[0.497s] -- Up-to-date: /home/umair/ros2-esp32-mobile-robot/install/custom_interfaces/include/custom_interfaces/custom_interfaces/msg/detail/dds_fastrtps
[0.497s] -- Up-to-date: /home/umair/ros2-esp32-mobile-robot/install/custom_interfaces/include/custom_interfaces/custom_interfaces/msg/rosidl_typesupport_fastrtps_cpp__visibility_control.h
[0.497s] -- Up-to-date: /home/umair/ros2-esp32-mobile-robot/install/custom_interfaces/lib/libcustom_interfaces__rosidl_typesupport_fastrtps_cpp.so
[0.497s] -- Up-to-date: /home/umair/ros2-esp32-mobile-robot/install/custom_interfaces/include/custom_interfaces/custom_interfaces
[0.497s] -- Up-to-date: /home/umair/ros2-esp32-mobile-robot/install/custom_interfaces/include/custom_interfaces/custom_interfaces/msg
[0.497s] -- Up-to-date: /home/umair/ros2-esp32-mobile-robot/install/custom_interfaces/include/custom_interfaces/custom_interfaces/msg/detail
[0.497s] -- Up-to-date: /home/umair/ros2-esp32-mobile-robot/install/custom_interfaces/include/custom_interfaces/custom_interfaces/msg/detail/encoder_data__type_support.cpp
[0.497s] -- Up-to-date: /home/umair/ros2-esp32-mobile-robot/install/custom_interfaces/include/custom_interfaces/custom_interfaces/msg/detail/encoder_data__rosidl_typesupport_introspection_cpp.hpp
[0.498s] -- Up-to-date: /home/umair/ros2-esp32-mobile-robot/install/custom_interfaces/lib/libcustom_interfaces__rosidl_typesupport_introspection_cpp.so
[0.498s] -- Up-to-date: /home/umair/ros2-esp32-mobile-robot/install/custom_interfaces/lib/libcustom_interfaces__rosidl_typesupport_cpp.so
[0.498s] -- Up-to-date: /home/umair/ros2-esp32-mobile-robot/install/custom_interfaces/share/custom_interfaces/environment/pythonpath.sh
[0.498s] -- Up-to-date: /home/umair/ros2-esp32-mobile-robot/install/custom_interfaces/share/custom_interfaces/environment/pythonpath.dsv
[0.498s] -- Up-to-date: /home/umair/ros2-esp32-mobile-robot/install/custom_interfaces/local/lib/python3.10/dist-packages/custom_interfaces-0.0.0-py3.10.egg-info
[0.498s] -- Installing: /home/umair/ros2-esp32-mobile-robot/install/custom_interfaces/local/lib/python3.10/dist-packages/custom_interfaces-0.0.0-py3.10.egg-info/top_level.txt
[0.498s] -- Installing: /home/umair/ros2-esp32-mobile-robot/install/custom_interfaces/local/lib/python3.10/dist-packages/custom_interfaces-0.0.0-py3.10.egg-info/PKG-INFO
[0.498s] -- Installing: /home/umair/ros2-esp32-mobile-robot/install/custom_interfaces/local/lib/python3.10/dist-packages/custom_interfaces-0.0.0-py3.10.egg-info/SOURCES.txt
[0.498s] -- Installing: /home/umair/ros2-esp32-mobile-robot/install/custom_interfaces/local/lib/python3.10/dist-packages/custom_interfaces-0.0.0-py3.10.egg-info/dependency_links.txt
[0.499s] -- Up-to-date: /home/umair/ros2-esp32-mobile-robot/install/custom_interfaces/local/lib/python3.10/dist-packages/custom_interfaces
[0.499s] -- Up-to-date: /home/umair/ros2-esp32-mobile-robot/install/custom_interfaces/local/lib/python3.10/dist-packages/custom_interfaces/custom_interfaces_s__rosidl_typesupport_introspection_c.cpython-310-x86_64-linux-gnu.so
[0.499s] -- Up-to-date: /home/umair/ros2-esp32-mobile-robot/install/custom_interfaces/local/lib/python3.10/dist-packages/custom_interfaces/_custom_interfaces_s.ep.rosidl_typesupport_c.c
[0.499s] -- Up-to-date: /home/umair/ros2-esp32-mobile-robot/install/custom_interfaces/local/lib/python3.10/dist-packages/custom_interfaces/libcustom_interfaces__rosidl_generator_py.so
[0.499s] -- Up-to-date: /home/umair/ros2-esp32-mobile-robot/install/custom_interfaces/local/lib/python3.10/dist-packages/custom_interfaces/_custom_interfaces_s.ep.rosidl_typesupport_fastrtps_c.c
[0.499s] -- Up-to-date: /home/umair/ros2-esp32-mobile-robot/install/custom_interfaces/local/lib/python3.10/dist-packages/custom_interfaces/custom_interfaces_s__rosidl_typesupport_fastrtps_c.cpython-310-x86_64-linux-gnu.so
[0.499s] -- Up-to-date: /home/umair/ros2-esp32-mobile-robot/install/custom_interfaces/local/lib/python3.10/dist-packages/custom_interfaces/_custom_interfaces_s.ep.rosidl_typesupport_introspection_c.c
[0.499s] -- Up-to-date: /home/umair/ros2-esp32-mobile-robot/install/custom_interfaces/local/lib/python3.10/dist-packages/custom_interfaces/__init__.py
[0.500s] -- Up-to-date: /home/umair/ros2-esp32-mobile-robot/install/custom_interfaces/local/lib/python3.10/dist-packages/custom_interfaces/custom_interfaces_s__rosidl_typesupport_c.cpython-310-x86_64-linux-gnu.so
[0.500s] -- Up-to-date: /home/umair/ros2-esp32-mobile-robot/install/custom_interfaces/local/lib/python3.10/dist-packages/custom_interfaces/msg
[0.500s] -- Up-to-date: /home/umair/ros2-esp32-mobile-robot/install/custom_interfaces/local/lib/python3.10/dist-packages/custom_interfaces/msg/_encoder_data.py
[0.500s] -- Up-to-date: /home/umair/ros2-esp32-mobile-robot/install/custom_interfaces/local/lib/python3.10/dist-packages/custom_interfaces/msg/__init__.py
[0.500s] -- Up-to-date: /home/umair/ros2-esp32-mobile-robot/install/custom_interfaces/local/lib/python3.10/dist-packages/custom_interfaces/msg/_encoder_data_s.c
[0.534s] Listing '/home/umair/ros2-esp32-mobile-robot/install/custom_interfaces/local/lib/python3.10/dist-packages/custom_interfaces'...
[0.534s] Listing '/home/umair/ros2-esp32-mobile-robot/install/custom_interfaces/local/lib/python3.10/dist-packages/custom_interfaces/msg'...
[0.539s] -- Up-to-date: /home/umair/ros2-esp32-mobile-robot/install/custom_interfaces/local/lib/python3.10/dist-packages/custom_interfaces/custom_interfaces_s__rosidl_typesupport_fastrtps_c.cpython-310-x86_64-linux-gnu.so
[0.539s] -- Up-to-date: /home/umair/ros2-esp32-mobile-robot/install/custom_interfaces/local/lib/python3.10/dist-packages/custom_interfaces/custom_interfaces_s__rosidl_typesupport_introspection_c.cpython-310-x86_64-linux-gnu.so
[0.539s] -- Up-to-date: /home/umair/ros2-esp32-mobile-robot/install/custom_interfaces/local/lib/python3.10/dist-packages/custom_interfaces/custom_interfaces_s__rosidl_typesupport_c.cpython-310-x86_64-linux-gnu.so
[0.539s] -- Up-to-date: /home/umair/ros2-esp32-mobile-robot/install/custom_interfaces/lib/libcustom_interfaces__rosidl_generator_py.so
[0.540s] -- Up-to-date: /home/umair/ros2-esp32-mobile-robot/install/custom_interfaces/share/ament_index/resource_index/rust_packages/custom_interfaces
[0.540s] -- Up-to-date: /home/umair/ros2-esp32-mobile-robot/install/custom_interfaces/share/custom_interfaces/rust
[0.540s] -- Up-to-date: /home/umair/ros2-esp32-mobile-robot/install/custom_interfaces/share/custom_interfaces/rust/Cargo.toml
[0.540s] -- Up-to-date: /home/umair/ros2-esp32-mobile-robot/install/custom_interfaces/share/custom_interfaces/rust/src
[0.540s] -- Up-to-date: /home/umair/ros2-esp32-mobile-robot/install/custom_interfaces/share/custom_interfaces/rust/src/msg.rs
[0.540s] -- Up-to-date: /home/umair/ros2-esp32-mobile-robot/install/custom_interfaces/share/custom_interfaces/rust/src/lib.rs
[0.540s] -- Up-to-date: /home/umair/ros2-esp32-mobile-robot/install/custom_interfaces/share/custom_interfaces/rust/src/msg
[0.540s] -- Up-to-date: /home/umair/ros2-esp32-mobile-robot/install/custom_interfaces/share/custom_interfaces/rust/src/msg/rmw.rs
[0.540s] -- Up-to-date: /home/umair/ros2-esp32-mobile-robot/install/custom_interfaces/share/custom_interfaces/rust/build.rs
[0.541s] -- Up-to-date: /home/umair/ros2-esp32-mobile-robot/install/custom_interfaces/share/custom_interfaces/msg/EncoderData.idl
[0.541s] -- Up-to-date: /home/umair/ros2-esp32-mobile-robot/install/custom_interfaces/share/custom_interfaces/msg/EncoderData.msg
[0.541s] -- Up-to-date: /home/umair/ros2-esp32-mobile-robot/install/custom_interfaces/share/ament_index/resource_index/package_run_dependencies/custom_interfaces
[0.541s] -- Up-to-date: /home/umair/ros2-esp32-mobile-robot/install/custom_interfaces/share/ament_index/resource_index/parent_prefix_path/custom_interfaces
[0.541s] -- Up-to-date: /home/umair/ros2-esp32-mobile-robot/install/custom_interfaces/share/custom_interfaces/environment/ament_prefix_path.sh
[0.541s] -- Up-to-date: /home/umair/ros2-esp32-mobile-robot/install/custom_interfaces/share/custom_interfaces/environment/ament_prefix_path.dsv
[0.541s] -- Up-to-date: /home/umair/ros2-esp32-mobile-robot/install/custom_interfaces/share/custom_interfaces/environment/path.sh
[0.541s] -- Up-to-date: /home/umair/ros2-esp32-mobile-robot/install/custom_interfaces/share/custom_interfaces/environment/path.dsv
[0.541s] -- Up-to-date: /home/umair/ros2-esp32-mobile-robot/install/custom_interfaces/share/custom_interfaces/local_setup.bash
[0.541s] -- Up-to-date: /home/umair/ros2-esp32-mobile-robot/install/custom_interfaces/share/custom_interfaces/local_setup.sh
[0.541s] -- Up-to-date: /home/umair/ros2-esp32-mobile-robot/install/custom_interfaces/share/custom_interfaces/local_setup.zsh
[0.541s] -- Up-to-date: /home/umair/ros2-esp32-mobile-robot/install/custom_interfaces/share/custom_interfaces/local_setup.dsv
[0.541s] -- Installing: /home/umair/ros2-esp32-mobile-robot/install/custom_interfaces/share/custom_interfaces/package.dsv
[0.542s] -- Up-to-date: /home/umair/ros2-esp32-mobile-robot/install/custom_interfaces/share/ament_index/resource_index/packages/custom_interfaces
[0.542s] -- Up-to-date: /home/umair/ros2-esp32-mobile-robot/install/custom_interfaces/share/custom_interfaces/cmake/export_custom_interfaces__rosidl_generator_cExport.cmake
[0.542s] -- Up-to-date: /home/umair/ros2-esp32-mobile-robot/install/custom_interfaces/share/custom_interfaces/cmake/export_custom_interfaces__rosidl_generator_cExport-noconfig.cmake
[0.542s] -- Up-to-date: /home/umair/ros2-esp32-mobile-robot/install/custom_interfaces/share/custom_interfaces/cmake/export_custom_interfaces__rosidl_typesupport_fastrtps_cExport.cmake
[0.542s] -- Up-to-date: /home/umair/ros2-esp32-mobile-robot/install/custom_interfaces/share/custom_interfaces/cmake/export_custom_interfaces__rosidl_typesupport_fastrtps_cExport-noconfig.cmake
[0.542s] -- Up-to-date: /home/umair/ros2-esp32-mobile-robot/install/custom_interfaces/share/custom_interfaces/cmake/custom_interfaces__rosidl_typesupport_introspection_cExport.cmake
[0.542s] -- Up-to-date: /home/umair/ros2-esp32-mobile-robot/install/custom_interfaces/share/custom_interfaces/cmake/custom_interfaces__rosidl_typesupport_introspection_cExport-noconfig.cmake
[0.542s] -- Up-to-date: /home/umair/ros2-esp32-mobile-robot/install/custom_interfaces/share/custom_interfaces/cmake/custom_interfaces__rosidl_typesupport_cExport.cmake
[0.542s] -- Up-to-date: /home/umair/ros2-esp32-mobile-robot/install/custom_interfaces/share/custom_interfaces/cmake/custom_interfaces__rosidl_typesupport_cExport-noconfig.cmake
[0.542s] -- Up-to-date: /home/umair/ros2-esp32-mobile-robot/install/custom_interfaces/share/custom_interfaces/cmake/export_custom_interfaces__rosidl_generator_cppExport.cmake
[0.542s] -- Up-to-date: /home/umair/ros2-esp32-mobile-robot/install/custom_interfaces/share/custom_interfaces/cmake/export_custom_interfaces__rosidl_typesupport_fastrtps_cppExport.cmake
[0.542s] -- Up-to-date: /home/umair/ros2-esp32-mobile-robot/install/custom_interfaces/share/custom_interfaces/cmake/export_custom_interfaces__rosidl_typesupport_fastrtps_cppExport-noconfig.cmake
[0.542s] -- Up-to-date: /home/umair/ros2-esp32-mobile-robot/install/custom_interfaces/share/custom_interfaces/cmake/custom_interfaces__rosidl_typesupport_introspection_cppExport.cmake
[0.543s] -- Up-to-date: /home/umair/ros2-esp32-mobile-robot/install/custom_interfaces/share/custom_interfaces/cmake/custom_interfaces__rosidl_typesupport_introspection_cppExport-noconfig.cmake
[0.543s] -- Up-to-date: /home/umair/ros2-esp32-mobile-robot/install/custom_interfaces/share/custom_interfaces/cmake/custom_interfaces__rosidl_typesupport_cppExport.cmake
[0.543s] -- Up-to-date: /home/umair/ros2-esp32-mobile-robot/install/custom_interfaces/share/custom_interfaces/cmake/custom_interfaces__rosidl_typesupport_cppExport-noconfig.cmake
[0.543s] -- Up-to-date: /home/umair/ros2-esp32-mobile-robot/install/custom_interfaces/share/custom_interfaces/cmake/export_custom_interfaces__rosidl_generator_pyExport.cmake
[0.543s] -- Up-to-date: /home/umair/ros2-esp32-mobile-robot/install/custom_interfaces/share/custom_interfaces/cmake/export_custom_interfaces__rosidl_generator_pyExport-noconfig.cmake
[0.543s] -- Up-to-date: /home/umair/ros2-esp32-mobile-robot/install/custom_interfaces/share/custom_interfaces/cmake/rosidl_cmake-extras.cmake
[0.543s] -- Up-to-date: /home/umair/ros2-esp32-mobile-robot/install/custom_interfaces/share/custom_interfaces/cmake/ament_cmake_export_include_directories-extras.cmake
[0.543s] -- Up-to-date: /home/umair/ros2-esp32-mobile-robot/install/custom_interfaces/share/custom_interfaces/cmake/ament_cmake_export_libraries-extras.cmake
[0.543s] -- Up-to-date: /home/umair/ros2-esp32-mobile-robot/install/custom_interfaces/share/custom_interfaces/cmake/ament_cmake_export_targets-extras.cmake
[0.543s] -- Up-to-date: /home/umair/ros2-esp32-mobile-robot/install/custom_interfaces/share/custom_interfaces/cmake/rosidl_cmake_export_typesupport_targets-extras.cmake
[0.543s] -- Up-to-date: /home/umair/ros2-esp32-mobile-robot/install/custom_interfaces/share/custom_interfaces/cmake/ament_cmake_export_dependencies-extras.cmake
[0.543s] -- Up-to-date: /home/umair/ros2-esp32-mobile-robot/install/custom_interfaces/share/custom_interfaces/cmake/rosidl_cmake_export_typesupport_libraries-extras.cmake
[0.543s] -- Up-to-date: /home/umair/ros2-esp32-mobile-robot/install/custom_interfaces/share/custom_interfaces/cmake/custom_interfacesConfig.cmake
[0.543s] -- Up-to-date: /home/umair/ros2-esp32-mobile-robot/install/custom_interfaces/share/custom_interfaces/cmake/custom_interfacesConfig-version.cmake
[0.544s] -- Up-to-date: /home/umair/ros2-esp32-mobile-robot/install/custom_interfaces/share/custom_interfaces/package.xml
[0.547s] Invoked command in '/home/umair/ros2-esp32-mobile-robot/build/custom_interfaces' returned '0': CMAKE_PREFIX_PATH=${CMAKE_PREFIX_PATH}:/home/umair/ros2-esp32-mobile-robot/src/install/py_udp_sender:/home/umair/ros2-esp32-mobile-robot/src/install/pu_udp_communication:/opt/ros/humble /usr/bin/cmake --install /home/umair/ros2-esp32-mobile-robot/build/custom_interfaces
